[2021-08-31 07:43:10][debug] 

call back:{"appid":"wx68e97424cae0f3cc","bank_type":"CMBC_DEBIT","cash_fee":"17900","fee_type":"CNY","is_subscribe":"Y","mch_id":"1316656601","nonce_str":"ci898mr0vaw6rxvx91zlbaig3ooqlla8","openid":"oWTCLwQT5Thrfj8hyzO9xTjeQAcc","out_trade_no":"692","result_code":"SUCCESS","return_code":"SUCCESS","sign":"BB4CB42002B53612BB66B1D447BD27E8917C71A95A0109ACA103E6532B898F82","time_end":"20210831074310","total_fee":"17900","trade_type":"JSAPI","transaction_id":"4200001142202108310907672389"}
[2021-08-31 07:43:11][debug] query:{"appid":"wx68e97424cae0f3cc","attach":[],"bank_type":"CMBC_DEBIT","cash_fee":"17900","cash_fee_type":"CNY","fee_type":"CNY","is_subscribe":"Y","mch_id":"1316656601","nonce_str":"VLfwkgTM8XPraSGN","openid":"oWTCLwQT5Thrfj8hyzO9xTjeQAcc","out_trade_no":"692","result_code":"SUCCESS","return_code":"SUCCESS","return_msg":"OK","sign":"1AFD0979023F4A6D4C6CAF51E5F4B3D475DC4876797054A7777AB33AB7D60ADC","time_end":"20210831074310","total_fee":"17900","trade_state":"SUCCESS","trade_state_desc":"\u652f\u4ed8\u6210\u529f","trade_type":"JSAPI","transaction_id":"4200001142202108310907672389"}
[2021-08-31 07:43:11][debug] 

call back， return xml:<xml><return_code><![CDATA[SUCCESS]]></return_code><return_msg><![CDATA[OK]]></return_msg></xml>
[2021-08-31 08:15:26][debug] 

call back:{"appid":"wx68e97424cae0f3cc","bank_type":"OTHERS","cash_fee":"9500","fee_type":"CNY","is_subscribe":"Y","mch_id":"1316656601","nonce_str":"i83iv1ur4jfky2ir7bctjn47avs1wzyl","openid":"oWTCLwUu5ZrKxpy9hNWQHAbUb0cg","out_trade_no":"693","result_code":"SUCCESS","return_code":"SUCCESS","sign":"8242DEC2F7B0944CFE2F7B3CE1C52995EB16AB6DBBBC2CE61FFCBF00F1A31FE1","time_end":"20210831081526","total_fee":"9500","trade_type":"JSAPI","transaction_id":"4200001215202108317801128261"}
[2021-08-31 08:15:27][debug] query:{"appid":"wx68e97424cae0f3cc","attach":[],"bank_type":"OTHERS","cash_fee":"9500","cash_fee_type":"CNY","fee_type":"CNY","is_subscribe":"Y","mch_id":"1316656601","nonce_str":"aWNe2PKPRpuVvkmH","openid":"oWTCLwUu5ZrKxpy9hNWQHAbUb0cg","out_trade_no":"693","result_code":"SUCCESS","return_code":"SUCCESS","return_msg":"OK","sign":"3176674A62574FD28E9AD25E03A63AA98CB57FED4F20A5383ACCA6C5385653AD","time_end":"20210831081526","total_fee":"9500","trade_state":"SUCCESS","trade_state_desc":"\u652f\u4ed8\u6210\u529f","trade_type":"JSAPI","transaction_id":"4200001215202108317801128261"}
[2021-08-31 08:15:27][debug] 

call back， return xml:<xml><return_code><![CDATA[SUCCESS]]></return_code><return_msg><![CDATA[OK]]></return_msg></xml>
[2021-08-31 09:18:27][debug] 

call back:{"appid":"wx68e97424cae0f3cc","bank_type":"CMB_CREDIT","cash_fee":"47000","fee_type":"CNY","is_subscribe":"Y","mch_id":"1316656601","nonce_str":"mg1hq5xrtumwybp4xk7ub5qwmcaw5gmu","openid":"oWTCLwUUp19czD-u3ZXL3pY63Lu8","out_trade_no":"694","result_code":"SUCCESS","return_code":"SUCCESS","sign":"74F6BAFC69FD342DC9C96D1E32226589B03181686CA83324B1DCECAE29C68279","time_end":"20210831091827","total_fee":"47000","trade_type":"JSAPI","transaction_id":"4200001223202108319147575281"}
[2021-08-31 09:18:28][debug] query:{"appid":"wx68e97424cae0f3cc","attach":[],"bank_type":"CMB_CREDIT","cash_fee":"47000","cash_fee_type":"CNY","fee_type":"CNY","is_subscribe":"Y","mch_id":"1316656601","nonce_str":"VHBSNKOeH2YQlPsw","openid":"oWTCLwUUp19czD-u3ZXL3pY63Lu8","out_trade_no":"694","result_code":"SUCCESS","return_code":"SUCCESS","return_msg":"OK","sign":"80F85278BE5042597CC98E1FD8D5C3D36464B18DD33D121EAEED7745241E1BA6","time_end":"20210831091827","total_fee":"47000","trade_state":"SUCCESS","trade_state_desc":"\u652f\u4ed8\u6210\u529f","trade_type":"JSAPI","transaction_id":"4200001223202108319147575281"}
[2021-08-31 09:18:28][debug] 

call back， return xml:<xml><return_code><![CDATA[SUCCESS]]></return_code><return_msg><![CDATA[OK]]></return_msg></xml>
[2021-08-31 09:39:34][debug] 

call back:{"appid":"wx68e97424cae0f3cc","bank_type":"ICBC_DEBIT","cash_fee":"12800","fee_type":"CNY","is_subscribe":"Y","mch_id":"1316656601","nonce_str":"0bt3pu4m3dh11w22mg6rz514mvtrgu6a","openid":"oWTCLwb5MmQ1D9xulv0z9AiPsv-g","out_trade_no":"695","result_code":"SUCCESS","return_code":"SUCCESS","sign":"BA98D966789B0C43DA119C02BA9D50190CE58AB2635329922D9ACF3F4797954B","time_end":"20210831093934","total_fee":"12800","trade_type":"JSAPI","transaction_id":"4200001211202108317991119359"}
[2021-08-31 09:39:34][debug] query:{"appid":"wx68e97424cae0f3cc","attach":[],"bank_type":"ICBC_DEBIT","cash_fee":"12800","cash_fee_type":"CNY","fee_type":"CNY","is_subscribe":"Y","mch_id":"1316656601","nonce_str":"h6zyCUiyvgJJzYsy","openid":"oWTCLwb5MmQ1D9xulv0z9AiPsv-g","out_trade_no":"695","result_code":"SUCCESS","return_code":"SUCCESS","return_msg":"OK","sign":"F8A4D3009E0A58046BE6BE9BEC588506AA6D3BBB479B41B5E49FA0DE9A0CFE6F","time_end":"20210831093934","total_fee":"12800","trade_state":"SUCCESS","trade_state_desc":"\u652f\u4ed8\u6210\u529f","trade_type":"JSAPI","transaction_id":"4200001211202108317991119359"}
[2021-08-31 09:39:34][debug] 

call back， return xml:<xml><return_code><![CDATA[SUCCESS]]></return_code><return_msg><![CDATA[OK]]></return_msg></xml>
[2021-08-31 10:00:18][debug] 

call back:{"appid":"wx68e97424cae0f3cc","bank_type":"ICBC_DEBIT","cash_fee":"12600","fee_type":"CNY","is_subscribe":"Y","mch_id":"1316656601","nonce_str":"5tiofz7oe7gk9kpaivzgkkw8oop7gmmp","openid":"oWTCLwfALPI1Zn3AEnb0i2ubdCK4","out_trade_no":"696","result_code":"SUCCESS","return_code":"SUCCESS","sign":"7A16FF51365BC775DC2485DD98F9B5CA443DC62773A54554DB9CD64F6ACA8243","time_end":"20210831100018","total_fee":"12600","trade_type":"JSAPI","transaction_id":"4200001230202108316038090044"}
[2021-08-31 10:00:19][debug] query:{"appid":"wx68e97424cae0f3cc","attach":[],"bank_type":"ICBC_DEBIT","cash_fee":"12600","cash_fee_type":"CNY","fee_type":"CNY","is_subscribe":"Y","mch_id":"1316656601","nonce_str":"4Da3EvfbzyLHlcVA","openid":"oWTCLwfALPI1Zn3AEnb0i2ubdCK4","out_trade_no":"696","result_code":"SUCCESS","return_code":"SUCCESS","return_msg":"OK","sign":"624D503F6B25E12E07B61C0AC25C5811C9166357A35CA3C95BF3F7A25A2421EA","time_end":"20210831100018","total_fee":"12600","trade_state":"SUCCESS","trade_state_desc":"\u652f\u4ed8\u6210\u529f","trade_type":"JSAPI","transaction_id":"4200001230202108316038090044"}
[2021-08-31 10:00:19][debug] 

call back， return xml:<xml><return_code><![CDATA[SUCCESS]]></return_code><return_msg><![CDATA[OK]]></return_msg></xml>
[2021-08-31 10:01:24][debug] 

call back:{"appid":"wx68e97424cae0f3cc","bank_type":"OTHERS","cash_fee":"11250","fee_type":"CNY","is_subscribe":"Y","mch_id":"1316656601","nonce_str":"1d540u39h64hn164druje8xpb03voiun","openid":"oWTCLwUjSrcF-yFgx9hmMOHWCCvs","out_trade_no":"697","result_code":"SUCCESS","return_code":"SUCCESS","sign":"C2ED8F39A7486214F9084D251507A4D193674CA82FAB0FF0D1D8EE25243E7D9A","time_end":"20210831100123","total_fee":"11250","trade_type":"JSAPI","transaction_id":"4200001140202108310449598515"}
[2021-08-31 10:01:24][debug] query:{"appid":"wx68e97424cae0f3cc","attach":[],"bank_type":"OTHERS","cash_fee":"11250","cash_fee_type":"CNY","fee_type":"CNY","is_subscribe":"Y","mch_id":"1316656601","nonce_str":"AqYMRnKC3Isbn9yZ","openid":"oWTCLwUjSrcF-yFgx9hmMOHWCCvs","out_trade_no":"697","result_code":"SUCCESS","return_code":"SUCCESS","return_msg":"OK","sign":"6D1535119562F896F4BA5872BA9F5A16302DD20BDE3439637CA74D06F260F762","time_end":"20210831100123","total_fee":"11250","trade_state":"SUCCESS","trade_state_desc":"\u652f\u4ed8\u6210\u529f","trade_type":"JSAPI","transaction_id":"4200001140202108310449598515"}
[2021-08-31 10:01:24][debug] 

call back， return xml:<xml><return_code><![CDATA[SUCCESS]]></return_code><return_msg><![CDATA[OK]]></return_msg></xml>
[2021-08-31 10:16:00][debug] 

call back:{"appid":"wx68e97424cae0f3cc","bank_type":"OTHERS","cash_fee":"9600","fee_type":"CNY","is_subscribe":"Y","mch_id":"1316656601","nonce_str":"83n1rp61ckvds3oz9gquriodqbma9ik5","openid":"oWTCLwU11faRUH_l20C-_xZypzFc","out_trade_no":"698","result_code":"SUCCESS","return_code":"SUCCESS","sign":"4322C03AFEDD553F6F90C4C70BE1B92BA345E943711CEE4DED4AD010556B4CB9","time_end":"20210831101600","total_fee":"9600","trade_type":"JSAPI","transaction_id":"4200001139202108310682473033"}
[2021-08-31 10:16:01][debug] query:{"appid":"wx68e97424cae0f3cc","attach":[],"bank_type":"OTHERS","cash_fee":"9600","cash_fee_type":"CNY","fee_type":"CNY","is_subscribe":"Y","mch_id":"1316656601","nonce_str":"X4CM1uJufgGYb7W2","openid":"oWTCLwU11faRUH_l20C-_xZypzFc","out_trade_no":"698","result_code":"SUCCESS","return_code":"SUCCESS","return_msg":"OK","sign":"ED6A5278384B0E569F6B6C591B3FE38138F640F3148958F7B74A80CB4D9B6BAC","time_end":"20210831101600","total_fee":"9600","trade_state":"SUCCESS","trade_state_desc":"\u652f\u4ed8\u6210\u529f","trade_type":"JSAPI","transaction_id":"4200001139202108310682473033"}
[2021-08-31 10:16:01][debug] 

call back， return xml:<xml><return_code><![CDATA[SUCCESS]]></return_code><return_msg><![CDATA[OK]]></return_msg></xml>
[2021-08-31 10:32:01][debug] 

call back:{"appid":"wx68e97424cae0f3cc","bank_type":"ICBC_DEBIT","cash_fee":"17230","fee_type":"CNY","is_subscribe":"Y","mch_id":"1316656601","nonce_str":"654na9u3ffgikhe0hrrnd6d97qtzvfye","openid":"oWTCLwQbBvlGJPS3HIvj6OT6ZnZE","out_trade_no":"700","result_code":"SUCCESS","return_code":"SUCCESS","sign":"60CDD5109BF952AEF6C0D9E3A38F6A2B538DE5A97FE447C748A58258E29046B3","time_end":"20210831103201","total_fee":"17230","trade_type":"JSAPI","transaction_id":"4200001217202108318686135662"}
[2021-08-31 10:32:02][debug] query:{"appid":"wx68e97424cae0f3cc","attach":[],"bank_type":"ICBC_DEBIT","cash_fee":"17230","cash_fee_type":"CNY","fee_type":"CNY","is_subscribe":"Y","mch_id":"1316656601","nonce_str":"HQxMgZ4BTSiRF7ng","openid":"oWTCLwQbBvlGJPS3HIvj6OT6ZnZE","out_trade_no":"700","result_code":"SUCCESS","return_code":"SUCCESS","return_msg":"OK","sign":"7314D9FDFA063AED9D90A50698C673423C693D96B1BD415B9B5A7C67BC2B825A","time_end":"20210831103201","total_fee":"17230","trade_state":"SUCCESS","trade_state_desc":"\u652f\u4ed8\u6210\u529f","trade_type":"JSAPI","transaction_id":"4200001217202108318686135662"}
[2021-08-31 10:32:02][debug] 

call back， return xml:<xml><return_code><![CDATA[SUCCESS]]></return_code><return_msg><![CDATA[OK]]></return_msg></xml>
[2021-08-31 10:36:05][debug] 

call back:{"appid":"wx68e97424cae0f3cc","bank_type":"CMB_DEBIT","cash_fee":"8100","fee_type":"CNY","is_subscribe":"Y","mch_id":"1316656601","nonce_str":"agvkyzgys68pd34u16e1ivq46gfot98b","openid":"oWTCLwXRWcbOttAJA7QgVzA0y-t4","out_trade_no":"702","result_code":"SUCCESS","return_code":"SUCCESS","sign":"6321796E1403A29175E78C6FD7B55BDDF8994802C9420A46B759C69D8D70309F","time_end":"20210831103605","total_fee":"8100","trade_type":"JSAPI","transaction_id":"4200001216202108314826254955"}
[2021-08-31 10:36:06][debug] query:{"appid":"wx68e97424cae0f3cc","attach":[],"bank_type":"CMB_DEBIT","cash_fee":"8100","cash_fee_type":"CNY","fee_type":"CNY","is_subscribe":"Y","mch_id":"1316656601","nonce_str":"7BxZa3ck0WTNMCbr","openid":"oWTCLwXRWcbOttAJA7QgVzA0y-t4","out_trade_no":"702","result_code":"SUCCESS","return_code":"SUCCESS","return_msg":"OK","sign":"5057F3383220A2C6DB3ADA92197D740FA3A98D9D921E10574A784C6FA95DBA17","time_end":"20210831103605","total_fee":"8100","trade_state":"SUCCESS","trade_state_desc":"\u652f\u4ed8\u6210\u529f","trade_type":"JSAPI","transaction_id":"4200001216202108314826254955"}
[2021-08-31 10:36:06][debug] 

call back， return xml:<xml><return_code><![CDATA[SUCCESS]]></return_code><return_msg><![CDATA[OK]]></return_msg></xml>
[2021-08-31 10:45:58][debug] 

call back:{"appid":"wx68e97424cae0f3cc","bank_type":"OTHERS","cash_fee":"19900","fee_type":"CNY","is_subscribe":"Y","mch_id":"1316656601","nonce_str":"ncz91znfi8ua06lg6o6ndf3htekee0wf","openid":"oWTCLwWlVQXFaWh95-59mCHdCzDc","out_trade_no":"703","result_code":"SUCCESS","return_code":"SUCCESS","sign":"56D79A0E8AF30EEAF5D05CB2BD17B50FFE66C4DDE005E203B0EF8E9B356BDC3A","time_end":"20210831104558","total_fee":"19900","trade_type":"JSAPI","transaction_id":"4200001129202108313333198083"}
[2021-08-31 10:45:58][debug] query:{"appid":"wx68e97424cae0f3cc","attach":[],"bank_type":"OTHERS","cash_fee":"19900","cash_fee_type":"CNY","fee_type":"CNY","is_subscribe":"Y","mch_id":"1316656601","nonce_str":"PLufNYstwbGHx1qV","openid":"oWTCLwWlVQXFaWh95-59mCHdCzDc","out_trade_no":"703","result_code":"SUCCESS","return_code":"SUCCESS","return_msg":"OK","sign":"A47463C9ADD33FC4AD26E76E41E18DAD59431448E193A72E64D9B5AD21179626","time_end":"20210831104558","total_fee":"19900","trade_state":"SUCCESS","trade_state_desc":"\u652f\u4ed8\u6210\u529f","trade_type":"JSAPI","transaction_id":"4200001129202108313333198083"}
[2021-08-31 10:45:58][debug] 

call back， return xml:<xml><return_code><![CDATA[SUCCESS]]></return_code><return_msg><![CDATA[OK]]></return_msg></xml>
[2021-08-31 10:49:43][debug] 

call back:{"appid":"wx68e97424cae0f3cc","bank_type":"ICBC_DEBIT","cash_fee":"15800","fee_type":"CNY","is_subscribe":"Y","mch_id":"1316656601","nonce_str":"o48ihfeveq8ivoq7bejovm1w0rvyxb0n","openid":"oWTCLwcvNWHDFrM1Uu4ZC9nCTMO4","out_trade_no":"704","result_code":"SUCCESS","return_code":"SUCCESS","sign":"2DC90F698A66A0ED97C7F568C334A9E31136EAFD1FD630DAEA9CE37939E97215","time_end":"20210831104943","total_fee":"15800","trade_type":"JSAPI","transaction_id":"4200001222202108312609253611"}
[2021-08-31 10:49:43][debug] query:{"appid":"wx68e97424cae0f3cc","attach":[],"bank_type":"ICBC_DEBIT","cash_fee":"15800","cash_fee_type":"CNY","fee_type":"CNY","is_subscribe":"Y","mch_id":"1316656601","nonce_str":"11KhkH5wTB02nlC5","openid":"oWTCLwcvNWHDFrM1Uu4ZC9nCTMO4","out_trade_no":"704","result_code":"SUCCESS","return_code":"SUCCESS","return_msg":"OK","sign":"4BDD04492F9E506C9630DC2927F2031D103F3BB852F6688114FAFEDBD76ADC5A","time_end":"20210831104943","total_fee":"15800","trade_state":"SUCCESS","trade_state_desc":"\u652f\u4ed8\u6210\u529f","trade_type":"JSAPI","transaction_id":"4200001222202108312609253611"}
[2021-08-31 10:49:43][debug] 

call back， return xml:<xml><return_code><![CDATA[SUCCESS]]></return_code><return_msg><![CDATA[OK]]></return_msg></xml>
[2021-08-31 10:59:40][debug] 

call back:{"appid":"wx68e97424cae0f3cc","bank_type":"CMB_CREDIT","cash_fee":"17500","fee_type":"CNY","is_subscribe":"Y","mch_id":"1316656601","nonce_str":"ch8cvi3gks5gsttgt6pfnkp9dxfyswow","openid":"oWTCLwXWgtHBSagc_tKPrWSKR7o4","out_trade_no":"705","result_code":"SUCCESS","return_code":"SUCCESS","sign":"1FB9C489D19C389E37DEE8BB8F00D43CE0B3EA4EB32F686D62B813C9D0DB85FD","time_end":"20210831105940","total_fee":"17500","trade_type":"JSAPI","transaction_id":"4200001205202108311085745270"}
[2021-08-31 10:59:40][debug] query:{"appid":"wx68e97424cae0f3cc","attach":[],"bank_type":"CMB_CREDIT","cash_fee":"17500","cash_fee_type":"CNY","fee_type":"CNY","is_subscribe":"Y","mch_id":"1316656601","nonce_str":"Us6KMr03m3Xt4ijV","openid":"oWTCLwXWgtHBSagc_tKPrWSKR7o4","out_trade_no":"705","result_code":"SUCCESS","return_code":"SUCCESS","return_msg":"OK","sign":"BAA8FA3C9698029E6BE5746613BF3E14377C24D686A180F0657E8BBF1C42F156","time_end":"20210831105940","total_fee":"17500","trade_state":"SUCCESS","trade_state_desc":"\u652f\u4ed8\u6210\u529f","trade_type":"JSAPI","transaction_id":"4200001205202108311085745270"}
[2021-08-31 10:59:40][debug] 

call back， return xml:<xml><return_code><![CDATA[SUCCESS]]></return_code><return_msg><![CDATA[OK]]></return_msg></xml>
[2021-08-31 10:59:44][debug] 

call back:{"appid":"wx68e97424cae0f3cc","bank_type":"ICBC_DEBIT","cash_fee":"27200","fee_type":"CNY","is_subscribe":"Y","mch_id":"1316656601","nonce_str":"brn7rbbu7m20fkgsm6cv227ks958bhqk","openid":"oWTCLweVUs_18YAnMGyoTO7KT438","out_trade_no":"706","result_code":"SUCCESS","return_code":"SUCCESS","sign":"2BF3E06478C9B35FDFB7A5BF2CA7810C6B98C5989D04A05662D7AECF2B6AAD6B","time_end":"20210831105943","total_fee":"27200","trade_type":"JSAPI","transaction_id":"4200001146202108319618495645"}
[2021-08-31 10:59:44][debug] query:{"appid":"wx68e97424cae0f3cc","attach":[],"bank_type":"ICBC_DEBIT","cash_fee":"27200","cash_fee_type":"CNY","fee_type":"CNY","is_subscribe":"Y","mch_id":"1316656601","nonce_str":"kdoF4hcmgss1nzRi","openid":"oWTCLweVUs_18YAnMGyoTO7KT438","out_trade_no":"706","result_code":"SUCCESS","return_code":"SUCCESS","return_msg":"OK","sign":"2E124049AD6062DE14B2C1615F60E07578C22707B1FB4B68477288B93DFEAC5D","time_end":"20210831105943","total_fee":"27200","trade_state":"SUCCESS","trade_state_desc":"\u652f\u4ed8\u6210\u529f","trade_type":"JSAPI","transaction_id":"4200001146202108319618495645"}
[2021-08-31 10:59:44][debug] 

call back， return xml:<xml><return_code><![CDATA[SUCCESS]]></return_code><return_msg><![CDATA[OK]]></return_msg></xml>
[2021-08-31 11:13:15][debug] 

call back:{"appid":"wx68e97424cae0f3cc","bank_type":"ICBC_DEBIT","cash_fee":"13400","fee_type":"CNY","is_subscribe":"Y","mch_id":"1316656601","nonce_str":"gf27q0kj9aoijpcxbbamnkb2gzudkp11","openid":"oWTCLwUOqW58qgI8qRUJAls0wTDU","out_trade_no":"708","result_code":"SUCCESS","return_code":"SUCCESS","sign":"60D51D60BB0F85353DDE1AB3EFA1C1BC3DA8A63B357CC757C1B40D922B0E073E","time_end":"20210831111315","total_fee":"13400","trade_type":"JSAPI","transaction_id":"4200001140202108315601495782"}
[2021-08-31 11:13:16][debug] query:{"appid":"wx68e97424cae0f3cc","attach":[],"bank_type":"ICBC_DEBIT","cash_fee":"13400","cash_fee_type":"CNY","fee_type":"CNY","is_subscribe":"Y","mch_id":"1316656601","nonce_str":"J5ehOcEAH7pfhoYK","openid":"oWTCLwUOqW58qgI8qRUJAls0wTDU","out_trade_no":"708","result_code":"SUCCESS","return_code":"SUCCESS","return_msg":"OK","sign":"6DEE896019E6A7A1292D1AEF330C98D6230AC9A2AECC69D345A19E0A9B29A872","time_end":"20210831111315","total_fee":"13400","trade_state":"SUCCESS","trade_state_desc":"\u652f\u4ed8\u6210\u529f","trade_type":"JSAPI","transaction_id":"4200001140202108315601495782"}
[2021-08-31 11:13:16][debug] 

call back， return xml:<xml><return_code><![CDATA[SUCCESS]]></return_code><return_msg><![CDATA[OK]]></return_msg></xml>
[2021-08-31 11:18:29][debug] 

call back:{"appid":"wx68e97424cae0f3cc","bank_type":"SPDB_DEBIT","cash_fee":"8900","fee_type":"CNY","is_subscribe":"Y","mch_id":"1316656601","nonce_str":"5zb4bmxhwgmidsbe88z5nx4qhwsnzat6","openid":"oWTCLwa1o_rKqIZv-iL-MaGkfwrU","out_trade_no":"709","result_code":"SUCCESS","return_code":"SUCCESS","sign":"18749E4351EEB80C7A6FEAFD9D0BFE4CB0648D7DC55B534122307172448A1703","time_end":"20210831111829","total_fee":"8900","trade_type":"JSAPI","transaction_id":"4200001212202108312484150803"}
[2021-08-31 11:18:30][debug] query:{"appid":"wx68e97424cae0f3cc","attach":[],"bank_type":"SPDB_DEBIT","cash_fee":"8900","cash_fee_type":"CNY","fee_type":"CNY","is_subscribe":"Y","mch_id":"1316656601","nonce_str":"yVqJarX1DNd32L1y","openid":"oWTCLwa1o_rKqIZv-iL-MaGkfwrU","out_trade_no":"709","result_code":"SUCCESS","return_code":"SUCCESS","return_msg":"OK","sign":"B5BD0B3FA0B4B02205B6BE6C0C719FBFFC7596BCCD0B8CD1F5945ABB30EDBCB6","time_end":"20210831111829","total_fee":"8900","trade_state":"SUCCESS","trade_state_desc":"\u652f\u4ed8\u6210\u529f","trade_type":"JSAPI","transaction_id":"4200001212202108312484150803"}
[2021-08-31 11:18:30][debug] 

call back， return xml:<xml><return_code><![CDATA[SUCCESS]]></return_code><return_msg><![CDATA[OK]]></return_msg></xml>
[2021-08-31 11:19:19][debug] 

call back:{"appid":"wx68e97424cae0f3cc","bank_type":"OTHERS","cash_fee":"13700","fee_type":"CNY","is_subscribe":"Y","mch_id":"1316656601","nonce_str":"o4gwb8ccmee6ogrs7wwl5936w59iolfx","openid":"oWTCLwe8Cbuqs-G8RApn4cKbzPfc","out_trade_no":"710","result_code":"SUCCESS","return_code":"SUCCESS","sign":"CCB9D3DD0528FE96982E5AD59D42469B3458488F59C058F6EAFA9DD4976610F7","time_end":"20210831111918","total_fee":"13700","trade_type":"JSAPI","transaction_id":"4200001223202108318681265484"}
[2021-08-31 11:19:19][debug] query:{"appid":"wx68e97424cae0f3cc","attach":[],"bank_type":"OTHERS","cash_fee":"13700","cash_fee_type":"CNY","fee_type":"CNY","is_subscribe":"Y","mch_id":"1316656601","nonce_str":"KBoJe5AfJJ4KB7fj","openid":"oWTCLwe8Cbuqs-G8RApn4cKbzPfc","out_trade_no":"710","result_code":"SUCCESS","return_code":"SUCCESS","return_msg":"OK","sign":"DD97465967F6858CEADE2BB56865C75290089A65D6925227C274E14A43DBF8F0","time_end":"20210831111918","total_fee":"13700","trade_state":"SUCCESS","trade_state_desc":"\u652f\u4ed8\u6210\u529f","trade_type":"JSAPI","transaction_id":"4200001223202108318681265484"}
[2021-08-31 11:19:19][debug] 

call back， return xml:<xml><return_code><![CDATA[SUCCESS]]></return_code><return_msg><![CDATA[OK]]></return_msg></xml>
[2021-08-31 11:21:30][debug] 

call back:{"appid":"wx68e97424cae0f3cc","bank_type":"ICBC_DEBIT","cash_fee":"8500","fee_type":"CNY","is_subscribe":"Y","mch_id":"1316656601","nonce_str":"vu6wurvft43cx6jcxeibunnt2mfazgoi","openid":"oWTCLwbhInj2pNQT2KtfCKp8CQB0","out_trade_no":"712","result_code":"SUCCESS","return_code":"SUCCESS","sign":"D24AFBD608D4545F211D6D42D168A4F0009DCAB05155A78C5DFF248EE9EC0471","time_end":"20210831112130","total_fee":"8500","trade_type":"JSAPI","transaction_id":"4200001129202108316873754326"}
[2021-08-31 11:21:31][debug] query:{"appid":"wx68e97424cae0f3cc","attach":[],"bank_type":"ICBC_DEBIT","cash_fee":"8500","cash_fee_type":"CNY","fee_type":"CNY","is_subscribe":"Y","mch_id":"1316656601","nonce_str":"aY6lQSl2DeK1Xnhu","openid":"oWTCLwbhInj2pNQT2KtfCKp8CQB0","out_trade_no":"712","result_code":"SUCCESS","return_code":"SUCCESS","return_msg":"OK","sign":"6BF243DB96C13BD67A95C0ABF42CB435DE36E4069E4A75AAD05324401AD73963","time_end":"20210831112130","total_fee":"8500","trade_state":"SUCCESS","trade_state_desc":"\u652f\u4ed8\u6210\u529f","trade_type":"JSAPI","transaction_id":"4200001129202108316873754326"}
[2021-08-31 11:21:31][debug] 

call back， return xml:<xml><return_code><![CDATA[SUCCESS]]></return_code><return_msg><![CDATA[OK]]></return_msg></xml>
[2021-08-31 11:31:38][debug] 

call back:{"appid":"wx68e97424cae0f3cc","bank_type":"ICBC_DEBIT","cash_fee":"29100","fee_type":"CNY","is_subscribe":"Y","mch_id":"1316656601","nonce_str":"f54sy3kjq7h4af9wnx34g6jb16wlx18y","openid":"oWTCLwdLRinR4aZsd3cAWsyCHmms","out_trade_no":"713","result_code":"SUCCESS","return_code":"SUCCESS","sign":"8F15928B34D84A99E39637952809CE41F14E85BF35147B08A60BCB2DC677C7A7","time_end":"20210831113138","total_fee":"29100","trade_type":"JSAPI","transaction_id":"4200001210202108317359610018"}
[2021-08-31 11:31:38][debug] query:{"appid":"wx68e97424cae0f3cc","attach":[],"bank_type":"ICBC_DEBIT","cash_fee":"29100","cash_fee_type":"CNY","fee_type":"CNY","is_subscribe":"Y","mch_id":"1316656601","nonce_str":"3yPPqKUNYX8XwLO3","openid":"oWTCLwdLRinR4aZsd3cAWsyCHmms","out_trade_no":"713","result_code":"SUCCESS","return_code":"SUCCESS","return_msg":"OK","sign":"6A593A628E80B1A1005CE220A8A074CD5D6E37DB42BC86BEE440674F75BD9A6F","time_end":"20210831113138","total_fee":"29100","trade_state":"SUCCESS","trade_state_desc":"\u652f\u4ed8\u6210\u529f","trade_type":"JSAPI","transaction_id":"4200001210202108317359610018"}
[2021-08-31 11:31:38][debug] 

call back， return xml:<xml><return_code><![CDATA[SUCCESS]]></return_code><return_msg><![CDATA[OK]]></return_msg></xml>
[2021-08-31 11:45:50][debug] 

call back:{"appid":"wx68e97424cae0f3cc","bank_type":"CMB_DEBIT","cash_fee":"7900","fee_type":"CNY","is_subscribe":"Y","mch_id":"1316656601","nonce_str":"cekt9npbbaxk34knnj7p5pq536pr4k87","openid":"oWTCLwe4-L_BpQyHujqVsTSNHZns","out_trade_no":"715","result_code":"SUCCESS","return_code":"SUCCESS","sign":"0A066557046A87BD045E942822CA30479290F6E6B6E992212653298BAF33D4CC","time_end":"20210831114550","total_fee":"7900","trade_type":"JSAPI","transaction_id":"4200001134202108312724353650"}
[2021-08-31 11:45:50][debug] query:{"appid":"wx68e97424cae0f3cc","attach":[],"bank_type":"CMB_DEBIT","cash_fee":"7900","cash_fee_type":"CNY","fee_type":"CNY","is_subscribe":"Y","mch_id":"1316656601","nonce_str":"QHSprCYNayOe5ePb","openid":"oWTCLwe4-L_BpQyHujqVsTSNHZns","out_trade_no":"715","result_code":"SUCCESS","return_code":"SUCCESS","return_msg":"OK","sign":"65DDDA6528A41C5460CD00EFF81B2014268965ED9BE16F9102F200BAF4CFF25C","time_end":"20210831114550","total_fee":"7900","trade_state":"SUCCESS","trade_state_desc":"\u652f\u4ed8\u6210\u529f","trade_type":"JSAPI","transaction_id":"4200001134202108312724353650"}
[2021-08-31 11:45:50][debug] 

call back， return xml:<xml><return_code><![CDATA[SUCCESS]]></return_code><return_msg><![CDATA[OK]]></return_msg></xml>
[2021-08-31 11:47:34][debug] 

call back:{"appid":"wx68e97424cae0f3cc","bank_type":"BOC_DEBIT","cash_fee":"9800","fee_type":"CNY","is_subscribe":"Y","mch_id":"1316656601","nonce_str":"ej43wm9lj272mvo4gzcin77brqe7fx7l","openid":"oWTCLweAaVeKiOCeVWZXIZZdHiCg","out_trade_no":"716","result_code":"SUCCESS","return_code":"SUCCESS","sign":"BABA6F034F77FBA6C581977CC3C73927486CB6D2E5819011065BFA9A994AC3E7","time_end":"20210831114733","total_fee":"9800","trade_type":"JSAPI","transaction_id":"4200001213202108319307585178"}
[2021-08-31 11:47:34][debug] query:{"appid":"wx68e97424cae0f3cc","attach":[],"bank_type":"BOC_DEBIT","cash_fee":"9800","cash_fee_type":"CNY","fee_type":"CNY","is_subscribe":"Y","mch_id":"1316656601","nonce_str":"AA9XDa8Belr7CvAE","openid":"oWTCLweAaVeKiOCeVWZXIZZdHiCg","out_trade_no":"716","result_code":"SUCCESS","return_code":"SUCCESS","return_msg":"OK","sign":"B2DB3D7848571DA0C60C3F110B3DA4F8D3218086AFB723F51C0B51AB9840CC53","time_end":"20210831114733","total_fee":"9800","trade_state":"SUCCESS","trade_state_desc":"\u652f\u4ed8\u6210\u529f","trade_type":"JSAPI","transaction_id":"4200001213202108319307585178"}
[2021-08-31 11:47:34][debug] 

call back， return xml:<xml><return_code><![CDATA[SUCCESS]]></return_code><return_msg><![CDATA[OK]]></return_msg></xml>
[2021-08-31 11:47:50][debug] 

call back:{"appid":"wx68e97424cae0f3cc","bank_type":"ICBC_DEBIT","cash_fee":"8100","fee_type":"CNY","is_subscribe":"Y","mch_id":"1316656601","nonce_str":"3176vzcalb0cr056aovrkp5310lrz8ul","openid":"oWTCLwRpt-A90f2ITvQTfNErZT2s","out_trade_no":"717","result_code":"SUCCESS","return_code":"SUCCESS","sign":"946A962FC1EBFE77071F171FAC815B628291A3E90DAA5F6B190A8EE83FD14129","time_end":"20210831114749","total_fee":"8100","trade_type":"JSAPI","transaction_id":"4200001217202108310423241239"}
[2021-08-31 11:47:50][debug] query:{"appid":"wx68e97424cae0f3cc","attach":[],"bank_type":"ICBC_DEBIT","cash_fee":"8100","cash_fee_type":"CNY","fee_type":"CNY","is_subscribe":"Y","mch_id":"1316656601","nonce_str":"twiW6rnD1933s0UE","openid":"oWTCLwRpt-A90f2ITvQTfNErZT2s","out_trade_no":"717","result_code":"SUCCESS","return_code":"SUCCESS","return_msg":"OK","sign":"5F8C2D6DB35C357A1A3F9D55C63884DF7C98815D60988DF3252DC2E465BEEC37","time_end":"20210831114749","total_fee":"8100","trade_state":"SUCCESS","trade_state_desc":"\u652f\u4ed8\u6210\u529f","trade_type":"JSAPI","transaction_id":"4200001217202108310423241239"}
[2021-08-31 11:47:50][debug] 

call back， return xml:<xml><return_code><![CDATA[SUCCESS]]></return_code><return_msg><![CDATA[OK]]></return_msg></xml>
[2021-08-31 11:56:31][debug] 

call back:{"appid":"wx68e97424cae0f3cc","bank_type":"CMB_CREDIT","cash_fee":"9200","fee_type":"CNY","is_subscribe":"Y","mch_id":"1316656601","nonce_str":"7kenrgy5yb8nukqle7ixx9zud02f8pzr","openid":"oWTCLwRmowKlQgIM2QImiwooeSHQ","out_trade_no":"719","result_code":"SUCCESS","return_code":"SUCCESS","sign":"0B1F2238CE9901B8F7BCAA3FE0CD726D88306CDACA51FC5E664F8341995E81BC","time_end":"20210831115631","total_fee":"9200","trade_type":"JSAPI","transaction_id":"4200001127202108318290209595"}
[2021-08-31 11:56:31][debug] query:{"appid":"wx68e97424cae0f3cc","attach":[],"bank_type":"CMB_CREDIT","cash_fee":"9200","cash_fee_type":"CNY","fee_type":"CNY","is_subscribe":"Y","mch_id":"1316656601","nonce_str":"RqzViKqXzJZaksIc","openid":"oWTCLwRmowKlQgIM2QImiwooeSHQ","out_trade_no":"719","result_code":"SUCCESS","return_code":"SUCCESS","return_msg":"OK","sign":"207AB2A4A52F33376FCC9E43A7ACEA01485A2C681AFA0526C931918BE066ED3E","time_end":"20210831115631","total_fee":"9200","trade_state":"SUCCESS","trade_state_desc":"\u652f\u4ed8\u6210\u529f","trade_type":"JSAPI","transaction_id":"4200001127202108318290209595"}
[2021-08-31 11:56:31][debug] 

call back， return xml:<xml><return_code><![CDATA[SUCCESS]]></return_code><return_msg><![CDATA[OK]]></return_msg></xml>
[2021-08-31 11:56:35][debug] 

call back:{"appid":"wx68e97424cae0f3cc","bank_type":"BOC_CREDIT","cash_fee":"11400","fee_type":"CNY","is_subscribe":"Y","mch_id":"1316656601","nonce_str":"sewaaci83ss5m0m9gpllbxytlt6wiv11","openid":"oWTCLwTmkgtFvtwbjVSAdah9SZM8","out_trade_no":"720","result_code":"SUCCESS","return_code":"SUCCESS","sign":"97D54B66ACF61F5D91562998C46077BF66A06D88B664B282F0283DA95DB86422","time_end":"20210831115634","total_fee":"11400","trade_type":"JSAPI","transaction_id":"4200001134202108311584415072"}
[2021-08-31 11:56:35][debug] query:{"appid":"wx68e97424cae0f3cc","attach":[],"bank_type":"BOC_CREDIT","cash_fee":"11400","cash_fee_type":"CNY","fee_type":"CNY","is_subscribe":"Y","mch_id":"1316656601","nonce_str":"qNVo9FOmEYU8ODzM","openid":"oWTCLwTmkgtFvtwbjVSAdah9SZM8","out_trade_no":"720","result_code":"SUCCESS","return_code":"SUCCESS","return_msg":"OK","sign":"FF9E2F1A738E35E4FA462AE52BCD028E460FFF0E780FA2DF6E5760B63B368984","time_end":"20210831115634","total_fee":"11400","trade_state":"SUCCESS","trade_state_desc":"\u652f\u4ed8\u6210\u529f","trade_type":"JSAPI","transaction_id":"4200001134202108311584415072"}
[2021-08-31 11:56:35][debug] 

call back， return xml:<xml><return_code><![CDATA[SUCCESS]]></return_code><return_msg><![CDATA[OK]]></return_msg></xml>
[2021-08-31 13:25:21][debug] 

call back:{"appid":"wx68e97424cae0f3cc","bank_type":"OTHERS","cash_fee":"9300","fee_type":"CNY","is_subscribe":"Y","mch_id":"1316656601","nonce_str":"e9e00nurtblifcm6qoll1mn7noa7yf9c","openid":"oWTCLwZhxNvY4uJ8DwZbX7vjBLNA","out_trade_no":"726","result_code":"SUCCESS","return_code":"SUCCESS","sign":"ED11F6A89FB63BB4F71D137E8E1207F8C81C633401B2887937B912EA70BF91C1","time_end":"20210831132520","total_fee":"9300","trade_type":"JSAPI","transaction_id":"4200001133202108311967859166"}
[2021-08-31 13:25:21][debug] query:{"appid":"wx68e97424cae0f3cc","attach":[],"bank_type":"OTHERS","cash_fee":"9300","cash_fee_type":"CNY","fee_type":"CNY","is_subscribe":"Y","mch_id":"1316656601","nonce_str":"Pjaab6RRrUQsvP3N","openid":"oWTCLwZhxNvY4uJ8DwZbX7vjBLNA","out_trade_no":"726","result_code":"SUCCESS","return_code":"SUCCESS","return_msg":"OK","sign":"9817DBCE4AE4FB20BEE3E5D3C997F753A7DCE539A8C3A0E2CBDC4C6238871E71","time_end":"20210831132520","total_fee":"9300","trade_state":"SUCCESS","trade_state_desc":"\u652f\u4ed8\u6210\u529f","trade_type":"JSAPI","transaction_id":"4200001133202108311967859166"}
[2021-08-31 13:25:21][debug] 

call back， return xml:<xml><return_code><![CDATA[SUCCESS]]></return_code><return_msg><![CDATA[OK]]></return_msg></xml>
[2021-08-31 15:12:45][debug] 

call back:{"appid":"wx68e97424cae0f3cc","bank_type":"BOC_DEBIT","cash_fee":"8900","fee_type":"CNY","is_subscribe":"Y","mch_id":"1316656601","nonce_str":"zx7x1kttgsjglry3ctlwi54hdt7sxdcr","openid":"oWTCLwaR9dwKnNrl-jUt9AeDFeaQ","out_trade_no":"728","result_code":"SUCCESS","return_code":"SUCCESS","sign":"2AB55FBF6718B365263622CDD280CD7D5D1AB6A27579426F7590E57AFA3668E0","time_end":"20210831151244","total_fee":"8900","trade_type":"JSAPI","transaction_id":"4200001141202108314071697282"}
[2021-08-31 15:12:45][debug] query:{"appid":"wx68e97424cae0f3cc","attach":[],"bank_type":"BOC_DEBIT","cash_fee":"8900","cash_fee_type":"CNY","fee_type":"CNY","is_subscribe":"Y","mch_id":"1316656601","nonce_str":"vPygVgNvLSpQCTM0","openid":"oWTCLwaR9dwKnNrl-jUt9AeDFeaQ","out_trade_no":"728","result_code":"SUCCESS","return_code":"SUCCESS","return_msg":"OK","sign":"4E295C241B654B761D03418260C62C26823E815E791866C2ECBF2615546913EF","time_end":"20210831151244","total_fee":"8900","trade_state":"SUCCESS","trade_state_desc":"\u652f\u4ed8\u6210\u529f","trade_type":"JSAPI","transaction_id":"4200001141202108314071697282"}
[2021-08-31 15:12:45][debug] 

call back， return xml:<xml><return_code><![CDATA[SUCCESS]]></return_code><return_msg><![CDATA[OK]]></return_msg></xml>
[2021-08-31 15:37:43][debug] 

call back:{"appid":"wx68e97424cae0f3cc","bank_type":"OTHERS","cash_fee":"13800","fee_type":"CNY","is_subscribe":"Y","mch_id":"1316656601","nonce_str":"8kli049j3r1g7zgylj0my28wkevi5kkv","openid":"oWTCLwfb5ge0N_WCV4ozYSBCmNs4","out_trade_no":"729","result_code":"SUCCESS","return_code":"SUCCESS","sign":"566D4C0EBC3D32154EEEF474009AEA53212E3F264671D8B58C6E6563EE3907B6","time_end":"20210831153742","total_fee":"13800","trade_type":"JSAPI","transaction_id":"4200001231202108317652925976"}
[2021-08-31 15:37:43][debug] query:{"appid":"wx68e97424cae0f3cc","attach":[],"bank_type":"OTHERS","cash_fee":"13800","cash_fee_type":"CNY","fee_type":"CNY","is_subscribe":"Y","mch_id":"1316656601","nonce_str":"7KgGD7PNgOT2T5k4","openid":"oWTCLwfb5ge0N_WCV4ozYSBCmNs4","out_trade_no":"729","result_code":"SUCCESS","return_code":"SUCCESS","return_msg":"OK","sign":"E38BF6343216B3F2142A5BE21F31C9CCA10371285B366EFF09B0FF2433C7E6D7","time_end":"20210831153742","total_fee":"13800","trade_state":"SUCCESS","trade_state_desc":"\u652f\u4ed8\u6210\u529f","trade_type":"JSAPI","transaction_id":"4200001231202108317652925976"}
[2021-08-31 15:37:43][debug] 

call back， return xml:<xml><return_code><![CDATA[SUCCESS]]></return_code><return_msg><![CDATA[OK]]></return_msg></xml>
[2021-08-31 16:31:33][debug] 

call back:{"appid":"wx68e97424cae0f3cc","bank_type":"OTHERS","cash_fee":"25000","fee_type":"CNY","is_subscribe":"Y","mch_id":"1316656601","nonce_str":"y4bwuz629cewqp28ah02l1o29000m6no","openid":"oWTCLwYHCAJxq5ql2ywK2B-16L-w","out_trade_no":"731","result_code":"SUCCESS","return_code":"SUCCESS","sign":"A2873E80EC7849CDB1697A15713380A5992015F20657388BFF029A22F93EC0F7","time_end":"20210831163133","total_fee":"25000","trade_type":"JSAPI","transaction_id":"4200001137202108311214209658"}
[2021-08-31 16:31:33][debug] query:{"appid":"wx68e97424cae0f3cc","attach":[],"bank_type":"OTHERS","cash_fee":"25000","cash_fee_type":"CNY","fee_type":"CNY","is_subscribe":"Y","mch_id":"1316656601","nonce_str":"EWxQgICsiUWVBTKO","openid":"oWTCLwYHCAJxq5ql2ywK2B-16L-w","out_trade_no":"731","result_code":"SUCCESS","return_code":"SUCCESS","return_msg":"OK","sign":"6AC6EC975173E3D717FC1970DF566A013BDBDF9B793519304BE38F95AFD86C99","time_end":"20210831163133","total_fee":"25000","trade_state":"SUCCESS","trade_state_desc":"\u652f\u4ed8\u6210\u529f","trade_type":"JSAPI","transaction_id":"4200001137202108311214209658"}
[2021-08-31 16:31:33][debug] 

call back， return xml:<xml><return_code><![CDATA[SUCCESS]]></return_code><return_msg><![CDATA[OK]]></return_msg></xml>
[2021-08-31 18:14:44][debug] 

call back:{"appid":"wx68e97424cae0f3cc","bank_type":"BOC_DEBIT","cash_fee":"13200","fee_type":"CNY","is_subscribe":"Y","mch_id":"1316656601","nonce_str":"c5tln9cdjemf9c7hp34inal2eegl7ruc","openid":"oWTCLwbaT6i2W0GOymxGdPOLOjNc","out_trade_no":"733","result_code":"SUCCESS","return_code":"SUCCESS","sign":"56615078873CDC0FA2BD062700CF38763BA000F2C8E4C0D498CF3899FC9E8BD4","time_end":"20210831181444","total_fee":"13200","trade_type":"JSAPI","transaction_id":"4200001205202108310259051177"}
[2021-08-31 18:14:45][debug] query:{"appid":"wx68e97424cae0f3cc","attach":[],"bank_type":"BOC_DEBIT","cash_fee":"13200","cash_fee_type":"CNY","fee_type":"CNY","is_subscribe":"Y","mch_id":"1316656601","nonce_str":"RfxIH5cPvUsgE6pV","openid":"oWTCLwbaT6i2W0GOymxGdPOLOjNc","out_trade_no":"733","result_code":"SUCCESS","return_code":"SUCCESS","return_msg":"OK","sign":"142703FA7B247D0E5F2AF4A89EEA1C7D3D5ED3172C0216C0634CC7F2798BC792","time_end":"20210831181444","total_fee":"13200","trade_state":"SUCCESS","trade_state_desc":"\u652f\u4ed8\u6210\u529f","trade_type":"JSAPI","transaction_id":"4200001205202108310259051177"}
[2021-08-31 18:14:45][debug] 

call back， return xml:<xml><return_code><![CDATA[SUCCESS]]></return_code><return_msg><![CDATA[OK]]></return_msg></xml>
[2021-08-31 18:26:52][debug] 

call back:{"appid":"wx68e97424cae0f3cc","bank_type":"COMM_DEBIT","cash_fee":"27800","fee_type":"CNY","is_subscribe":"Y","mch_id":"1316656601","nonce_str":"t75x267na6ycxgmam1faswaok485gvjz","openid":"oWTCLwex6rr-zYTpQcpmIUPX71is","out_trade_no":"735","result_code":"SUCCESS","return_code":"SUCCESS","sign":"D8B04060A034946371B8773CFA851DF2413D292857C4B4C7F24EF26128C36F12","time_end":"20210831182652","total_fee":"27800","trade_type":"JSAPI","transaction_id":"4200001209202108312950127850"}
[2021-08-31 18:26:53][debug] query:{"appid":"wx68e97424cae0f3cc","attach":[],"bank_type":"COMM_DEBIT","cash_fee":"27800","cash_fee_type":"CNY","fee_type":"CNY","is_subscribe":"Y","mch_id":"1316656601","nonce_str":"ll7Kzvn5I6zixixC","openid":"oWTCLwex6rr-zYTpQcpmIUPX71is","out_trade_no":"735","result_code":"SUCCESS","return_code":"SUCCESS","return_msg":"OK","sign":"6D7EDAEE7F76645D477262F7BA33799A2BCE83E125CA550462A0BF93FC6C61C7","time_end":"20210831182652","total_fee":"27800","trade_state":"SUCCESS","trade_state_desc":"\u652f\u4ed8\u6210\u529f","trade_type":"JSAPI","transaction_id":"4200001209202108312950127850"}
[2021-08-31 18:26:53][debug] 

call back， return xml:<xml><return_code><![CDATA[SUCCESS]]></return_code><return_msg><![CDATA[OK]]></return_msg></xml>
[2021-08-31 19:08:10][debug] 

call back:{"appid":"wx68e97424cae0f3cc","bank_type":"ICBC_DEBIT","cash_fee":"10170","fee_type":"CNY","is_subscribe":"Y","mch_id":"1316656601","nonce_str":"mm2tihla1w2r75wbnog9mq1cwb1o4m1k","openid":"oWTCLwfoT4Zkkj0IsZIwoKobfgKw","out_trade_no":"737","result_code":"SUCCESS","return_code":"SUCCESS","sign":"25BFE15F4DC97441EAE818A9DD416D66C62FDE09EBD9B1FCD7EB0AA7CE1A9698","time_end":"20210831190810","total_fee":"10170","trade_type":"JSAPI","transaction_id":"4200001231202108313389850802"}
[2021-08-31 19:08:11][debug] query:{"appid":"wx68e97424cae0f3cc","attach":[],"bank_type":"ICBC_DEBIT","cash_fee":"10170","cash_fee_type":"CNY","fee_type":"CNY","is_subscribe":"Y","mch_id":"1316656601","nonce_str":"SGNdzLky5ooGQy4r","openid":"oWTCLwfoT4Zkkj0IsZIwoKobfgKw","out_trade_no":"737","result_code":"SUCCESS","return_code":"SUCCESS","return_msg":"OK","sign":"D2184C1F0E59907DEE9CF6F37FF02C45C6A0C217FC3EA9484CC7C01D2D69764A","time_end":"20210831190810","total_fee":"10170","trade_state":"SUCCESS","trade_state_desc":"\u652f\u4ed8\u6210\u529f","trade_type":"JSAPI","transaction_id":"4200001231202108313389850802"}
[2021-08-31 19:08:11][debug] 

call back， return xml:<xml><return_code><![CDATA[SUCCESS]]></return_code><return_msg><![CDATA[OK]]></return_msg></xml>
[2021-08-31 19:21:06][debug] 

call back:{"appid":"wx68e97424cae0f3cc","bank_type":"OTHERS","cash_fee":"8000","fee_type":"CNY","is_subscribe":"Y","mch_id":"1316656601","nonce_str":"uoqy37hrx6x13qyxe95odme4yk6pcl8e","openid":"oWTCLwW6FUJ-cLnAjo8CcOYrcsMg","out_trade_no":"738","result_code":"SUCCESS","return_code":"SUCCESS","sign":"96AB9E87DAAFE3415A444EC0DEFBCA78C6F5973A2F5A27807BC51DD9CC23783E","time_end":"20210831192106","total_fee":"8000","trade_type":"JSAPI","transaction_id":"4200001127202108317152896995"}
[2021-08-31 19:21:07][debug] query:{"appid":"wx68e97424cae0f3cc","attach":[],"bank_type":"OTHERS","cash_fee":"8000","cash_fee_type":"CNY","fee_type":"CNY","is_subscribe":"Y","mch_id":"1316656601","nonce_str":"NQa7ybO3gcF9MYdF","openid":"oWTCLwW6FUJ-cLnAjo8CcOYrcsMg","out_trade_no":"738","result_code":"SUCCESS","return_code":"SUCCESS","return_msg":"OK","sign":"08BC53A2E8A4E054AC6212FE246F4F3D064E2234C077A8D259028E1C87951229","time_end":"20210831192106","total_fee":"8000","trade_state":"SUCCESS","trade_state_desc":"\u652f\u4ed8\u6210\u529f","trade_type":"JSAPI","transaction_id":"4200001127202108317152896995"}
[2021-08-31 19:21:07][debug] 

call back， return xml:<xml><return_code><![CDATA[SUCCESS]]></return_code><return_msg><![CDATA[OK]]></return_msg></xml>
[2021-08-31 19:26:02][debug] 

call back:{"appid":"wx68e97424cae0f3cc","bank_type":"ICBC_DEBIT","cash_fee":"19900","fee_type":"CNY","is_subscribe":"Y","mch_id":"1316656601","nonce_str":"v7wlhmlfadhqoxp3a5u9gxclkiczmh1p","openid":"oWTCLwcEut6-XIhFCEAcnuBPuaxo","out_trade_no":"739","result_code":"SUCCESS","return_code":"SUCCESS","sign":"7D30D150607EDA4DBE64D99B58B043A27CAD4E028CC41802456206D5A4272BC8","time_end":"20210831192601","total_fee":"19900","trade_type":"JSAPI","transaction_id":"4200001208202108315279550758"}
[2021-08-31 19:26:02][debug] query:{"appid":"wx68e97424cae0f3cc","attach":[],"bank_type":"ICBC_DEBIT","cash_fee":"19900","cash_fee_type":"CNY","fee_type":"CNY","is_subscribe":"Y","mch_id":"1316656601","nonce_str":"fEE90PIqtTo2bxMz","openid":"oWTCLwcEut6-XIhFCEAcnuBPuaxo","out_trade_no":"739","result_code":"SUCCESS","return_code":"SUCCESS","return_msg":"OK","sign":"AF24C4CC3595C45332FA42754FC15303A85C546F2D84DEAA69299D13CFA6225B","time_end":"20210831192601","total_fee":"19900","trade_state":"SUCCESS","trade_state_desc":"\u652f\u4ed8\u6210\u529f","trade_type":"JSAPI","transaction_id":"4200001208202108315279550758"}
[2021-08-31 19:26:02][debug] 

call back， return xml:<xml><return_code><![CDATA[SUCCESS]]></return_code><return_msg><![CDATA[OK]]></return_msg></xml>
[2021-08-31 19:33:11][debug] 

call back:{"appid":"wx68e97424cae0f3cc","bank_type":"SCB_DEBIT","cash_fee":"8700","fee_type":"CNY","is_subscribe":"Y","mch_id":"1316656601","nonce_str":"mmupgeek3dwa4ubw8k7f55y0nyw22u5u","openid":"oWTCLwUhIbxY8uTQLrSysYlwkX28","out_trade_no":"740","result_code":"SUCCESS","return_code":"SUCCESS","sign":"FF496DB54124ACB68D4E0E9BBCA9B6A3494636463E59EB04F3ACE6A0DA8974C6","time_end":"20210831193311","total_fee":"8700","trade_type":"JSAPI","transaction_id":"4200001206202108315422980094"}
[2021-08-31 19:33:12][debug] query:{"appid":"wx68e97424cae0f3cc","attach":[],"bank_type":"SCB_DEBIT","cash_fee":"8700","cash_fee_type":"CNY","fee_type":"CNY","is_subscribe":"Y","mch_id":"1316656601","nonce_str":"f9yLlkWLxqwkF70J","openid":"oWTCLwUhIbxY8uTQLrSysYlwkX28","out_trade_no":"740","result_code":"SUCCESS","return_code":"SUCCESS","return_msg":"OK","sign":"DCC365614910DDB1A497CB22E8D9391DFBB51A358F5E393624D5F025187F98CB","time_end":"20210831193311","total_fee":"8700","trade_state":"SUCCESS","trade_state_desc":"\u652f\u4ed8\u6210\u529f","trade_type":"JSAPI","transaction_id":"4200001206202108315422980094"}
[2021-08-31 19:33:12][debug] 

call back， return xml:<xml><return_code><![CDATA[SUCCESS]]></return_code><return_msg><![CDATA[OK]]></return_msg></xml>
[2021-08-31 19:45:54][debug] 

call back:{"appid":"wx68e97424cae0f3cc","bank_type":"SCB_DEBIT","cash_fee":"12430","fee_type":"CNY","is_subscribe":"Y","mch_id":"1316656601","nonce_str":"d206gyswb8mm6d4w75ija2xoo44y8g9i","openid":"oWTCLwdAPMCutkMes-rLSzdwk-4g","out_trade_no":"741","result_code":"SUCCESS","return_code":"SUCCESS","sign":"F6D190CEC02DB710B6A089137FC94420DBE69EBD77A8CE7597C480E7DCAB4FB8","time_end":"20210831194553","total_fee":"12430","trade_type":"JSAPI","transaction_id":"4200001213202108311392933943"}
[2021-08-31 19:45:54][debug] query:{"appid":"wx68e97424cae0f3cc","attach":[],"bank_type":"SCB_DEBIT","cash_fee":"12430","cash_fee_type":"CNY","fee_type":"CNY","is_subscribe":"Y","mch_id":"1316656601","nonce_str":"cpgMAAfzyWReuksA","openid":"oWTCLwdAPMCutkMes-rLSzdwk-4g","out_trade_no":"741","result_code":"SUCCESS","return_code":"SUCCESS","return_msg":"OK","sign":"78ED9BCD41233026D01EB438088D7CF458572A55F3B1A94F22251E30C5F9AF16","time_end":"20210831194553","total_fee":"12430","trade_state":"SUCCESS","trade_state_desc":"\u652f\u4ed8\u6210\u529f","trade_type":"JSAPI","transaction_id":"4200001213202108311392933943"}
[2021-08-31 19:45:54][debug] 

call back， return xml:<xml><return_code><![CDATA[SUCCESS]]></return_code><return_msg><![CDATA[OK]]></return_msg></xml>
[2021-08-31 20:05:20][debug] 

call back:{"appid":"wx68e97424cae0f3cc","bank_type":"OTHERS","cash_fee":"10900","fee_type":"CNY","is_subscribe":"Y","mch_id":"1316656601","nonce_str":"739yfgom5men7w2qspuj2oz6gociq23l","openid":"oWTCLwe8Cbuqs-G8RApn4cKbzPfc","out_trade_no":"743","result_code":"SUCCESS","return_code":"SUCCESS","sign":"D94AED22C54DB383DB457A423CCA759D33D26580062AC86665571664093995AC","time_end":"20210831200519","total_fee":"10900","trade_type":"JSAPI","transaction_id":"4200001213202108310336210281"}
[2021-08-31 20:05:20][debug] query:{"appid":"wx68e97424cae0f3cc","attach":[],"bank_type":"OTHERS","cash_fee":"10900","cash_fee_type":"CNY","fee_type":"CNY","is_subscribe":"Y","mch_id":"1316656601","nonce_str":"Fl5DjeVVxLgZXdjD","openid":"oWTCLwe8Cbuqs-G8RApn4cKbzPfc","out_trade_no":"743","result_code":"SUCCESS","return_code":"SUCCESS","return_msg":"OK","sign":"38C79971C0CFDE3C2DA3C83A4D47B0DA959C71A03297D8DC1884E14AF135BE6A","time_end":"20210831200519","total_fee":"10900","trade_state":"SUCCESS","trade_state_desc":"\u652f\u4ed8\u6210\u529f","trade_type":"JSAPI","transaction_id":"4200001213202108310336210281"}
[2021-08-31 20:05:20][debug] 

call back， return xml:<xml><return_code><![CDATA[SUCCESS]]></return_code><return_msg><![CDATA[OK]]></return_msg></xml>
[2021-08-31 20:14:41][debug] 

call back:{"appid":"wx68e97424cae0f3cc","bank_type":"OTHERS","cash_fee":"10500","fee_type":"CNY","is_subscribe":"Y","mch_id":"1316656601","nonce_str":"i598oyai9hvw016sgdv3zoitamq8csho","openid":"oWTCLwcjEvkMVfN4tlHNt0t_nW4Y","out_trade_no":"744","result_code":"SUCCESS","return_code":"SUCCESS","sign":"F065782D3F592B4261157CDAD70FE716E8CA6EA8C6169268F022F9B6419E8DDA","time_end":"20210831201441","total_fee":"10500","trade_type":"JSAPI","transaction_id":"4200001118202108319797184280"}
[2021-08-31 20:14:41][debug] query:{"appid":"wx68e97424cae0f3cc","attach":[],"bank_type":"OTHERS","cash_fee":"10500","cash_fee_type":"CNY","fee_type":"CNY","is_subscribe":"Y","mch_id":"1316656601","nonce_str":"DgAZHWYzIgNsz3JV","openid":"oWTCLwcjEvkMVfN4tlHNt0t_nW4Y","out_trade_no":"744","result_code":"SUCCESS","return_code":"SUCCESS","return_msg":"OK","sign":"66EAE605682DAC305373C4ECBC6EF56606E84E1F2A8320987A86D1661820826C","time_end":"20210831201441","total_fee":"10500","trade_state":"SUCCESS","trade_state_desc":"\u652f\u4ed8\u6210\u529f","trade_type":"JSAPI","transaction_id":"4200001118202108319797184280"}
[2021-08-31 20:14:41][debug] 

call back， return xml:<xml><return_code><![CDATA[SUCCESS]]></return_code><return_msg><![CDATA[OK]]></return_msg></xml>
[2021-08-31 20:42:01][debug] 

call back:{"appid":"wx68e97424cae0f3cc","bank_type":"CCB_DEBIT","cash_fee":"13700","fee_type":"CNY","is_subscribe":"Y","mch_id":"1316656601","nonce_str":"yta8lio60et2hato74xz3o3pfc1hlkv3","openid":"oWTCLwdOgh7yBjCNIL_ksFEZLpbM","out_trade_no":"745","result_code":"SUCCESS","return_code":"SUCCESS","sign":"4B03EDD05012A4F9D5FA8D19A6C1DB991FA5B4222FC5C3D1D6D73A7010C3F3AB","time_end":"20210831204201","total_fee":"13700","trade_type":"JSAPI","transaction_id":"4200001217202108315046776922"}
[2021-08-31 20:42:02][debug] query:{"appid":"wx68e97424cae0f3cc","attach":[],"bank_type":"CCB_DEBIT","cash_fee":"13700","cash_fee_type":"CNY","fee_type":"CNY","is_subscribe":"Y","mch_id":"1316656601","nonce_str":"VcX8MVsFQeDPM7lo","openid":"oWTCLwdOgh7yBjCNIL_ksFEZLpbM","out_trade_no":"745","result_code":"SUCCESS","return_code":"SUCCESS","return_msg":"OK","sign":"16624307B6DAF5D297AE0BC71EAACF484DC3F073EB438F5BCE6C651C8DF709B8","time_end":"20210831204201","total_fee":"13700","trade_state":"SUCCESS","trade_state_desc":"\u652f\u4ed8\u6210\u529f","trade_type":"JSAPI","transaction_id":"4200001217202108315046776922"}
[2021-08-31 20:42:02][debug] 

call back， return xml:<xml><return_code><![CDATA[SUCCESS]]></return_code><return_msg><![CDATA[OK]]></return_msg></xml>
