[2021-07-27 14:22:26][debug] 

call back， return xml:<xml><return_code><![CDATA[FAIL]]></return_code><return_msg><![CDATA[OK]]></return_msg></xml>
[2021-07-27 14:22:27][debug] 

call back， return xml:<xml><return_code><![CDATA[FAIL]]></return_code><return_msg><![CDATA[OK]]></return_msg></xml>
[2021-07-27 14:22:28][debug] 

call back， return xml:<xml><return_code><![CDATA[FAIL]]></return_code><return_msg><![CDATA[OK]]></return_msg></xml>
[2021-07-27 14:22:29][debug] 

call back， return xml:<xml><return_code><![CDATA[FAIL]]></return_code><return_msg><![CDATA[OK]]></return_msg></xml>
[2021-07-27 14:22:30][debug] 

call back， return xml:<xml><return_code><![CDATA[FAIL]]></return_code><return_msg><![CDATA[OK]]></return_msg></xml>
[2021-07-27 14:22:31][debug] 

call back， return xml:<xml><return_code><![CDATA[FAIL]]></return_code><return_msg><![CDATA[OK]]></return_msg></xml>
[2021-07-27 14:22:42][debug] 

call back， return xml:<xml><return_code><![CDATA[FAIL]]></return_code><return_msg><![CDATA[OK]]></return_msg></xml>
[2021-07-27 14:22:47][debug] 

call back， return xml:<xml><return_code><![CDATA[FAIL]]></return_code><return_msg><![CDATA[OK]]></return_msg></xml>
[2021-07-27 14:22:57][debug] 

call back， return xml:<xml><return_code><![CDATA[FAIL]]></return_code><return_msg><![CDATA[OK]]></return_msg></xml>
[2021-07-27 14:23:02][debug] 

call back， return xml:<xml><return_code><![CDATA[FAIL]]></return_code><return_msg><![CDATA[OK]]></return_msg></xml>
[2021-07-27 14:23:28][debug] 

call back， return xml:<xml><return_code><![CDATA[FAIL]]></return_code><return_msg><![CDATA[OK]]></return_msg></xml>
[2021-07-27 14:23:32][debug] 

call back， return xml:<xml><return_code><![CDATA[FAIL]]></return_code><return_msg><![CDATA[OK]]></return_msg></xml>
[2021-07-27 14:24:14][debug] 

call back， return xml:<xml><return_code><![CDATA[FAIL]]></return_code><return_msg><![CDATA[OK]]></return_msg></xml>
[2021-07-27 14:24:15][debug] 

call back， return xml:<xml><return_code><![CDATA[FAIL]]></return_code><return_msg><![CDATA[OK]]></return_msg></xml>
[2021-07-27 14:24:16][debug] 

call back， return xml:<xml><return_code><![CDATA[FAIL]]></return_code><return_msg><![CDATA[OK]]></return_msg></xml>
[2021-07-27 14:24:17][debug] 

call back， return xml:<xml><return_code><![CDATA[FAIL]]></return_code><return_msg><![CDATA[OK]]></return_msg></xml>
[2021-07-27 14:24:18][debug] 

call back， return xml:<xml><return_code><![CDATA[FAIL]]></return_code><return_msg><![CDATA[OK]]></return_msg></xml>
[2021-07-27 14:24:19][debug] 

call back， return xml:<xml><return_code><![CDATA[FAIL]]></return_code><return_msg><![CDATA[OK]]></return_msg></xml>
[2021-07-27 14:24:30][debug] 

call back， return xml:<xml><return_code><![CDATA[FAIL]]></return_code><return_msg><![CDATA[OK]]></return_msg></xml>
[2021-07-27 14:24:34][debug] 

call back， return xml:<xml><return_code><![CDATA[FAIL]]></return_code><return_msg><![CDATA[OK]]></return_msg></xml>
[2021-07-27 14:24:45][debug] 

call back， return xml:<xml><return_code><![CDATA[FAIL]]></return_code><return_msg><![CDATA[OK]]></return_msg></xml>
[2021-07-27 14:24:49][debug] 

call back， return xml:<xml><return_code><![CDATA[FAIL]]></return_code><return_msg><![CDATA[OK]]></return_msg></xml>
[2021-07-27 14:25:16][debug] 

call back， return xml:<xml><return_code><![CDATA[FAIL]]></return_code><return_msg><![CDATA[OK]]></return_msg></xml>
[2021-07-27 14:25:19][debug] 

call back， return xml:<xml><return_code><![CDATA[FAIL]]></return_code><return_msg><![CDATA[OK]]></return_msg></xml>
[2021-07-27 14:26:29][debug] 

call back， return xml:<xml><return_code><![CDATA[FAIL]]></return_code><return_msg><![CDATA[OK]]></return_msg></xml>
[2021-07-27 14:26:32][debug] 

call back， return xml:<xml><return_code><![CDATA[FAIL]]></return_code><return_msg><![CDATA[OK]]></return_msg></xml>
[2021-07-27 14:28:17][debug] 

call back， return xml:<xml><return_code><![CDATA[FAIL]]></return_code><return_msg><![CDATA[OK]]></return_msg></xml>
[2021-07-27 14:28:20][debug] 

call back， return xml:<xml><return_code><![CDATA[FAIL]]></return_code><return_msg><![CDATA[OK]]></return_msg></xml>
[2021-07-27 14:32:36][debug] 

call back， return xml:<xml><return_code><![CDATA[FAIL]]></return_code><return_msg><![CDATA[OK]]></return_msg></xml>
[2021-07-27 14:32:37][debug] 

call back， return xml:<xml><return_code><![CDATA[FAIL]]></return_code><return_msg><![CDATA[OK]]></return_msg></xml>
[2021-07-27 14:32:38][debug] 

call back， return xml:<xml><return_code><![CDATA[FAIL]]></return_code><return_msg><![CDATA[OK]]></return_msg></xml>
[2021-07-27 14:32:39][debug] 

call back， return xml:<xml><return_code><![CDATA[FAIL]]></return_code><return_msg><![CDATA[OK]]></return_msg></xml>
[2021-07-27 14:32:40][debug] 

call back， return xml:<xml><return_code><![CDATA[FAIL]]></return_code><return_msg><![CDATA[OK]]></return_msg></xml>
[2021-07-27 14:32:41][debug] 

call back， return xml:<xml><return_code><![CDATA[FAIL]]></return_code><return_msg><![CDATA[OK]]></return_msg></xml>
[2021-07-27 14:32:52][debug] 

call back， return xml:<xml><return_code><![CDATA[FAIL]]></return_code><return_msg><![CDATA[OK]]></return_msg></xml>
[2021-07-27 14:32:57][debug] 

call back， return xml:<xml><return_code><![CDATA[FAIL]]></return_code><return_msg><![CDATA[OK]]></return_msg></xml>
[2021-07-27 14:33:08][debug] 

call back， return xml:<xml><return_code><![CDATA[FAIL]]></return_code><return_msg><![CDATA[OK]]></return_msg></xml>
[2021-07-27 14:33:12][debug] 

call back， return xml:<xml><return_code><![CDATA[FAIL]]></return_code><return_msg><![CDATA[OK]]></return_msg></xml>
[2021-07-27 14:33:39][debug] 

call back， return xml:<xml><return_code><![CDATA[FAIL]]></return_code><return_msg><![CDATA[OK]]></return_msg></xml>
[2021-07-27 14:33:42][debug] 

call back， return xml:<xml><return_code><![CDATA[FAIL]]></return_code><return_msg><![CDATA[OK]]></return_msg></xml>
[2021-07-27 14:36:29][debug] 

call back， return xml:<xml><return_code><![CDATA[FAIL]]></return_code><return_msg><![CDATA[OK]]></return_msg></xml>
[2021-07-27 14:36:32][debug] 

call back， return xml:<xml><return_code><![CDATA[FAIL]]></return_code><return_msg><![CDATA[OK]]></return_msg></xml>
[2021-07-27 14:36:40][debug] 

call back， return xml:<xml><return_code><![CDATA[FAIL]]></return_code><return_msg><![CDATA[OK]]></return_msg></xml>
[2021-07-27 14:36:42][debug] 

call back， return xml:<xml><return_code><![CDATA[FAIL]]></return_code><return_msg><![CDATA[OK]]></return_msg></xml>
[2021-07-27 14:38:18][debug] 

call back， return xml:<xml><return_code><![CDATA[FAIL]]></return_code><return_msg><![CDATA[OK]]></return_msg></xml>
[2021-07-27 14:38:20][debug] 

call back， return xml:<xml><return_code><![CDATA[FAIL]]></return_code><return_msg><![CDATA[OK]]></return_msg></xml>
[2021-07-27 14:46:42][debug] 

call back， return xml:<xml><return_code><![CDATA[FAIL]]></return_code><return_msg><![CDATA[OK]]></return_msg></xml>
[2021-07-27 14:46:42][debug] 

call back， return xml:<xml><return_code><![CDATA[FAIL]]></return_code><return_msg><![CDATA[OK]]></return_msg></xml>
[2021-07-27 14:56:30][debug] 

call back， return xml:<xml><return_code><![CDATA[FAIL]]></return_code><return_msg><![CDATA[OK]]></return_msg></xml>
[2021-07-27 14:56:32][debug] 

call back， return xml:<xml><return_code><![CDATA[FAIL]]></return_code><return_msg><![CDATA[OK]]></return_msg></xml>
[2021-07-27 14:58:19][debug] 

call back， return xml:<xml><return_code><![CDATA[FAIL]]></return_code><return_msg><![CDATA[OK]]></return_msg></xml>
[2021-07-27 14:58:20][debug] 

call back， return xml:<xml><return_code><![CDATA[FAIL]]></return_code><return_msg><![CDATA[OK]]></return_msg></xml>
[2021-07-27 15:06:42][debug] 

call back， return xml:<xml><return_code><![CDATA[FAIL]]></return_code><return_msg><![CDATA[OK]]></return_msg></xml>
[2021-07-27 15:06:43][debug] 

call back， return xml:<xml><return_code><![CDATA[FAIL]]></return_code><return_msg><![CDATA[OK]]></return_msg></xml>
[2021-07-27 15:26:30][debug] 

call back， return xml:<xml><return_code><![CDATA[FAIL]]></return_code><return_msg><![CDATA[OK]]></return_msg></xml>
[2021-07-27 15:26:32][debug] 

call back， return xml:<xml><return_code><![CDATA[FAIL]]></return_code><return_msg><![CDATA[OK]]></return_msg></xml>
[2021-07-27 15:28:20][debug] 

call back， return xml:<xml><return_code><![CDATA[FAIL]]></return_code><return_msg><![CDATA[OK]]></return_msg></xml>
[2021-07-27 15:28:21][debug] 

call back， return xml:<xml><return_code><![CDATA[FAIL]]></return_code><return_msg><![CDATA[OK]]></return_msg></xml>
[2021-07-27 15:36:42][debug] 

call back， return xml:<xml><return_code><![CDATA[FAIL]]></return_code><return_msg><![CDATA[OK]]></return_msg></xml>
[2021-07-27 15:36:44][debug] 

call back， return xml:<xml><return_code><![CDATA[FAIL]]></return_code><return_msg><![CDATA[OK]]></return_msg></xml>
[2021-07-27 15:56:31][debug] 

call back， return xml:<xml><return_code><![CDATA[FAIL]]></return_code><return_msg><![CDATA[OK]]></return_msg></xml>
[2021-07-27 15:56:32][debug] 

call back， return xml:<xml><return_code><![CDATA[FAIL]]></return_code><return_msg><![CDATA[OK]]></return_msg></xml>
[2021-07-27 15:58:20][debug] 

call back， return xml:<xml><return_code><![CDATA[FAIL]]></return_code><return_msg><![CDATA[OK]]></return_msg></xml>
[2021-07-27 15:58:22][debug] 

call back， return xml:<xml><return_code><![CDATA[FAIL]]></return_code><return_msg><![CDATA[OK]]></return_msg></xml>
[2021-07-27 16:06:42][debug] 

call back， return xml:<xml><return_code><![CDATA[FAIL]]></return_code><return_msg><![CDATA[OK]]></return_msg></xml>
[2021-07-27 16:06:45][debug] 

call back， return xml:<xml><return_code><![CDATA[FAIL]]></return_code><return_msg><![CDATA[OK]]></return_msg></xml>
[2021-07-27 16:26:33][debug] 

call back， return xml:<xml><return_code><![CDATA[FAIL]]></return_code><return_msg><![CDATA[OK]]></return_msg></xml>
[2021-07-27 16:28:20][debug] 

call back， return xml:<xml><return_code><![CDATA[FAIL]]></return_code><return_msg><![CDATA[OK]]></return_msg></xml>
[2021-07-27 16:36:43][debug] 

call back， return xml:<xml><return_code><![CDATA[FAIL]]></return_code><return_msg><![CDATA[OK]]></return_msg></xml>
[2021-07-27 16:56:33][debug] 

call back， return xml:<xml><return_code><![CDATA[FAIL]]></return_code><return_msg><![CDATA[OK]]></return_msg></xml>
[2021-07-27 16:58:23][debug] 

call back， return xml:<xml><return_code><![CDATA[FAIL]]></return_code><return_msg><![CDATA[OK]]></return_msg></xml>
[2021-07-27 17:06:46][debug] 

call back， return xml:<xml><return_code><![CDATA[FAIL]]></return_code><return_msg><![CDATA[OK]]></return_msg></xml>
[2021-07-27 17:26:33][debug] 

call back， return xml:<xml><return_code><![CDATA[FAIL]]></return_code><return_msg><![CDATA[OK]]></return_msg></xml>
[2021-07-27 17:28:20][debug] 

call back， return xml:<xml><return_code><![CDATA[FAIL]]></return_code><return_msg><![CDATA[OK]]></return_msg></xml>
[2021-07-27 17:36:43][debug] 

call back， return xml:<xml><return_code><![CDATA[FAIL]]></return_code><return_msg><![CDATA[OK]]></return_msg></xml>
[2021-07-27 18:23:46][debug] 

call back:{"appid":"wx68e97424cae0f3cc","bank_type":"OTHERS","cash_fee":"1","fee_type":"CNY","is_subscribe":"Y","mch_id":"1316656601","nonce_str":"8oih8xpyjjo83qocy092a43jcxifo18w","openid":"oWTCLwdVF2xSPf5z-43EYeV-Ex6w","out_trade_no":"164","result_code":"SUCCESS","return_code":"SUCCESS","sign":"B389520686165663016C43FA38737464D0EDF9EFDD41F3C38C3823128A23DBD3","time_end":"20210727182345","total_fee":"1","trade_type":"JSAPI","transaction_id":"4200001122202107271421938489"}
[2021-07-27 18:23:46][debug] query:{"appid":"wx68e97424cae0f3cc","attach":[],"bank_type":"OTHERS","cash_fee":"1","cash_fee_type":"CNY","fee_type":"CNY","is_subscribe":"Y","mch_id":"1316656601","nonce_str":"MdW5eVY1Lx8LF3Hy","openid":"oWTCLwdVF2xSPf5z-43EYeV-Ex6w","out_trade_no":"164","result_code":"SUCCESS","return_code":"SUCCESS","return_msg":"OK","sign":"E694011A382B0FA9B1D5671EF829198A28EE92E54D1EB1342988C1C402A17BE3","time_end":"20210727182345","total_fee":"1","trade_state":"SUCCESS","trade_state_desc":"\u652f\u4ed8\u6210\u529f","trade_type":"JSAPI","transaction_id":"4200001122202107271421938489"}
[2021-07-27 18:23:46][debug] 

call back， return xml:<xml><return_code><![CDATA[SUCCESS]]></return_code><return_msg><![CDATA[OK]]></return_msg></xml>
[2021-07-27 18:55:11][debug] 

call back:{"appid":"wx68e97424cae0f3cc","bank_type":"OTHERS","cash_fee":"1","fee_type":"CNY","is_subscribe":"Y","mch_id":"1316656601","nonce_str":"z15xp08qqkyf9n46l4rcmd5ltlekou8k","openid":"oWTCLwdVF2xSPf5z-43EYeV-Ex6w","out_trade_no":"171","result_code":"SUCCESS","return_code":"SUCCESS","sign":"91051A5D70424D1351FB706ABC23091D37909CE51AB8C3F837E67BE49B89DE22","time_end":"20210727185510","total_fee":"1","trade_type":"JSAPI","transaction_id":"4200001135202107275683440666"}
[2021-07-27 18:55:11][debug] query:{"appid":"wx68e97424cae0f3cc","attach":[],"bank_type":"OTHERS","cash_fee":"1","cash_fee_type":"CNY","fee_type":"CNY","is_subscribe":"Y","mch_id":"1316656601","nonce_str":"A7LZp2Ukwvfak3Ia","openid":"oWTCLwdVF2xSPf5z-43EYeV-Ex6w","out_trade_no":"171","result_code":"SUCCESS","return_code":"SUCCESS","return_msg":"OK","sign":"AF73071941517EFC72D3E4B97C115CB5E689F7FD66D3B2EC30F0E48FF0532FB0","time_end":"20210727185510","total_fee":"1","trade_state":"SUCCESS","trade_state_desc":"\u652f\u4ed8\u6210\u529f","trade_type":"JSAPI","transaction_id":"4200001135202107275683440666"}
[2021-07-27 18:55:11][debug] 

call back， return xml:<xml><return_code><![CDATA[SUCCESS]]></return_code><return_msg><![CDATA[OK]]></return_msg></xml>
[2021-07-27 19:56:35][debug] 

call back:{"appid":"wx68e97424cae0f3cc","bank_type":"OTHERS","cash_fee":"1","fee_type":"CNY","is_subscribe":"Y","mch_id":"1316656601","nonce_str":"ncw2ndaxeqefwe0agfgtv04gexzh0s1i","openid":"oWTCLwdVF2xSPf5z-43EYeV-Ex6w","out_trade_no":"150","result_code":"SUCCESS","return_code":"SUCCESS","sign":"735F7CDA2372F5C74901A01BBE8929F170F1BBA211763B2DA9447B6937BC4B43","time_end":"20210727142225","total_fee":"1","trade_type":"JSAPI","transaction_id":"4200001133202107270715642360"}
[2021-07-27 19:56:35][debug] query:{"appid":"wx68e97424cae0f3cc","attach":[],"bank_type":"OTHERS","cash_fee":"1","cash_fee_type":"CNY","fee_type":"CNY","is_subscribe":"Y","mch_id":"1316656601","nonce_str":"36jkugw1Oz9Cyeea","openid":"oWTCLwdVF2xSPf5z-43EYeV-Ex6w","out_trade_no":"150","result_code":"SUCCESS","return_code":"SUCCESS","return_msg":"OK","sign":"0770B5B2CE00FC0AFF38FF08F08A3E3D8B24CF221EC6A34382F97D34986AE78E","time_end":"20210727142225","total_fee":"1","trade_state":"SUCCESS","trade_state_desc":"\u652f\u4ed8\u6210\u529f","trade_type":"JSAPI","transaction_id":"4200001133202107270715642360"}
[2021-07-27 19:56:35][debug] 

call back， return xml:<xml><return_code><![CDATA[SUCCESS]]></return_code><return_msg><![CDATA[OK]]></return_msg></xml>
[2021-07-27 19:58:25][debug] 

call back:{"appid":"wx68e97424cae0f3cc","bank_type":"OTHERS","cash_fee":"1","fee_type":"CNY","is_subscribe":"Y","mch_id":"1316656601","nonce_str":"q777fxe1ws104l6z1vlx5nw4ptjao03w","openid":"oWTCLwdVF2xSPf5z-43EYeV-Ex6w","out_trade_no":"151","result_code":"SUCCESS","return_code":"SUCCESS","sign":"3651290B705210157AEFA859391604077F40BA3DEF163D8CFBE1F32E46FE1A2C","time_end":"20210727142413","total_fee":"1","trade_type":"JSAPI","transaction_id":"4200001228202107276867498879"}
[2021-07-27 19:58:25][debug] query:{"appid":"wx68e97424cae0f3cc","attach":[],"bank_type":"OTHERS","cash_fee":"1","cash_fee_type":"CNY","fee_type":"CNY","is_subscribe":"Y","mch_id":"1316656601","nonce_str":"xAfNjrEoFZA8Ntd5","openid":"oWTCLwdVF2xSPf5z-43EYeV-Ex6w","out_trade_no":"151","result_code":"SUCCESS","return_code":"SUCCESS","return_msg":"OK","sign":"63A08AC5ABAA01103CA5586EC8EA30D7392032E9B20C7062B38075B8A6F0F2E9","time_end":"20210727142413","total_fee":"1","trade_state":"SUCCESS","trade_state_desc":"\u652f\u4ed8\u6210\u529f","trade_type":"JSAPI","transaction_id":"4200001228202107276867498879"}
[2021-07-27 19:58:25][debug] 

call back， return xml:<xml><return_code><![CDATA[SUCCESS]]></return_code><return_msg><![CDATA[OK]]></return_msg></xml>
[2021-07-27 20:06:48][debug] 

call back:{"appid":"wx68e97424cae0f3cc","bank_type":"OTHERS","cash_fee":"1","fee_type":"CNY","is_subscribe":"Y","mch_id":"1316656601","nonce_str":"sto81auory5y99elnmx43du50zcv0jct","openid":"oWTCLwdVF2xSPf5z-43EYeV-Ex6w","out_trade_no":"152","result_code":"SUCCESS","return_code":"SUCCESS","sign":"6F23FC44707E3DFDF80EF5FFB0F5D0D9A15ABF9CB291FDCCE56540ABF8A3BFD2","time_end":"20210727143235","total_fee":"1","trade_type":"JSAPI","transaction_id":"4200001132202107273047903381"}
[2021-07-27 20:06:48][debug] query:{"appid":"wx68e97424cae0f3cc","attach":[],"bank_type":"OTHERS","cash_fee":"1","cash_fee_type":"CNY","fee_type":"CNY","is_subscribe":"Y","mch_id":"1316656601","nonce_str":"mZXnujE9MZev73zG","openid":"oWTCLwdVF2xSPf5z-43EYeV-Ex6w","out_trade_no":"152","result_code":"SUCCESS","return_code":"SUCCESS","return_msg":"OK","sign":"A5E073A78E3C93372F2CED49FCE60D1B929C2C4F18CD997F51722895D5EF767A","time_end":"20210727143235","total_fee":"1","trade_state":"SUCCESS","trade_state_desc":"\u652f\u4ed8\u6210\u529f","trade_type":"JSAPI","transaction_id":"4200001132202107273047903381"}
[2021-07-27 20:06:48][debug] 

call back， return xml:<xml><return_code><![CDATA[SUCCESS]]></return_code><return_msg><![CDATA[OK]]></return_msg></xml>
