[2021-08-04 10:25:03][debug] 

call back:{"appid":"wx68e97424cae0f3cc","bank_type":"OTHERS","cash_fee":"1","fee_type":"CNY","is_subscribe":"Y","mch_id":"1316656601","nonce_str":"897t0vlk32a58yjv8bb1rl4u4xbeg17s","openid":"oWTCLwdVF2xSPf5z-43EYeV-Ex6w","out_trade_no":"223","result_code":"SUCCESS","return_code":"SUCCESS","sign":"5D59C5495273EC01E4DBC143F9C1223C73227BAC02CB00DC80B39E2DEC1A4538","time_end":"20210804102502","total_fee":"1","trade_type":"JSAPI","transaction_id":"4200001127202108040505853636"}
[2021-08-04 10:25:03][debug] query:{"appid":"wx68e97424cae0f3cc","attach":[],"bank_type":"OTHERS","cash_fee":"1","cash_fee_type":"CNY","fee_type":"CNY","is_subscribe":"Y","mch_id":"1316656601","nonce_str":"33OnS5wZSGDhoBV8","openid":"oWTCLwdVF2xSPf5z-43EYeV-Ex6w","out_trade_no":"223","result_code":"SUCCESS","return_code":"SUCCESS","return_msg":"OK","sign":"C6A26CDAF2D98DFB74B74FE08F2A87177780F8CD71EEBCDD4CD97175EF1EDF59","time_end":"20210804102502","total_fee":"1","trade_state":"SUCCESS","trade_state_desc":"\u652f\u4ed8\u6210\u529f","trade_type":"JSAPI","transaction_id":"4200001127202108040505853636"}
[2021-08-04 10:25:03][debug] 

call back， return xml:<xml><return_code><![CDATA[SUCCESS]]></return_code><return_msg><![CDATA[OK]]></return_msg></xml>
[2021-08-04 14:03:43][debug] 

call back:{"appid":"wx68e97424cae0f3cc","bank_type":"OTHERS","cash_fee":"1","fee_type":"CNY","is_subscribe":"Y","mch_id":"1316656601","nonce_str":"x35c8wmgqfm5tkmkcx884mur9yry84fm","openid":"oWTCLwdVF2xSPf5z-43EYeV-Ex6w","out_trade_no":"227","result_code":"SUCCESS","return_code":"SUCCESS","sign":"43A82BC0077E4056F36776D46FA94EDAB4FD2E658DBF162E8F85CAACFE026E75","time_end":"20210804140342","total_fee":"1","trade_type":"JSAPI","transaction_id":"4200001229202108045909237600"}
[2021-08-04 14:03:43][debug] query:{"appid":"wx68e97424cae0f3cc","attach":[],"bank_type":"OTHERS","cash_fee":"1","cash_fee_type":"CNY","fee_type":"CNY","is_subscribe":"Y","mch_id":"1316656601","nonce_str":"wTKLQ2PSO2bUbKnY","openid":"oWTCLwdVF2xSPf5z-43EYeV-Ex6w","out_trade_no":"227","result_code":"SUCCESS","return_code":"SUCCESS","return_msg":"OK","sign":"9258936B40020BEA1DF3DC79138A50238FE3B3BF48C7A4764B4C2A9DD1581F5D","time_end":"20210804140342","total_fee":"1","trade_state":"SUCCESS","trade_state_desc":"\u652f\u4ed8\u6210\u529f","trade_type":"JSAPI","transaction_id":"4200001229202108045909237600"}
[2021-08-04 14:03:43][debug] 

call back， return xml:<xml><return_code><![CDATA[SUCCESS]]></return_code><return_msg><![CDATA[OK]]></return_msg></xml>
[2021-08-04 15:16:10][debug] 

call back:{"appid":"wx68e97424cae0f3cc","bank_type":"OTHERS","cash_fee":"1","fee_type":"CNY","is_subscribe":"Y","mch_id":"1316656601","nonce_str":"bedo637k2o3w1guoprti8o5f179naixd","openid":"oWTCLwf4j7WYX-k1x-rtFiYmrnBE","out_trade_no":"233","result_code":"SUCCESS","return_code":"SUCCESS","sign":"60B726A8226BEFDAD8E35CE8EA2B6167E4B91AA8E447FEA854B0D8A8E473A4CE","time_end":"20210804151609","total_fee":"1","trade_type":"JSAPI","transaction_id":"4200001208202108044222141293"}
[2021-08-04 15:16:10][debug] query:{"appid":"wx68e97424cae0f3cc","attach":[],"bank_type":"OTHERS","cash_fee":"1","cash_fee_type":"CNY","fee_type":"CNY","is_subscribe":"Y","mch_id":"1316656601","nonce_str":"OlHi1FKEUC4fYoWf","openid":"oWTCLwf4j7WYX-k1x-rtFiYmrnBE","out_trade_no":"233","result_code":"SUCCESS","return_code":"SUCCESS","return_msg":"OK","sign":"880BA386A8F2C7FCEF930B770E88F322B111831E0B9D08C7D0A9127FF636D920","time_end":"20210804151609","total_fee":"1","trade_state":"SUCCESS","trade_state_desc":"\u652f\u4ed8\u6210\u529f","trade_type":"JSAPI","transaction_id":"4200001208202108044222141293"}
[2021-08-04 15:16:10][debug] 

call back， return xml:<xml><return_code><![CDATA[SUCCESS]]></return_code><return_msg><![CDATA[OK]]></return_msg></xml>
[2021-08-04 16:46:23][debug] 

call back:{"appid":"wx68e97424cae0f3cc","bank_type":"OTHERS","cash_fee":"1","fee_type":"CNY","is_subscribe":"Y","mch_id":"1316656601","nonce_str":"kg6bz1q5i95is1stdtndx4ggqc4huu3e","openid":"oWTCLwf4j7WYX-k1x-rtFiYmrnBE","out_trade_no":"239","result_code":"SUCCESS","return_code":"SUCCESS","sign":"1C0C9C81194A9EE0F459C47EB93B843D35DCE63DD901033CA6C78F027039BD9D","time_end":"20210804164622","total_fee":"1","trade_type":"JSAPI","transaction_id":"4200001127202108043151820498"}
[2021-08-04 16:46:23][debug] query:{"appid":"wx68e97424cae0f3cc","attach":[],"bank_type":"OTHERS","cash_fee":"1","cash_fee_type":"CNY","fee_type":"CNY","is_subscribe":"Y","mch_id":"1316656601","nonce_str":"qas4x5LFfUsJZxIc","openid":"oWTCLwf4j7WYX-k1x-rtFiYmrnBE","out_trade_no":"239","result_code":"SUCCESS","return_code":"SUCCESS","return_msg":"OK","sign":"7771FD9B2E42A659A8EE9E83368ED4ADD4355D6649E71C2DFEB49355099D8F49","time_end":"20210804164622","total_fee":"1","trade_state":"SUCCESS","trade_state_desc":"\u652f\u4ed8\u6210\u529f","trade_type":"JSAPI","transaction_id":"4200001127202108043151820498"}
[2021-08-04 16:46:23][debug] 

call back， return xml:<xml><return_code><![CDATA[SUCCESS]]></return_code><return_msg><![CDATA[OK]]></return_msg></xml>
[2021-08-04 16:50:35][debug] 

call back:{"appid":"wx68e97424cae0f3cc","bank_type":"OTHERS","cash_fee":"1","fee_type":"CNY","is_subscribe":"Y","mch_id":"1316656601","nonce_str":"mpgg8wfiffzhmla5lxauc3l3eknuf8v8","openid":"oWTCLwf4j7WYX-k1x-rtFiYmrnBE","out_trade_no":"240","result_code":"SUCCESS","return_code":"SUCCESS","sign":"AC757AE7DFBF9FC7567DE57EAE4A4CB84005B23CCC64E121E608E54DA29F0B22","time_end":"20210804165035","total_fee":"1","trade_type":"JSAPI","transaction_id":"4200001128202108041779392674"}
[2021-08-04 16:50:36][debug] query:{"appid":"wx68e97424cae0f3cc","attach":[],"bank_type":"OTHERS","cash_fee":"1","cash_fee_type":"CNY","fee_type":"CNY","is_subscribe":"Y","mch_id":"1316656601","nonce_str":"dGw5KvGYz6G4ZROM","openid":"oWTCLwf4j7WYX-k1x-rtFiYmrnBE","out_trade_no":"240","result_code":"SUCCESS","return_code":"SUCCESS","return_msg":"OK","sign":"CD159E76DE422D32445F60D781AF6DD99C276826639B58DB0C8A4425B55F9D78","time_end":"20210804165035","total_fee":"1","trade_state":"SUCCESS","trade_state_desc":"\u652f\u4ed8\u6210\u529f","trade_type":"JSAPI","transaction_id":"4200001128202108041779392674"}
[2021-08-04 16:50:36][debug] 

call back， return xml:<xml><return_code><![CDATA[SUCCESS]]></return_code><return_msg><![CDATA[OK]]></return_msg></xml>
[2021-08-04 16:53:14][debug] 

call back:{"appid":"wx68e97424cae0f3cc","bank_type":"OTHERS","cash_fee":"1","fee_type":"CNY","is_subscribe":"Y","mch_id":"1316656601","nonce_str":"ygdawbuxkjduja5um7ilb94eb7bmgyi0","openid":"oWTCLwf4j7WYX-k1x-rtFiYmrnBE","out_trade_no":"241","result_code":"SUCCESS","return_code":"SUCCESS","sign":"2C8AEBABD60DB21A405BF4C85967A3EB8125A5ED2AB8A639485A16868B9ADFB8","time_end":"20210804165314","total_fee":"1","trade_type":"JSAPI","transaction_id":"4200001132202108047129881632"}
[2021-08-04 16:53:14][debug] query:{"appid":"wx68e97424cae0f3cc","attach":[],"bank_type":"OTHERS","cash_fee":"1","cash_fee_type":"CNY","fee_type":"CNY","is_subscribe":"Y","mch_id":"1316656601","nonce_str":"FrMlY4bD4zlK75bv","openid":"oWTCLwf4j7WYX-k1x-rtFiYmrnBE","out_trade_no":"241","result_code":"SUCCESS","return_code":"SUCCESS","return_msg":"OK","sign":"3683C76779AC572E09E81EFF54ADE3C2023EE036C74427D9505B1322D3611E95","time_end":"20210804165314","total_fee":"1","trade_state":"SUCCESS","trade_state_desc":"\u652f\u4ed8\u6210\u529f","trade_type":"JSAPI","transaction_id":"4200001132202108047129881632"}
[2021-08-04 16:53:14][debug] 

call back， return xml:<xml><return_code><![CDATA[SUCCESS]]></return_code><return_msg><![CDATA[OK]]></return_msg></xml>
[2021-08-04 16:55:42][debug] 

call back:{"appid":"wx68e97424cae0f3cc","bank_type":"OTHERS","cash_fee":"1","fee_type":"CNY","is_subscribe":"Y","mch_id":"1316656601","nonce_str":"e1okbxhml55fyof883gf9eerblzcui6b","openid":"oWTCLwf4j7WYX-k1x-rtFiYmrnBE","out_trade_no":"242","result_code":"SUCCESS","return_code":"SUCCESS","sign":"3C5CB2D4EA653C97C2A70EC489203110E72795F5A6CC7FBD677DFFB702CE089B","time_end":"20210804165542","total_fee":"1","trade_type":"JSAPI","transaction_id":"4200001125202108047366262786"}
[2021-08-04 16:55:42][debug] query:{"appid":"wx68e97424cae0f3cc","attach":[],"bank_type":"OTHERS","cash_fee":"1","cash_fee_type":"CNY","fee_type":"CNY","is_subscribe":"Y","mch_id":"1316656601","nonce_str":"oRV28CKdbj18vB5t","openid":"oWTCLwf4j7WYX-k1x-rtFiYmrnBE","out_trade_no":"242","result_code":"SUCCESS","return_code":"SUCCESS","return_msg":"OK","sign":"C612AF741A9070F1724C937A0C7A734B47F54D210C1F7A8B75DA9555B12C2A3E","time_end":"20210804165542","total_fee":"1","trade_state":"SUCCESS","trade_state_desc":"\u652f\u4ed8\u6210\u529f","trade_type":"JSAPI","transaction_id":"4200001125202108047366262786"}
[2021-08-04 16:55:42][debug] 

call back， return xml:<xml><return_code><![CDATA[SUCCESS]]></return_code><return_msg><![CDATA[OK]]></return_msg></xml>
[2021-08-04 16:57:05][debug] 

call back:{"appid":"wx68e97424cae0f3cc","bank_type":"OTHERS","cash_fee":"1","fee_type":"CNY","is_subscribe":"Y","mch_id":"1316656601","nonce_str":"mphccdf3kh6nqvjujhud36eakg2cqdpt","openid":"oWTCLwf4j7WYX-k1x-rtFiYmrnBE","out_trade_no":"243","result_code":"SUCCESS","return_code":"SUCCESS","sign":"C6172748534E0E621BE4BAAE51EAECF7494B2234B4D1CD0A491022B76AD126E2","time_end":"20210804165705","total_fee":"1","trade_type":"JSAPI","transaction_id":"4200001136202108048818900300"}
[2021-08-04 16:57:06][debug] query:{"appid":"wx68e97424cae0f3cc","attach":[],"bank_type":"OTHERS","cash_fee":"1","cash_fee_type":"CNY","fee_type":"CNY","is_subscribe":"Y","mch_id":"1316656601","nonce_str":"ltUuXop7FxNeg7PU","openid":"oWTCLwf4j7WYX-k1x-rtFiYmrnBE","out_trade_no":"243","result_code":"SUCCESS","return_code":"SUCCESS","return_msg":"OK","sign":"E0883012D7F1A9C1BE6AD1FDC2DE5A3ED4ACE048B69F68303C7A9CBFBBF5DF4C","time_end":"20210804165705","total_fee":"1","trade_state":"SUCCESS","trade_state_desc":"\u652f\u4ed8\u6210\u529f","trade_type":"JSAPI","transaction_id":"4200001136202108048818900300"}
[2021-08-04 16:57:06][debug] 

call back， return xml:<xml><return_code><![CDATA[SUCCESS]]></return_code><return_msg><![CDATA[OK]]></return_msg></xml>
[2021-08-04 17:16:20][debug] 

call back:{"appid":"wx68e97424cae0f3cc","bank_type":"OTHERS","cash_fee":"1","fee_type":"CNY","is_subscribe":"Y","mch_id":"1316656601","nonce_str":"51z5ksgork5m88ry14clj2h36awl5c2w","openid":"oWTCLwf4j7WYX-k1x-rtFiYmrnBE","out_trade_no":"245","result_code":"SUCCESS","return_code":"SUCCESS","sign":"81D011A7C7BDE285455ED807B3C41062815D29F91C514B8B86B113623FB23FCC","time_end":"20210804171620","total_fee":"1","trade_type":"JSAPI","transaction_id":"4200001219202108048200916879"}
[2021-08-04 17:16:20][debug] query:{"appid":"wx68e97424cae0f3cc","attach":[],"bank_type":"OTHERS","cash_fee":"1","cash_fee_type":"CNY","fee_type":"CNY","is_subscribe":"Y","mch_id":"1316656601","nonce_str":"iqQQXoTvBhKONvgV","openid":"oWTCLwf4j7WYX-k1x-rtFiYmrnBE","out_trade_no":"245","result_code":"SUCCESS","return_code":"SUCCESS","return_msg":"OK","sign":"75F3B59AF731F29BE5389BE6740D118EBC141D8E55AC221067D6AA3925A5D983","time_end":"20210804171620","total_fee":"1","trade_state":"SUCCESS","trade_state_desc":"\u652f\u4ed8\u6210\u529f","trade_type":"JSAPI","transaction_id":"4200001219202108048200916879"}
[2021-08-04 17:16:20][debug] 

call back， return xml:<xml><return_code><![CDATA[SUCCESS]]></return_code><return_msg><![CDATA[OK]]></return_msg></xml>
[2021-08-04 17:17:13][debug] 

call back:{"appid":"wx68e97424cae0f3cc","bank_type":"OTHERS","cash_fee":"1","fee_type":"CNY","is_subscribe":"Y","mch_id":"1316656601","nonce_str":"rpm64mjqvqw2hsnuukxgayn6yvtfpacf","openid":"oWTCLwf4j7WYX-k1x-rtFiYmrnBE","out_trade_no":"246","result_code":"SUCCESS","return_code":"SUCCESS","sign":"A46E2DB5C10BF0982A197FB608D68BC499FC09F0AC7DDE49098F1EA69CDF3BC3","time_end":"20210804171713","total_fee":"1","trade_type":"JSAPI","transaction_id":"4200001236202108047066312489"}
[2021-08-04 17:17:14][debug] query:{"appid":"wx68e97424cae0f3cc","attach":[],"bank_type":"OTHERS","cash_fee":"1","cash_fee_type":"CNY","fee_type":"CNY","is_subscribe":"Y","mch_id":"1316656601","nonce_str":"LsJQFhvgoU0N0aMB","openid":"oWTCLwf4j7WYX-k1x-rtFiYmrnBE","out_trade_no":"246","result_code":"SUCCESS","return_code":"SUCCESS","return_msg":"OK","sign":"6C93E3B35764C08AD5ACA17F279BB4FE644E964F97A6F459750E8CA9BB7EBECF","time_end":"20210804171713","total_fee":"1","trade_state":"SUCCESS","trade_state_desc":"\u652f\u4ed8\u6210\u529f","trade_type":"JSAPI","transaction_id":"4200001236202108047066312489"}
[2021-08-04 17:17:14][debug] 

call back， return xml:<xml><return_code><![CDATA[SUCCESS]]></return_code><return_msg><![CDATA[OK]]></return_msg></xml>
[2021-08-04 17:55:21][debug] 

call back:{"appid":"wx68e97424cae0f3cc","bank_type":"OTHERS","cash_fee":"1","fee_type":"CNY","is_subscribe":"Y","mch_id":"1316656601","nonce_str":"zh60k8dfc8cod543315d2gi7vzlgf5w3","openid":"oWTCLwdVF2xSPf5z-43EYeV-Ex6w","out_trade_no":"253","result_code":"SUCCESS","return_code":"SUCCESS","sign":"15D7FD417902173745F3604C3598478CEFD30BFBC93B03CEF50F4D4822956540","time_end":"20210804175521","total_fee":"1","trade_type":"JSAPI","transaction_id":"4200001146202108047000679415"}
[2021-08-04 17:55:22][debug] query:{"appid":"wx68e97424cae0f3cc","attach":[],"bank_type":"OTHERS","cash_fee":"1","cash_fee_type":"CNY","fee_type":"CNY","is_subscribe":"Y","mch_id":"1316656601","nonce_str":"glYRv0KT2ccZccPW","openid":"oWTCLwdVF2xSPf5z-43EYeV-Ex6w","out_trade_no":"253","result_code":"SUCCESS","return_code":"SUCCESS","return_msg":"OK","sign":"186B3A23CDA3B4D182B1EA2BA0215D8ED51D191C14947E2F4D3917969D189598","time_end":"20210804175521","total_fee":"1","trade_state":"SUCCESS","trade_state_desc":"\u652f\u4ed8\u6210\u529f","trade_type":"JSAPI","transaction_id":"4200001146202108047000679415"}
[2021-08-04 17:55:22][debug] 

call back， return xml:<xml><return_code><![CDATA[SUCCESS]]></return_code><return_msg><![CDATA[OK]]></return_msg></xml>
[2021-08-04 18:36:19][debug] 

call back:{"appid":"wx68e97424cae0f3cc","bank_type":"OTHERS","cash_fee":"1","fee_type":"CNY","is_subscribe":"Y","mch_id":"1316656601","nonce_str":"e9qfi7xhzl2abgddgun33fg0kpl2ho8e","openid":"oWTCLwdVF2xSPf5z-43EYeV-Ex6w","out_trade_no":"254","result_code":"SUCCESS","return_code":"SUCCESS","sign":"F70918D430049DEDBE6F43EEFF6D41C4CD4F09BF8D271B39A3CEE81B07246340","time_end":"20210804183619","total_fee":"1","trade_type":"JSAPI","transaction_id":"4200001204202108048558816762"}
[2021-08-04 18:36:20][debug] query:{"appid":"wx68e97424cae0f3cc","attach":[],"bank_type":"OTHERS","cash_fee":"1","cash_fee_type":"CNY","fee_type":"CNY","is_subscribe":"Y","mch_id":"1316656601","nonce_str":"3FWjN6Hpki9Xiszk","openid":"oWTCLwdVF2xSPf5z-43EYeV-Ex6w","out_trade_no":"254","result_code":"SUCCESS","return_code":"SUCCESS","return_msg":"OK","sign":"071BEEA91F8B7043A32D914EF7DD820C542D0ECB09C8CD4536356FC191853B7C","time_end":"20210804183619","total_fee":"1","trade_state":"SUCCESS","trade_state_desc":"\u652f\u4ed8\u6210\u529f","trade_type":"JSAPI","transaction_id":"4200001204202108048558816762"}
[2021-08-04 18:36:20][debug] 

call back， return xml:<xml><return_code><![CDATA[SUCCESS]]></return_code><return_msg><![CDATA[OK]]></return_msg></xml>
[2021-08-04 19:01:04][debug] 

call back:{"appid":"wx68e97424cae0f3cc","bank_type":"OTHERS","cash_fee":"1","fee_type":"CNY","is_subscribe":"Y","mch_id":"1316656601","nonce_str":"yih338xu43xonuwsys6gwxzvm8w4vtza","openid":"oWTCLwf4j7WYX-k1x-rtFiYmrnBE","out_trade_no":"260","result_code":"SUCCESS","return_code":"SUCCESS","sign":"22FBFAEB38D7EA3D7F933CD64506572D3CFB376C0185AEF3D84BF67C9444232C","time_end":"20210804190103","total_fee":"1","trade_type":"JSAPI","transaction_id":"4200001235202108049786207245"}
[2021-08-04 19:01:04][debug] query:{"appid":"wx68e97424cae0f3cc","attach":[],"bank_type":"OTHERS","cash_fee":"1","cash_fee_type":"CNY","fee_type":"CNY","is_subscribe":"Y","mch_id":"1316656601","nonce_str":"dCNtrQj5oAguyIWN","openid":"oWTCLwf4j7WYX-k1x-rtFiYmrnBE","out_trade_no":"260","result_code":"SUCCESS","return_code":"SUCCESS","return_msg":"OK","sign":"9786F27046429B99857C31F25227A3651450969758382F08F46CD7533942E22A","time_end":"20210804190103","total_fee":"1","trade_state":"SUCCESS","trade_state_desc":"\u652f\u4ed8\u6210\u529f","trade_type":"JSAPI","transaction_id":"4200001235202108049786207245"}
[2021-08-04 19:01:04][debug] 

call back， return xml:<xml><return_code><![CDATA[SUCCESS]]></return_code><return_msg><![CDATA[OK]]></return_msg></xml>
[2021-08-04 19:02:25][debug] 

call back:{"appid":"wx68e97424cae0f3cc","bank_type":"OTHERS","cash_fee":"1","fee_type":"CNY","is_subscribe":"Y","mch_id":"1316656601","nonce_str":"iseo3ayvp3efb7q5e5zljxzttt12pyki","openid":"oWTCLwf4j7WYX-k1x-rtFiYmrnBE","out_trade_no":"261","result_code":"SUCCESS","return_code":"SUCCESS","sign":"2281FFC7172DF43D64FBBA007A181CAB625646017FE3664412163D8093450402","time_end":"20210804190225","total_fee":"1","trade_type":"JSAPI","transaction_id":"4200001228202108047739053077"}
[2021-08-04 19:02:26][debug] query:{"appid":"wx68e97424cae0f3cc","attach":[],"bank_type":"OTHERS","cash_fee":"1","cash_fee_type":"CNY","fee_type":"CNY","is_subscribe":"Y","mch_id":"1316656601","nonce_str":"NAmfwoWWZAn9nxbk","openid":"oWTCLwf4j7WYX-k1x-rtFiYmrnBE","out_trade_no":"261","result_code":"SUCCESS","return_code":"SUCCESS","return_msg":"OK","sign":"7E096C7BB3207607D930ADB1861737AC434AA37B48F554E6DF17169AE4B71184","time_end":"20210804190225","total_fee":"1","trade_state":"SUCCESS","trade_state_desc":"\u652f\u4ed8\u6210\u529f","trade_type":"JSAPI","transaction_id":"4200001228202108047739053077"}
[2021-08-04 19:02:26][debug] 

call back， return xml:<xml><return_code><![CDATA[SUCCESS]]></return_code><return_msg><![CDATA[OK]]></return_msg></xml>
[2021-08-04 19:07:56][debug] 

call back:{"appid":"wx68e97424cae0f3cc","bank_type":"OTHERS","cash_fee":"1","fee_type":"CNY","is_subscribe":"Y","mch_id":"1316656601","nonce_str":"09fhindehut2drj5hq1vn6x2ry2wscgo","openid":"oWTCLwdVF2xSPf5z-43EYeV-Ex6w","out_trade_no":"265","result_code":"SUCCESS","return_code":"SUCCESS","sign":"BC994F604865F2C83BF74EDD6355C8620481BAE69C4250E63DFD02D6843B7316","time_end":"20210804190755","total_fee":"1","trade_type":"JSAPI","transaction_id":"4200001132202108044506175584"}
[2021-08-04 19:07:56][debug] query:{"appid":"wx68e97424cae0f3cc","attach":[],"bank_type":"OTHERS","cash_fee":"1","cash_fee_type":"CNY","fee_type":"CNY","is_subscribe":"Y","mch_id":"1316656601","nonce_str":"kV0GGyzOylUoseKC","openid":"oWTCLwdVF2xSPf5z-43EYeV-Ex6w","out_trade_no":"265","result_code":"SUCCESS","return_code":"SUCCESS","return_msg":"OK","sign":"EE5FABE6C21D1BD8FDE67D4FC6630DE54D57B974FD728EB435F4A54492ACE77C","time_end":"20210804190755","total_fee":"1","trade_state":"SUCCESS","trade_state_desc":"\u652f\u4ed8\u6210\u529f","trade_type":"JSAPI","transaction_id":"4200001132202108044506175584"}
[2021-08-04 19:07:56][debug] 

call back， return xml:<xml><return_code><![CDATA[SUCCESS]]></return_code><return_msg><![CDATA[OK]]></return_msg></xml>
[2021-08-04 19:09:30][debug] 

call back:{"appid":"wx68e97424cae0f3cc","bank_type":"OTHERS","cash_fee":"1","fee_type":"CNY","is_subscribe":"Y","mch_id":"1316656601","nonce_str":"cgko29jwgfcvfanugp53c2q76lkf1aw5","openid":"oWTCLwf4j7WYX-k1x-rtFiYmrnBE","out_trade_no":"266","result_code":"SUCCESS","return_code":"SUCCESS","sign":"F80E373ECB5D57721EFDF7CBDAB466C909EA6BAAC7F9ABA465068ECF4AA4B131","time_end":"20210804190930","total_fee":"1","trade_type":"JSAPI","transaction_id":"4200001146202108047940424082"}
[2021-08-04 19:09:30][debug] query:{"appid":"wx68e97424cae0f3cc","attach":[],"bank_type":"OTHERS","cash_fee":"1","cash_fee_type":"CNY","fee_type":"CNY","is_subscribe":"Y","mch_id":"1316656601","nonce_str":"lTRwxXxn34ZvvxZi","openid":"oWTCLwf4j7WYX-k1x-rtFiYmrnBE","out_trade_no":"266","result_code":"SUCCESS","return_code":"SUCCESS","return_msg":"OK","sign":"49B6D6FB8C4C23B304D958E32E273E91C8794DD3F4E8B3AABEAF5401886DD871","time_end":"20210804190930","total_fee":"1","trade_state":"SUCCESS","trade_state_desc":"\u652f\u4ed8\u6210\u529f","trade_type":"JSAPI","transaction_id":"4200001146202108047940424082"}
[2021-08-04 19:09:30][debug] 

call back， return xml:<xml><return_code><![CDATA[SUCCESS]]></return_code><return_msg><![CDATA[OK]]></return_msg></xml>
[2021-08-04 19:10:35][debug] 

call back:{"appid":"wx68e97424cae0f3cc","bank_type":"OTHERS","cash_fee":"1","fee_type":"CNY","is_subscribe":"Y","mch_id":"1316656601","nonce_str":"0hprm1836ubj0oa3ax6s6o637lnwr796","openid":"oWTCLwf4j7WYX-k1x-rtFiYmrnBE","out_trade_no":"267","result_code":"SUCCESS","return_code":"SUCCESS","sign":"21D698604FE189302BEA9C412355B2E505571A634D51D9F5839E8FC605D152A5","time_end":"20210804191034","total_fee":"1","trade_type":"JSAPI","transaction_id":"4200001205202108047912179253"}
[2021-08-04 19:10:35][debug] query:{"appid":"wx68e97424cae0f3cc","attach":[],"bank_type":"OTHERS","cash_fee":"1","cash_fee_type":"CNY","fee_type":"CNY","is_subscribe":"Y","mch_id":"1316656601","nonce_str":"T6ikFiNM26FrDuP2","openid":"oWTCLwf4j7WYX-k1x-rtFiYmrnBE","out_trade_no":"267","result_code":"SUCCESS","return_code":"SUCCESS","return_msg":"OK","sign":"C65FC3FFB7B761BCC1718AD85ABA09ED69E7DB5B98322DB19FEF6A8CF5F2621A","time_end":"20210804191034","total_fee":"1","trade_state":"SUCCESS","trade_state_desc":"\u652f\u4ed8\u6210\u529f","trade_type":"JSAPI","transaction_id":"4200001205202108047912179253"}
[2021-08-04 19:10:35][debug] 

call back， return xml:<xml><return_code><![CDATA[SUCCESS]]></return_code><return_msg><![CDATA[OK]]></return_msg></xml>
[2021-08-04 19:11:25][debug] 

call back:{"appid":"wx68e97424cae0f3cc","bank_type":"OTHERS","cash_fee":"1","fee_type":"CNY","is_subscribe":"Y","mch_id":"1316656601","nonce_str":"r2217r5mb3i27iuidsag0q1lc308ewtp","openid":"oWTCLwdVF2xSPf5z-43EYeV-Ex6w","out_trade_no":"268","result_code":"SUCCESS","return_code":"SUCCESS","sign":"5AD3D7A218F163E0666DA90FD9BD66D3E1C405EE171103A67995F8B967B8D47D","time_end":"20210804191125","total_fee":"1","trade_type":"JSAPI","transaction_id":"4200001232202108045078965631"}
[2021-08-04 19:11:26][debug] query:{"appid":"wx68e97424cae0f3cc","attach":[],"bank_type":"OTHERS","cash_fee":"1","cash_fee_type":"CNY","fee_type":"CNY","is_subscribe":"Y","mch_id":"1316656601","nonce_str":"kyU0dYHp4OZk2NWU","openid":"oWTCLwdVF2xSPf5z-43EYeV-Ex6w","out_trade_no":"268","result_code":"SUCCESS","return_code":"SUCCESS","return_msg":"OK","sign":"B27A27D714E6862E12671368DB783D64A218EF5428AC56E1356F6E084D7D3934","time_end":"20210804191125","total_fee":"1","trade_state":"SUCCESS","trade_state_desc":"\u652f\u4ed8\u6210\u529f","trade_type":"JSAPI","transaction_id":"4200001232202108045078965631"}
[2021-08-04 19:11:26][debug] 

call back， return xml:<xml><return_code><![CDATA[SUCCESS]]></return_code><return_msg><![CDATA[OK]]></return_msg></xml>
[2021-08-04 19:21:29][debug] 

call back:{"appid":"wx68e97424cae0f3cc","bank_type":"OTHERS","cash_fee":"1","fee_type":"CNY","is_subscribe":"Y","mch_id":"1316656601","nonce_str":"7wnmtrirwaadj70p3t8wt3qyi2fp33wy","openid":"oWTCLwf4j7WYX-k1x-rtFiYmrnBE","out_trade_no":"274","result_code":"SUCCESS","return_code":"SUCCESS","sign":"F6DF3A5E617FDBB6F2D19A0FAA08E7A2EF2BCEE3DA18919849DE7818F127CB09","time_end":"20210804192128","total_fee":"1","trade_type":"JSAPI","transaction_id":"4200001207202108048103673268"}
[2021-08-04 19:21:29][debug] query:{"appid":"wx68e97424cae0f3cc","attach":[],"bank_type":"OTHERS","cash_fee":"1","cash_fee_type":"CNY","fee_type":"CNY","is_subscribe":"Y","mch_id":"1316656601","nonce_str":"TiYXpHc41TtruOhY","openid":"oWTCLwf4j7WYX-k1x-rtFiYmrnBE","out_trade_no":"274","result_code":"SUCCESS","return_code":"SUCCESS","return_msg":"OK","sign":"4A43E98CA6B4CD475308BD85A3206720BC405FCC193CF3D947396AC068D138FD","time_end":"20210804192128","total_fee":"1","trade_state":"SUCCESS","trade_state_desc":"\u652f\u4ed8\u6210\u529f","trade_type":"JSAPI","transaction_id":"4200001207202108048103673268"}
[2021-08-04 19:21:29][debug] 

call back， return xml:<xml><return_code><![CDATA[SUCCESS]]></return_code><return_msg><![CDATA[OK]]></return_msg></xml>
[2021-08-04 19:24:17][debug] 

call back:{"appid":"wx68e97424cae0f3cc","bank_type":"OTHERS","cash_fee":"1","fee_type":"CNY","is_subscribe":"Y","mch_id":"1316656601","nonce_str":"e8rf66kd63sfsni3e4q3lfesc4sumxbm","openid":"oWTCLwdVF2xSPf5z-43EYeV-Ex6w","out_trade_no":"275","result_code":"SUCCESS","return_code":"SUCCESS","sign":"D1CB78E64BB84BBA1981C9D8576B12AEDC24624CD59354F14D367C9A6C04CA8C","time_end":"20210804192417","total_fee":"1","trade_type":"JSAPI","transaction_id":"4200001214202108042769502864"}
[2021-08-04 19:24:18][debug] query:{"appid":"wx68e97424cae0f3cc","attach":[],"bank_type":"OTHERS","cash_fee":"1","cash_fee_type":"CNY","fee_type":"CNY","is_subscribe":"Y","mch_id":"1316656601","nonce_str":"6mmvH0p0x9PkxdEf","openid":"oWTCLwdVF2xSPf5z-43EYeV-Ex6w","out_trade_no":"275","result_code":"SUCCESS","return_code":"SUCCESS","return_msg":"OK","sign":"BC08C115CC907645D47B39CE04E241E24E90E2F9EFDF4455C7D6A1FFBAA3310B","time_end":"20210804192417","total_fee":"1","trade_state":"SUCCESS","trade_state_desc":"\u652f\u4ed8\u6210\u529f","trade_type":"JSAPI","transaction_id":"4200001214202108042769502864"}
[2021-08-04 19:24:18][debug] 

call back， return xml:<xml><return_code><![CDATA[SUCCESS]]></return_code><return_msg><![CDATA[OK]]></return_msg></xml>
[2021-08-04 19:26:55][debug] 

call back:{"appid":"wx68e97424cae0f3cc","bank_type":"OTHERS","cash_fee":"1","fee_type":"CNY","is_subscribe":"Y","mch_id":"1316656601","nonce_str":"1q2ocziz90n2gd7l1zelc6isyc1ims9u","openid":"oWTCLwdVF2xSPf5z-43EYeV-Ex6w","out_trade_no":"276","result_code":"SUCCESS","return_code":"SUCCESS","sign":"05400129FAF25993A2E4D6D6C5D1CF5ACB34D17752D7C6CB93ADB7A5C725125E","time_end":"20210804192655","total_fee":"1","trade_type":"JSAPI","transaction_id":"4200001226202108040923082780"}
[2021-08-04 19:26:55][debug] query:{"appid":"wx68e97424cae0f3cc","attach":[],"bank_type":"OTHERS","cash_fee":"1","cash_fee_type":"CNY","fee_type":"CNY","is_subscribe":"Y","mch_id":"1316656601","nonce_str":"JVqAcPA4OwEBXwDN","openid":"oWTCLwdVF2xSPf5z-43EYeV-Ex6w","out_trade_no":"276","result_code":"SUCCESS","return_code":"SUCCESS","return_msg":"OK","sign":"E662818C5F85667161B3F82B4F67AA32E49141465D20E4305B6719C1B9EA8BEB","time_end":"20210804192655","total_fee":"1","trade_state":"SUCCESS","trade_state_desc":"\u652f\u4ed8\u6210\u529f","trade_type":"JSAPI","transaction_id":"4200001226202108040923082780"}
[2021-08-04 19:26:55][debug] 

call back， return xml:<xml><return_code><![CDATA[SUCCESS]]></return_code><return_msg><![CDATA[OK]]></return_msg></xml>
[2021-08-04 19:29:26][debug] 

call back:{"appid":"wx68e97424cae0f3cc","bank_type":"OTHERS","cash_fee":"1","fee_type":"CNY","is_subscribe":"Y","mch_id":"1316656601","nonce_str":"5nzm748cvyfa82ycprl6ppox2r2e4jfb","openid":"oWTCLwf4j7WYX-k1x-rtFiYmrnBE","out_trade_no":"277","result_code":"SUCCESS","return_code":"SUCCESS","sign":"880F8E5B39BEE308A563A1084D910E5C07F559C2C005AF46BE04F6E7BC07C484","time_end":"20210804192925","total_fee":"1","trade_type":"JSAPI","transaction_id":"4200001233202108047280162892"}
[2021-08-04 19:29:26][debug] query:{"appid":"wx68e97424cae0f3cc","attach":[],"bank_type":"OTHERS","cash_fee":"1","cash_fee_type":"CNY","fee_type":"CNY","is_subscribe":"Y","mch_id":"1316656601","nonce_str":"BNL2RqfhODlb2hUC","openid":"oWTCLwf4j7WYX-k1x-rtFiYmrnBE","out_trade_no":"277","result_code":"SUCCESS","return_code":"SUCCESS","return_msg":"OK","sign":"E1ABEB729BF9FD146211E718F5AB39E82EB2215343FBAB88E154EF8C1DD4AA5E","time_end":"20210804192925","total_fee":"1","trade_state":"SUCCESS","trade_state_desc":"\u652f\u4ed8\u6210\u529f","trade_type":"JSAPI","transaction_id":"4200001233202108047280162892"}
[2021-08-04 19:29:26][debug] 

call back， return xml:<xml><return_code><![CDATA[SUCCESS]]></return_code><return_msg><![CDATA[OK]]></return_msg></xml>
[2021-08-04 19:37:01][debug] 

call back:{"appid":"wx68e97424cae0f3cc","bank_type":"OTHERS","cash_fee":"1","fee_type":"CNY","is_subscribe":"Y","mch_id":"1316656601","nonce_str":"zj6mzo7nfzbei1bk4pomc33gndlk7c8w","openid":"oWTCLwf4j7WYX-k1x-rtFiYmrnBE","out_trade_no":"279","result_code":"SUCCESS","return_code":"SUCCESS","sign":"2E20A992C258B3E04355D3807D800E96371AF7205AEEE9316D182D99D50BEE6C","time_end":"20210804193701","total_fee":"1","trade_type":"JSAPI","transaction_id":"4200001133202108045185448024"}
[2021-08-04 19:37:02][debug] query:{"appid":"wx68e97424cae0f3cc","attach":[],"bank_type":"OTHERS","cash_fee":"1","cash_fee_type":"CNY","fee_type":"CNY","is_subscribe":"Y","mch_id":"1316656601","nonce_str":"7SMEytH0FJZHh9RY","openid":"oWTCLwf4j7WYX-k1x-rtFiYmrnBE","out_trade_no":"279","result_code":"SUCCESS","return_code":"SUCCESS","return_msg":"OK","sign":"EEBB7D2025575AEF1F77DCC979A55A061A5F08C4DA5D42DBC6C43A344D7D3AA8","time_end":"20210804193701","total_fee":"1","trade_state":"SUCCESS","trade_state_desc":"\u652f\u4ed8\u6210\u529f","trade_type":"JSAPI","transaction_id":"4200001133202108045185448024"}
[2021-08-04 19:37:02][debug] 

call back， return xml:<xml><return_code><![CDATA[SUCCESS]]></return_code><return_msg><![CDATA[OK]]></return_msg></xml>
[2021-08-04 19:38:10][debug] 

call back:{"appid":"wx68e97424cae0f3cc","bank_type":"OTHERS","cash_fee":"1","fee_type":"CNY","is_subscribe":"Y","mch_id":"1316656601","nonce_str":"d1zv5tpbty8p7bb4d6kunphtxtk2na95","openid":"oWTCLwdVF2xSPf5z-43EYeV-Ex6w","out_trade_no":"281","result_code":"SUCCESS","return_code":"SUCCESS","sign":"08DA128F6ACEFA1A46E1A2A7774C84CDE402971B784FC0FD39DF3114D4FB751D","time_end":"20210804193809","total_fee":"1","trade_type":"JSAPI","transaction_id":"4200001135202108044849468965"}
[2021-08-04 19:38:10][debug] query:{"appid":"wx68e97424cae0f3cc","attach":[],"bank_type":"OTHERS","cash_fee":"1","cash_fee_type":"CNY","fee_type":"CNY","is_subscribe":"Y","mch_id":"1316656601","nonce_str":"A9DBILzPV9X30E8g","openid":"oWTCLwdVF2xSPf5z-43EYeV-Ex6w","out_trade_no":"281","result_code":"SUCCESS","return_code":"SUCCESS","return_msg":"OK","sign":"B0D59B0DE07C574B113E5C4337E09C2DD701A3D609C06302F1C644145F9FAE8E","time_end":"20210804193809","total_fee":"1","trade_state":"SUCCESS","trade_state_desc":"\u652f\u4ed8\u6210\u529f","trade_type":"JSAPI","transaction_id":"4200001135202108044849468965"}
[2021-08-04 19:38:10][debug] 

call back， return xml:<xml><return_code><![CDATA[SUCCESS]]></return_code><return_msg><![CDATA[OK]]></return_msg></xml>
[2021-08-04 19:39:26][debug] 

call back:{"appid":"wx68e97424cae0f3cc","bank_type":"OTHERS","cash_fee":"1","fee_type":"CNY","is_subscribe":"Y","mch_id":"1316656601","nonce_str":"8axq4cp20oe22jopk82mj322jx56m0q7","openid":"oWTCLwf4j7WYX-k1x-rtFiYmrnBE","out_trade_no":"282","result_code":"SUCCESS","return_code":"SUCCESS","sign":"5BE2BEAEA67481518C1679321E4CD3D039AEF1A1E1CD994E3F8448066B3EF43A","time_end":"20210804193925","total_fee":"1","trade_type":"JSAPI","transaction_id":"4200001125202108049567797907"}
[2021-08-04 19:39:26][debug] query:{"appid":"wx68e97424cae0f3cc","attach":[],"bank_type":"OTHERS","cash_fee":"1","cash_fee_type":"CNY","fee_type":"CNY","is_subscribe":"Y","mch_id":"1316656601","nonce_str":"3FNaZNTJamAgCVGM","openid":"oWTCLwf4j7WYX-k1x-rtFiYmrnBE","out_trade_no":"282","result_code":"SUCCESS","return_code":"SUCCESS","return_msg":"OK","sign":"B330A08385332643EB7D8DBC5ECB7C1C0229F8E3E11A3C9BBF9CEE3AC696EAC1","time_end":"20210804193925","total_fee":"1","trade_state":"SUCCESS","trade_state_desc":"\u652f\u4ed8\u6210\u529f","trade_type":"JSAPI","transaction_id":"4200001125202108049567797907"}
[2021-08-04 19:39:26][debug] 

call back， return xml:<xml><return_code><![CDATA[SUCCESS]]></return_code><return_msg><![CDATA[OK]]></return_msg></xml>
[2021-08-04 19:42:11][debug] 

call back:{"appid":"wx68e97424cae0f3cc","bank_type":"OTHERS","cash_fee":"1","fee_type":"CNY","is_subscribe":"Y","mch_id":"1316656601","nonce_str":"m5z8rbg0godasdq68s0jlsz9dyij5og7","openid":"oWTCLwf4j7WYX-k1x-rtFiYmrnBE","out_trade_no":"285","result_code":"SUCCESS","return_code":"SUCCESS","sign":"9465CAC204E945FE9A451DEB79F305D2903E7607FE4E8B54B8CE04C31E00D3A6","time_end":"20210804194211","total_fee":"1","trade_type":"JSAPI","transaction_id":"4200001119202108047126539880"}
[2021-08-04 19:42:12][debug] query:{"appid":"wx68e97424cae0f3cc","attach":[],"bank_type":"OTHERS","cash_fee":"1","cash_fee_type":"CNY","fee_type":"CNY","is_subscribe":"Y","mch_id":"1316656601","nonce_str":"BYx43DpxWWIW3NmU","openid":"oWTCLwf4j7WYX-k1x-rtFiYmrnBE","out_trade_no":"285","result_code":"SUCCESS","return_code":"SUCCESS","return_msg":"OK","sign":"7D0DBB6F3C49501FCB4932D4486C28F2A82771DD358FE9345B0532932F3917AE","time_end":"20210804194211","total_fee":"1","trade_state":"SUCCESS","trade_state_desc":"\u652f\u4ed8\u6210\u529f","trade_type":"JSAPI","transaction_id":"4200001119202108047126539880"}
[2021-08-04 19:42:12][debug] 

call back， return xml:<xml><return_code><![CDATA[SUCCESS]]></return_code><return_msg><![CDATA[OK]]></return_msg></xml>
[2021-08-04 19:44:10][debug] 

call back:{"appid":"wx68e97424cae0f3cc","bank_type":"OTHERS","cash_fee":"1","fee_type":"CNY","is_subscribe":"Y","mch_id":"1316656601","nonce_str":"0no3p6kvr5vbwlzwv4owws2zw7e60do7","openid":"oWTCLwf4j7WYX-k1x-rtFiYmrnBE","out_trade_no":"286","result_code":"SUCCESS","return_code":"SUCCESS","sign":"B0122CDDEF25E69466996D3B0F9C097898B0239CF74DA5DA5985DE8FEBDB0A0A","time_end":"20210804194410","total_fee":"1","trade_type":"JSAPI","transaction_id":"4200001142202108040822938417"}
[2021-08-04 19:44:10][debug] query:{"appid":"wx68e97424cae0f3cc","attach":[],"bank_type":"OTHERS","cash_fee":"1","cash_fee_type":"CNY","fee_type":"CNY","is_subscribe":"Y","mch_id":"1316656601","nonce_str":"QHeAbcN8GZS7FTYO","openid":"oWTCLwf4j7WYX-k1x-rtFiYmrnBE","out_trade_no":"286","result_code":"SUCCESS","return_code":"SUCCESS","return_msg":"OK","sign":"30272FAEF2C059A1CC720EFFB88FB04CB4109854CA26D72A011FB8C864B13157","time_end":"20210804194410","total_fee":"1","trade_state":"SUCCESS","trade_state_desc":"\u652f\u4ed8\u6210\u529f","trade_type":"JSAPI","transaction_id":"4200001142202108040822938417"}
[2021-08-04 19:44:10][debug] 

call back， return xml:<xml><return_code><![CDATA[SUCCESS]]></return_code><return_msg><![CDATA[OK]]></return_msg></xml>
[2021-08-04 19:45:39][debug] 

call back:{"appid":"wx68e97424cae0f3cc","bank_type":"OTHERS","cash_fee":"1","fee_type":"CNY","is_subscribe":"Y","mch_id":"1316656601","nonce_str":"3dmp0c1vrz0pqiz238s2x9acb9b1opw1","openid":"oWTCLwf4j7WYX-k1x-rtFiYmrnBE","out_trade_no":"287","result_code":"SUCCESS","return_code":"SUCCESS","sign":"8721E304CE6515E48B5360F226AC507268A0E159EB6535F9BE310B359ACB658D","time_end":"20210804194539","total_fee":"1","trade_type":"JSAPI","transaction_id":"4200001129202108042982914980"}
[2021-08-04 19:45:40][debug] query:{"appid":"wx68e97424cae0f3cc","attach":[],"bank_type":"OTHERS","cash_fee":"1","cash_fee_type":"CNY","fee_type":"CNY","is_subscribe":"Y","mch_id":"1316656601","nonce_str":"xRo3Fc39Y6yXDUBU","openid":"oWTCLwf4j7WYX-k1x-rtFiYmrnBE","out_trade_no":"287","result_code":"SUCCESS","return_code":"SUCCESS","return_msg":"OK","sign":"DF2D7794A11F0D88CB00D67E2C751A9D012355544DC3CC0F7FC316238057812B","time_end":"20210804194539","total_fee":"1","trade_state":"SUCCESS","trade_state_desc":"\u652f\u4ed8\u6210\u529f","trade_type":"JSAPI","transaction_id":"4200001129202108042982914980"}
[2021-08-04 19:45:40][debug] 

call back， return xml:<xml><return_code><![CDATA[SUCCESS]]></return_code><return_msg><![CDATA[OK]]></return_msg></xml>
