[2021-08-30 08:11:16][debug] 

call back:{"appid":"wx68e97424cae0f3cc","bank_type":"OTHERS","cash_fee":"31400","fee_type":"CNY","is_subscribe":"Y","mch_id":"1316656601","nonce_str":"8gmuqcictwsk04di23mya04jonxxeim7","openid":"oWTCLwXJiB-VbzngrkeAkA10c6nQ","out_trade_no":"620","result_code":"SUCCESS","return_code":"SUCCESS","sign":"B887A761D239262BDE4E392EB86D3E12DDF0901CFBB5A7A96BA18D3E82B52D98","time_end":"20210830081115","total_fee":"31400","trade_type":"JSAPI","transaction_id":"4200001123202108308048966358"}
[2021-08-30 08:11:16][debug] query:{"appid":"wx68e97424cae0f3cc","attach":[],"bank_type":"OTHERS","cash_fee":"31400","cash_fee_type":"CNY","fee_type":"CNY","is_subscribe":"Y","mch_id":"1316656601","nonce_str":"2CdExlvWC5iCFh9G","openid":"oWTCLwXJiB-VbzngrkeAkA10c6nQ","out_trade_no":"620","result_code":"SUCCESS","return_code":"SUCCESS","return_msg":"OK","sign":"256B50916A1BA08DBAB3E1ADFC2B138C993B2754B0B71D2EE1B8E138DEF41AE8","time_end":"20210830081115","total_fee":"31400","trade_state":"SUCCESS","trade_state_desc":"\u652f\u4ed8\u6210\u529f","trade_type":"JSAPI","transaction_id":"4200001123202108308048966358"}
[2021-08-30 08:11:16][debug] 

call back， return xml:<xml><return_code><![CDATA[SUCCESS]]></return_code><return_msg><![CDATA[OK]]></return_msg></xml>
[2021-08-30 08:42:51][debug] 

call back:{"appid":"wx68e97424cae0f3cc","bank_type":"OTHERS","cash_fee":"9500","fee_type":"CNY","is_subscribe":"Y","mch_id":"1316656601","nonce_str":"km2u97m35a2dpw6n428u6u4yt41yf015","openid":"oWTCLwUu5ZrKxpy9hNWQHAbUb0cg","out_trade_no":"621","result_code":"SUCCESS","return_code":"SUCCESS","sign":"12B6473DC585B40DAEA6AED3E3E56BAB4743B4A71B2A32A75AE4BFA7766463D2","time_end":"20210830084250","total_fee":"9500","trade_type":"JSAPI","transaction_id":"4200001138202108304094683596"}
[2021-08-30 08:42:51][debug] query:{"appid":"wx68e97424cae0f3cc","attach":[],"bank_type":"OTHERS","cash_fee":"9500","cash_fee_type":"CNY","fee_type":"CNY","is_subscribe":"Y","mch_id":"1316656601","nonce_str":"dz7ViBpRL0MrhXHm","openid":"oWTCLwUu5ZrKxpy9hNWQHAbUb0cg","out_trade_no":"621","result_code":"SUCCESS","return_code":"SUCCESS","return_msg":"OK","sign":"BAD27340B83AAAC4C63AF443FB29D8E66BBD73DEC856429BD281B65C30AA15CC","time_end":"20210830084250","total_fee":"9500","trade_state":"SUCCESS","trade_state_desc":"\u652f\u4ed8\u6210\u529f","trade_type":"JSAPI","transaction_id":"4200001138202108304094683596"}
[2021-08-30 08:42:51][debug] 

call back， return xml:<xml><return_code><![CDATA[SUCCESS]]></return_code><return_msg><![CDATA[OK]]></return_msg></xml>
[2021-08-30 09:56:22][debug] 

call back:{"appid":"wx68e97424cae0f3cc","bank_type":"OTHERS","cash_fee":"26300","fee_type":"CNY","is_subscribe":"Y","mch_id":"1316656601","nonce_str":"ushlt6npp73rqh3pmo5hpz0jwjqbitkd","openid":"oWTCLwUjSrcF-yFgx9hmMOHWCCvs","out_trade_no":"622","result_code":"SUCCESS","return_code":"SUCCESS","sign":"00EBD05D92CE0CEF72A06AFD92AA58DA3ED5115E94126EF875F1E4E07E505529","time_end":"20210830095622","total_fee":"26300","trade_type":"JSAPI","transaction_id":"4200001146202108308963612658"}
[2021-08-30 09:56:23][debug] query:{"appid":"wx68e97424cae0f3cc","attach":[],"bank_type":"OTHERS","cash_fee":"26300","cash_fee_type":"CNY","fee_type":"CNY","is_subscribe":"Y","mch_id":"1316656601","nonce_str":"0qCRXXi456C1BfAc","openid":"oWTCLwUjSrcF-yFgx9hmMOHWCCvs","out_trade_no":"622","result_code":"SUCCESS","return_code":"SUCCESS","return_msg":"OK","sign":"D6B8B98A5D1AB3974605A4C9693A4D970226D594B91A74EE50A508F5217ABA78","time_end":"20210830095622","total_fee":"26300","trade_state":"SUCCESS","trade_state_desc":"\u652f\u4ed8\u6210\u529f","trade_type":"JSAPI","transaction_id":"4200001146202108308963612658"}
[2021-08-30 09:56:23][debug] 

call back， return xml:<xml><return_code><![CDATA[SUCCESS]]></return_code><return_msg><![CDATA[OK]]></return_msg></xml>
[2021-08-30 10:11:49][debug] 

call back:{"appid":"wx68e97424cae0f3cc","bank_type":"ICBC_DEBIT","cash_fee":"14300","fee_type":"CNY","is_subscribe":"Y","mch_id":"1316656601","nonce_str":"bcukpno33m04rkl9qm8ouy7jgdlmbd0f","openid":"oWTCLwTGiWGP1kUkStF7kXEwzh7s","out_trade_no":"623","result_code":"SUCCESS","return_code":"SUCCESS","sign":"AE5C107A2BC4D154C0F247F026F44532256EA87C8668CB9BE9B4B0488200F245","time_end":"20210830101149","total_fee":"14300","trade_type":"JSAPI","transaction_id":"4200001117202108300241689657"}
[2021-08-30 10:11:50][debug] query:{"appid":"wx68e97424cae0f3cc","attach":[],"bank_type":"ICBC_DEBIT","cash_fee":"14300","cash_fee_type":"CNY","fee_type":"CNY","is_subscribe":"Y","mch_id":"1316656601","nonce_str":"eUWcXhDcx9pLUvCg","openid":"oWTCLwTGiWGP1kUkStF7kXEwzh7s","out_trade_no":"623","result_code":"SUCCESS","return_code":"SUCCESS","return_msg":"OK","sign":"FDF0718D85593B94D8349E0F2D8BAB1F7D66B7C19B2572A8A94284CC5A2856F1","time_end":"20210830101149","total_fee":"14300","trade_state":"SUCCESS","trade_state_desc":"\u652f\u4ed8\u6210\u529f","trade_type":"JSAPI","transaction_id":"4200001117202108300241689657"}
[2021-08-30 10:11:50][debug] 

call back， return xml:<xml><return_code><![CDATA[SUCCESS]]></return_code><return_msg><![CDATA[OK]]></return_msg></xml>
[2021-08-30 10:18:54][debug] 

call back:{"appid":"wx68e97424cae0f3cc","bank_type":"OTHERS","cash_fee":"8800","fee_type":"CNY","is_subscribe":"Y","mch_id":"1316656601","nonce_str":"4cflto4zjs555sntqzmx5uktjmycya19","openid":"oWTCLwU11faRUH_l20C-_xZypzFc","out_trade_no":"625","result_code":"SUCCESS","return_code":"SUCCESS","sign":"B707054524ADCD250EE0EF8DB48792E9A2DE2313E807FA4C7E3CCC4E6A0D2596","time_end":"20210830101854","total_fee":"8800","trade_type":"JSAPI","transaction_id":"4200001124202108300330512325"}
[2021-08-30 10:18:55][debug] query:{"appid":"wx68e97424cae0f3cc","attach":[],"bank_type":"OTHERS","cash_fee":"8800","cash_fee_type":"CNY","fee_type":"CNY","is_subscribe":"Y","mch_id":"1316656601","nonce_str":"rhhDs8J2h5QHJLZB","openid":"oWTCLwU11faRUH_l20C-_xZypzFc","out_trade_no":"625","result_code":"SUCCESS","return_code":"SUCCESS","return_msg":"OK","sign":"C4D57098B60C991F7CA3B0C5F58F189B9EA1D6D611984CA7D6975C500B77C750","time_end":"20210830101854","total_fee":"8800","trade_state":"SUCCESS","trade_state_desc":"\u652f\u4ed8\u6210\u529f","trade_type":"JSAPI","transaction_id":"4200001124202108300330512325"}
[2021-08-30 10:18:55][debug] 

call back， return xml:<xml><return_code><![CDATA[SUCCESS]]></return_code><return_msg><![CDATA[OK]]></return_msg></xml>
[2021-08-30 10:56:56][debug] 

call back:{"appid":"wx68e97424cae0f3cc","bank_type":"ICBC_DEBIT","cash_fee":"9900","fee_type":"CNY","is_subscribe":"Y","mch_id":"1316656601","nonce_str":"ny1t6bz9mws2wxxadw9h691zb6opyz8m","openid":"oWTCLwdLRinR4aZsd3cAWsyCHmms","out_trade_no":"627","result_code":"SUCCESS","return_code":"SUCCESS","sign":"F2EEFEEC4C1E8354F5A03E4B9DAC58962F86A8FD47CAC4DE6DCE65E9BEF23A60","time_end":"20210830105656","total_fee":"9900","trade_type":"JSAPI","transaction_id":"4200001131202108304370663456"}
[2021-08-30 10:56:57][debug] query:{"appid":"wx68e97424cae0f3cc","attach":[],"bank_type":"ICBC_DEBIT","cash_fee":"9900","cash_fee_type":"CNY","fee_type":"CNY","is_subscribe":"Y","mch_id":"1316656601","nonce_str":"XppjWOJzAsm45k8b","openid":"oWTCLwdLRinR4aZsd3cAWsyCHmms","out_trade_no":"627","result_code":"SUCCESS","return_code":"SUCCESS","return_msg":"OK","sign":"58536D9CDBBA45DB64E6B3B3A9EA88F17915497280189CEDC29C3DB5B9DADA48","time_end":"20210830105656","total_fee":"9900","trade_state":"SUCCESS","trade_state_desc":"\u652f\u4ed8\u6210\u529f","trade_type":"JSAPI","transaction_id":"4200001131202108304370663456"}
[2021-08-30 10:56:57][debug] 

call back， return xml:<xml><return_code><![CDATA[SUCCESS]]></return_code><return_msg><![CDATA[OK]]></return_msg></xml>
[2021-08-30 11:03:54][debug] 

call back:{"appid":"wx68e97424cae0f3cc","bank_type":"CMB_DEBIT","cash_fee":"12400","fee_type":"CNY","is_subscribe":"Y","mch_id":"1316656601","nonce_str":"n5rt3e3c4a6r9xpt5jeo8saenp1voqy0","openid":"oWTCLwXmH3VAt5fzgsOeM90uwzo4","out_trade_no":"628","result_code":"SUCCESS","return_code":"SUCCESS","sign":"5B489BECE3846DD9BA985B1620BCCAAC8F177E58F0A74C93F3DA13525CB12BA2","time_end":"20210830110354","total_fee":"12400","trade_type":"JSAPI","transaction_id":"4200001135202108309188194348"}
[2021-08-30 11:03:55][debug] query:{"appid":"wx68e97424cae0f3cc","attach":[],"bank_type":"CMB_DEBIT","cash_fee":"12400","cash_fee_type":"CNY","fee_type":"CNY","is_subscribe":"Y","mch_id":"1316656601","nonce_str":"gWCQUgruDkQP2k8d","openid":"oWTCLwXmH3VAt5fzgsOeM90uwzo4","out_trade_no":"628","result_code":"SUCCESS","return_code":"SUCCESS","return_msg":"OK","sign":"7DE4F44962735476844BBFC7B4283F09E5B1FD6B6904E59548B5922310B18690","time_end":"20210830110354","total_fee":"12400","trade_state":"SUCCESS","trade_state_desc":"\u652f\u4ed8\u6210\u529f","trade_type":"JSAPI","transaction_id":"4200001135202108309188194348"}
[2021-08-30 11:03:55][debug] 

call back， return xml:<xml><return_code><![CDATA[SUCCESS]]></return_code><return_msg><![CDATA[OK]]></return_msg></xml>
[2021-08-30 11:18:11][debug] 

call back:{"appid":"wx68e97424cae0f3cc","bank_type":"BOC_DEBIT","cash_fee":"8825","fee_type":"CNY","is_subscribe":"Y","mch_id":"1316656601","nonce_str":"4fyjlbizqpqheszkl8f3jn0l37o2k332","openid":"oWTCLwUFdJm1H2Km6iVrCscjCODs","out_trade_no":"629","result_code":"SUCCESS","return_code":"SUCCESS","sign":"45D6A447A21F260DAFE6C5DA05396FDC2E140B3BBFADF6D1C04120EDB408EE7E","time_end":"20210830111810","total_fee":"8825","trade_type":"JSAPI","transaction_id":"4200001223202108306650025399"}
[2021-08-30 11:18:11][debug] query:{"appid":"wx68e97424cae0f3cc","attach":[],"bank_type":"BOC_DEBIT","cash_fee":"8825","cash_fee_type":"CNY","fee_type":"CNY","is_subscribe":"Y","mch_id":"1316656601","nonce_str":"U1qrImR8dI6OJueV","openid":"oWTCLwUFdJm1H2Km6iVrCscjCODs","out_trade_no":"629","result_code":"SUCCESS","return_code":"SUCCESS","return_msg":"OK","sign":"9AC519E67068398FD80411CE62EB70A3A8B4BD5EEFD905FA8ECDA30F4867959D","time_end":"20210830111810","total_fee":"8825","trade_state":"SUCCESS","trade_state_desc":"\u652f\u4ed8\u6210\u529f","trade_type":"JSAPI","transaction_id":"4200001223202108306650025399"}
[2021-08-30 11:18:11][debug] 

call back， return xml:<xml><return_code><![CDATA[SUCCESS]]></return_code><return_msg><![CDATA[OK]]></return_msg></xml>
[2021-08-30 11:30:30][debug] 

call back:{"appid":"wx68e97424cae0f3cc","bank_type":"ICBC_DEBIT","cash_fee":"11800","fee_type":"CNY","is_subscribe":"Y","mch_id":"1316656601","nonce_str":"iczcx150dbwp1jro3cos5psj0xsxu2ga","openid":"oWTCLwfALPI1Zn3AEnb0i2ubdCK4","out_trade_no":"630","result_code":"SUCCESS","return_code":"SUCCESS","sign":"68811E48C5798E1D1542AD62F350BD8CB3A20F1B8BC508A44F84DFA2DC146DA2","time_end":"20210830113029","total_fee":"11800","trade_type":"JSAPI","transaction_id":"4200001132202108307551734665"}
[2021-08-30 11:30:30][debug] query:{"appid":"wx68e97424cae0f3cc","attach":[],"bank_type":"ICBC_DEBIT","cash_fee":"11800","cash_fee_type":"CNY","fee_type":"CNY","is_subscribe":"Y","mch_id":"1316656601","nonce_str":"bKVvVKqgp48HMtGW","openid":"oWTCLwfALPI1Zn3AEnb0i2ubdCK4","out_trade_no":"630","result_code":"SUCCESS","return_code":"SUCCESS","return_msg":"OK","sign":"8B5644EAD2EC243861BEF1889CE5B0616CE2705DAB1BFE1D434E1F6B91692CB9","time_end":"20210830113029","total_fee":"11800","trade_state":"SUCCESS","trade_state_desc":"\u652f\u4ed8\u6210\u529f","trade_type":"JSAPI","transaction_id":"4200001132202108307551734665"}
[2021-08-30 11:30:30][debug] 

call back， return xml:<xml><return_code><![CDATA[SUCCESS]]></return_code><return_msg><![CDATA[OK]]></return_msg></xml>
[2021-08-30 11:45:46][debug] 

call back:{"appid":"wx68e97424cae0f3cc","bank_type":"ICBC_DEBIT","cash_fee":"8200","fee_type":"CNY","is_subscribe":"Y","mch_id":"1316656601","nonce_str":"lbmkkx210brp9xqa1pj5ycy4jyklgr08","openid":"oWTCLwaGTZOmSgC12g-j-HvhQyMw","out_trade_no":"632","result_code":"SUCCESS","return_code":"SUCCESS","sign":"117458699BE8752A6D35D094646D353C1276B94C3A469A90F9919B3A703E6A8A","time_end":"20210830114546","total_fee":"8200","trade_type":"JSAPI","transaction_id":"4200001203202108305203959732"}
[2021-08-30 11:45:47][debug] query:{"appid":"wx68e97424cae0f3cc","attach":[],"bank_type":"ICBC_DEBIT","cash_fee":"8200","cash_fee_type":"CNY","fee_type":"CNY","is_subscribe":"Y","mch_id":"1316656601","nonce_str":"ARernBsNdGjOZVh2","openid":"oWTCLwaGTZOmSgC12g-j-HvhQyMw","out_trade_no":"632","result_code":"SUCCESS","return_code":"SUCCESS","return_msg":"OK","sign":"DC5BBED3436EA4CD374D5A4D846B500123C695F0D9D61F2C088F31E065CC84E5","time_end":"20210830114546","total_fee":"8200","trade_state":"SUCCESS","trade_state_desc":"\u652f\u4ed8\u6210\u529f","trade_type":"JSAPI","transaction_id":"4200001203202108305203959732"}
[2021-08-30 11:45:47][debug] 

call back， return xml:<xml><return_code><![CDATA[SUCCESS]]></return_code><return_msg><![CDATA[OK]]></return_msg></xml>
[2021-08-30 11:46:02][debug] 

call back:{"appid":"wx68e97424cae0f3cc","bank_type":"CMB_DEBIT","cash_fee":"8100","fee_type":"CNY","is_subscribe":"Y","mch_id":"1316656601","nonce_str":"fxd3achx58mben9b928c7it7jrxmvm8h","openid":"oWTCLwe4-L_BpQyHujqVsTSNHZns","out_trade_no":"633","result_code":"SUCCESS","return_code":"SUCCESS","sign":"F9204C662D178784F52FA72565CE2F119B9AB79A0AADE79619625CDD4B46A995","time_end":"20210830114602","total_fee":"8100","trade_type":"JSAPI","transaction_id":"4200001140202108301141035729"}
[2021-08-30 11:46:02][debug] query:{"appid":"wx68e97424cae0f3cc","attach":[],"bank_type":"CMB_DEBIT","cash_fee":"8100","cash_fee_type":"CNY","fee_type":"CNY","is_subscribe":"Y","mch_id":"1316656601","nonce_str":"Qf8Fy7LHadCykd91","openid":"oWTCLwe4-L_BpQyHujqVsTSNHZns","out_trade_no":"633","result_code":"SUCCESS","return_code":"SUCCESS","return_msg":"OK","sign":"07BEBEB58D219848D400A1B5D83693FCBBA45833416BF45F5AE62344DC75CFB1","time_end":"20210830114602","total_fee":"8100","trade_state":"SUCCESS","trade_state_desc":"\u652f\u4ed8\u6210\u529f","trade_type":"JSAPI","transaction_id":"4200001140202108301141035729"}
[2021-08-30 11:46:02][debug] 

call back， return xml:<xml><return_code><![CDATA[SUCCESS]]></return_code><return_msg><![CDATA[OK]]></return_msg></xml>
[2021-08-30 11:48:56][debug] 

call back:{"appid":"wx68e97424cae0f3cc","bank_type":"BOC_DEBIT","cash_fee":"9100","fee_type":"CNY","is_subscribe":"Y","mch_id":"1316656601","nonce_str":"h2frywmld76z91gimp8mgb4xey5rxta1","openid":"oWTCLwSKYC7wGVcptXTUBgvms9_k","out_trade_no":"634","result_code":"SUCCESS","return_code":"SUCCESS","sign":"145EE7D0549979C670C2E62B9F6450749E510A2839E89BBC46FCB90E17E7C855","time_end":"20210830114855","total_fee":"9100","trade_type":"JSAPI","transaction_id":"4200001207202108302275580311"}
[2021-08-30 11:48:56][debug] query:{"appid":"wx68e97424cae0f3cc","attach":[],"bank_type":"BOC_DEBIT","cash_fee":"9100","cash_fee_type":"CNY","fee_type":"CNY","is_subscribe":"Y","mch_id":"1316656601","nonce_str":"BB98b7Z7Yz3bpR6i","openid":"oWTCLwSKYC7wGVcptXTUBgvms9_k","out_trade_no":"634","result_code":"SUCCESS","return_code":"SUCCESS","return_msg":"OK","sign":"353FD9A023BDEA7055DE630426EBC637DC48629D7459B4A25089DF06FA2B94A2","time_end":"20210830114855","total_fee":"9100","trade_state":"SUCCESS","trade_state_desc":"\u652f\u4ed8\u6210\u529f","trade_type":"JSAPI","transaction_id":"4200001207202108302275580311"}
[2021-08-30 11:48:56][debug] 

call back， return xml:<xml><return_code><![CDATA[SUCCESS]]></return_code><return_msg><![CDATA[OK]]></return_msg></xml>
[2021-08-30 11:50:47][debug] 

call back:{"appid":"wx68e97424cae0f3cc","bank_type":"OTHERS","cash_fee":"1","fee_type":"CNY","is_subscribe":"Y","mch_id":"1316656601","nonce_str":"ink2bmxcy0vcq1rdhm18mugrsfakr4fd","openid":"oWTCLwf4j7WYX-k1x-rtFiYmrnBE","out_trade_no":"635","result_code":"SUCCESS","return_code":"SUCCESS","sign":"02CC01797FAA5843B96CB0476F4A3B5C3683162F81C3E550806090D25400725A","time_end":"20210830115047","total_fee":"1","trade_type":"JSAPI","transaction_id":"4200001139202108306352448839"}
[2021-08-30 11:50:47][debug] query:{"appid":"wx68e97424cae0f3cc","attach":[],"bank_type":"OTHERS","cash_fee":"1","cash_fee_type":"CNY","fee_type":"CNY","is_subscribe":"Y","mch_id":"1316656601","nonce_str":"Eyv1CV5OfVyB8PT0","openid":"oWTCLwf4j7WYX-k1x-rtFiYmrnBE","out_trade_no":"635","result_code":"SUCCESS","return_code":"SUCCESS","return_msg":"OK","sign":"BCA100ABC6D1C54C98CF9D14FD1C775F64484AA33BBF1399E0421762365B26AD","time_end":"20210830115047","total_fee":"1","trade_state":"SUCCESS","trade_state_desc":"\u652f\u4ed8\u6210\u529f","trade_type":"JSAPI","transaction_id":"4200001139202108306352448839"}
[2021-08-30 11:50:47][debug] 

call back， return xml:<xml><return_code><![CDATA[SUCCESS]]></return_code><return_msg><![CDATA[OK]]></return_msg></xml>
[2021-08-30 12:13:33][debug] 

call back:{"appid":"wx68e97424cae0f3cc","bank_type":"OTHERS","cash_fee":"14400","fee_type":"CNY","is_subscribe":"Y","mch_id":"1316656601","nonce_str":"zqexr71k3vggditq13rx1n0y2t310usq","openid":"oWTCLwe8Cbuqs-G8RApn4cKbzPfc","out_trade_no":"637","result_code":"SUCCESS","return_code":"SUCCESS","sign":"1AD55522460D095292432DAAFBCE2E7E1844984F58B0DE5070803B6FCB729CDD","time_end":"20210830121332","total_fee":"14400","trade_type":"JSAPI","transaction_id":"4200001143202108306936956015"}
[2021-08-30 12:13:33][debug] query:{"appid":"wx68e97424cae0f3cc","attach":[],"bank_type":"OTHERS","cash_fee":"14400","cash_fee_type":"CNY","fee_type":"CNY","is_subscribe":"Y","mch_id":"1316656601","nonce_str":"d4QMO4h9ZuyUwGHU","openid":"oWTCLwe8Cbuqs-G8RApn4cKbzPfc","out_trade_no":"637","result_code":"SUCCESS","return_code":"SUCCESS","return_msg":"OK","sign":"3BF39EECC4132383D872F0B1BE0B8ED234DC379B6C845EEBB1C45EAACECFCA00","time_end":"20210830121332","total_fee":"14400","trade_state":"SUCCESS","trade_state_desc":"\u652f\u4ed8\u6210\u529f","trade_type":"JSAPI","transaction_id":"4200001143202108306936956015"}
[2021-08-30 12:13:33][debug] 

call back， return xml:<xml><return_code><![CDATA[SUCCESS]]></return_code><return_msg><![CDATA[OK]]></return_msg></xml>
[2021-08-30 12:29:59][debug] 

call back:{"appid":"wx68e97424cae0f3cc","bank_type":"OTHERS","cash_fee":"8800","fee_type":"CNY","is_subscribe":"Y","mch_id":"1316656601","nonce_str":"5s92ukyd1r78z8sh3vsc11q4306y5zqa","openid":"oWTCLwf0RUDvz4MXKgvTaD4CSV1s","out_trade_no":"638","result_code":"SUCCESS","return_code":"SUCCESS","sign":"197AC9E2F8EFF1B8B698DB8FB97B16FA6606A0181DBE4BD525C5C6965D75895C","time_end":"20210830122959","total_fee":"8800","trade_type":"JSAPI","transaction_id":"4200001117202108305118191798"}
[2021-08-30 12:30:00][debug] query:{"appid":"wx68e97424cae0f3cc","attach":[],"bank_type":"OTHERS","cash_fee":"8800","cash_fee_type":"CNY","fee_type":"CNY","is_subscribe":"Y","mch_id":"1316656601","nonce_str":"UeFLjWTWDsZ8pddD","openid":"oWTCLwf0RUDvz4MXKgvTaD4CSV1s","out_trade_no":"638","result_code":"SUCCESS","return_code":"SUCCESS","return_msg":"OK","sign":"0F0F2EA59EA73ABBD9567A12A9C7AF35234CD0076C3D9B5FCCF80CC09BFB8B08","time_end":"20210830122959","total_fee":"8800","trade_state":"SUCCESS","trade_state_desc":"\u652f\u4ed8\u6210\u529f","trade_type":"JSAPI","transaction_id":"4200001117202108305118191798"}
[2021-08-30 12:30:00][debug] 

call back， return xml:<xml><return_code><![CDATA[SUCCESS]]></return_code><return_msg><![CDATA[OK]]></return_msg></xml>
[2021-08-30 12:36:49][debug] 

call back:{"appid":"wx68e97424cae0f3cc","bank_type":"BOC_DEBIT","cash_fee":"16800","fee_type":"CNY","is_subscribe":"Y","mch_id":"1316656601","nonce_str":"ojlq7mch04ji8t2tboj500wa61kkjj1t","openid":"oWTCLwZQvGZVuKiHr-XPYnn3siso","out_trade_no":"639","result_code":"SUCCESS","return_code":"SUCCESS","sign":"731FD1A96988FA4D0C39BDB3016458B6329AFFC96FC4EBD25F3045D21428512D","time_end":"20210830123648","total_fee":"16800","trade_type":"JSAPI","transaction_id":"4200001214202108301842171640"}
[2021-08-30 12:36:49][debug] query:{"appid":"wx68e97424cae0f3cc","attach":[],"bank_type":"BOC_DEBIT","cash_fee":"16800","cash_fee_type":"CNY","fee_type":"CNY","is_subscribe":"Y","mch_id":"1316656601","nonce_str":"BHna9kKqMHhYzllF","openid":"oWTCLwZQvGZVuKiHr-XPYnn3siso","out_trade_no":"639","result_code":"SUCCESS","return_code":"SUCCESS","return_msg":"OK","sign":"F97357F6AAE029684EBBE48E5CECE5B7406BDACCA7F615A0E7A2B03AEBF4840A","time_end":"20210830123648","total_fee":"16800","trade_state":"SUCCESS","trade_state_desc":"\u652f\u4ed8\u6210\u529f","trade_type":"JSAPI","transaction_id":"4200001214202108301842171640"}
[2021-08-30 12:36:49][debug] 

call back， return xml:<xml><return_code><![CDATA[SUCCESS]]></return_code><return_msg><![CDATA[OK]]></return_msg></xml>
[2021-08-30 12:40:35][debug] 

call back:{"appid":"wx68e97424cae0f3cc","bank_type":"ICBC_DEBIT","cash_fee":"9400","fee_type":"CNY","is_subscribe":"Y","mch_id":"1316656601","nonce_str":"71i6g4d2a8fbkruucv2xewdd3tqvsteu","openid":"oWTCLwTh_h9lYG7Mn8BwptzndurU","out_trade_no":"640","result_code":"SUCCESS","return_code":"SUCCESS","sign":"1D5E684F73AA811A2C14E3ADE178061523B7C8F377F0A3C32A918AD1D3FA8A2E","time_end":"20210830124035","total_fee":"9400","trade_type":"JSAPI","transaction_id":"4200001235202108304834444242"}
[2021-08-30 12:40:35][debug] query:{"appid":"wx68e97424cae0f3cc","attach":[],"bank_type":"ICBC_DEBIT","cash_fee":"9400","cash_fee_type":"CNY","fee_type":"CNY","is_subscribe":"Y","mch_id":"1316656601","nonce_str":"YoPaqLWWHIHK6bmz","openid":"oWTCLwTh_h9lYG7Mn8BwptzndurU","out_trade_no":"640","result_code":"SUCCESS","return_code":"SUCCESS","return_msg":"OK","sign":"840DF900D5226A29700D305203241FAFF3398574548832EF845238C13F4A51B7","time_end":"20210830124035","total_fee":"9400","trade_state":"SUCCESS","trade_state_desc":"\u652f\u4ed8\u6210\u529f","trade_type":"JSAPI","transaction_id":"4200001235202108304834444242"}
[2021-08-30 12:40:35][debug] 

call back， return xml:<xml><return_code><![CDATA[SUCCESS]]></return_code><return_msg><![CDATA[OK]]></return_msg></xml>
[2021-08-30 12:49:38][debug] 

call back:{"appid":"wx68e97424cae0f3cc","bank_type":"OTHERS","cash_fee":"9600","fee_type":"CNY","is_subscribe":"Y","mch_id":"1316656601","nonce_str":"mt0obhqlglwdlrzsw74hhlopm7vl06d8","openid":"oWTCLwdQ-VcdDX6IVs7nNeirIkRo","out_trade_no":"641","result_code":"SUCCESS","return_code":"SUCCESS","sign":"11AAE140865EF7AEC797703DD8761E73D9FC952B30AC632D8B97172367F82ECD","time_end":"20210830124938","total_fee":"9600","trade_type":"JSAPI","transaction_id":"4200001209202108301002504297"}
[2021-08-30 12:49:39][debug] query:{"appid":"wx68e97424cae0f3cc","attach":[],"bank_type":"OTHERS","cash_fee":"9600","cash_fee_type":"CNY","fee_type":"CNY","is_subscribe":"Y","mch_id":"1316656601","nonce_str":"J6jveGcABxyDsQDq","openid":"oWTCLwdQ-VcdDX6IVs7nNeirIkRo","out_trade_no":"641","result_code":"SUCCESS","return_code":"SUCCESS","return_msg":"OK","sign":"55D89D1D3CF790195E49A800BC3EB30A3C36B63EEFE4A977673279DCEF2A675C","time_end":"20210830124938","total_fee":"9600","trade_state":"SUCCESS","trade_state_desc":"\u652f\u4ed8\u6210\u529f","trade_type":"JSAPI","transaction_id":"4200001209202108301002504297"}
[2021-08-30 12:49:39][debug] 

call back， return xml:<xml><return_code><![CDATA[SUCCESS]]></return_code><return_msg><![CDATA[OK]]></return_msg></xml>
[2021-08-30 12:57:15][debug] 

call back:{"appid":"wx68e97424cae0f3cc","bank_type":"CMB_DEBIT","cash_fee":"7910","fee_type":"CNY","is_subscribe":"Y","mch_id":"1316656601","nonce_str":"ws0wqbdc8fu7h8p594rdqled88in0agw","openid":"oWTCLwZgrQtwh-4k5HQHOmixCSDw","out_trade_no":"642","result_code":"SUCCESS","return_code":"SUCCESS","sign":"9C5C4650B5F2F524393C88DCE4936E32B95E7E2667A85F6CA76AE2D6C5882A3C","time_end":"20210830125715","total_fee":"7910","trade_type":"JSAPI","transaction_id":"4200001230202108303639900207"}
[2021-08-30 12:57:15][debug] query:{"appid":"wx68e97424cae0f3cc","attach":[],"bank_type":"CMB_DEBIT","cash_fee":"7910","cash_fee_type":"CNY","fee_type":"CNY","is_subscribe":"Y","mch_id":"1316656601","nonce_str":"xxQLGIlQUiqBNp0D","openid":"oWTCLwZgrQtwh-4k5HQHOmixCSDw","out_trade_no":"642","result_code":"SUCCESS","return_code":"SUCCESS","return_msg":"OK","sign":"F407386A635E303E60705BA7E75AD29ED7CBB87DD5B8B387E1111CADE8425DD0","time_end":"20210830125715","total_fee":"7910","trade_state":"SUCCESS","trade_state_desc":"\u652f\u4ed8\u6210\u529f","trade_type":"JSAPI","transaction_id":"4200001230202108303639900207"}
[2021-08-30 12:57:15][debug] 

call back， return xml:<xml><return_code><![CDATA[SUCCESS]]></return_code><return_msg><![CDATA[OK]]></return_msg></xml>
[2021-08-30 13:22:01][debug] 

call back:{"appid":"wx68e97424cae0f3cc","bank_type":"OTHERS","cash_fee":"8600","fee_type":"CNY","is_subscribe":"Y","mch_id":"1316656601","nonce_str":"vnrv7md73ee4p0p1nbyr1w6nhqcskgfa","openid":"oWTCLwczzoYuvjg-chJrXibcWYvE","out_trade_no":"645","result_code":"SUCCESS","return_code":"SUCCESS","sign":"7225E0774B5A368E4DCF0EF2BEC7EEC5746C87237374EB581EA8B5147C581AC6","time_end":"20210830132201","total_fee":"8600","trade_type":"JSAPI","transaction_id":"4200001140202108303284954137"}
[2021-08-30 13:22:01][debug] query:{"appid":"wx68e97424cae0f3cc","attach":[],"bank_type":"OTHERS","cash_fee":"8600","cash_fee_type":"CNY","fee_type":"CNY","is_subscribe":"Y","mch_id":"1316656601","nonce_str":"z60UHfCMQU2Z9Kxv","openid":"oWTCLwczzoYuvjg-chJrXibcWYvE","out_trade_no":"645","result_code":"SUCCESS","return_code":"SUCCESS","return_msg":"OK","sign":"7A9F502297942E72601DE86A7D7B9DD49D3E72E6F699544D7AD7EA84818D9CF8","time_end":"20210830132201","total_fee":"8600","trade_state":"SUCCESS","trade_state_desc":"\u652f\u4ed8\u6210\u529f","trade_type":"JSAPI","transaction_id":"4200001140202108303284954137"}
[2021-08-30 13:22:01][debug] 

call back， return xml:<xml><return_code><![CDATA[SUCCESS]]></return_code><return_msg><![CDATA[OK]]></return_msg></xml>
[2021-08-30 13:28:14][debug] 

call back:{"appid":"wx68e97424cae0f3cc","bank_type":"CMB_CREDIT","cash_fee":"12900","fee_type":"CNY","is_subscribe":"Y","mch_id":"1316656601","nonce_str":"aa1tf9r7bbcmms3zdn3eedierjttnrxm","openid":"oWTCLwRmowKlQgIM2QImiwooeSHQ","out_trade_no":"646","result_code":"SUCCESS","return_code":"SUCCESS","sign":"B99BF32F0F28F0D739815EE15F22F939433FE7E39C6BC01C18EB0C529053A54E","time_end":"20210830132814","total_fee":"12900","trade_type":"JSAPI","transaction_id":"4200001144202108303700124114"}
[2021-08-30 13:28:15][debug] query:{"appid":"wx68e97424cae0f3cc","attach":[],"bank_type":"CMB_CREDIT","cash_fee":"12900","cash_fee_type":"CNY","fee_type":"CNY","is_subscribe":"Y","mch_id":"1316656601","nonce_str":"7CxeST2hdMavIPt6","openid":"oWTCLwRmowKlQgIM2QImiwooeSHQ","out_trade_no":"646","result_code":"SUCCESS","return_code":"SUCCESS","return_msg":"OK","sign":"AAE5E6CE4B7D0F7F53FAF485B3EEE7E68BBF19670D2338E40D747D9CDC4188F7","time_end":"20210830132814","total_fee":"12900","trade_state":"SUCCESS","trade_state_desc":"\u652f\u4ed8\u6210\u529f","trade_type":"JSAPI","transaction_id":"4200001144202108303700124114"}
[2021-08-30 13:28:15][debug] 

call back， return xml:<xml><return_code><![CDATA[SUCCESS]]></return_code><return_msg><![CDATA[OK]]></return_msg></xml>
[2021-08-30 13:31:33][debug] 

call back:{"appid":"wx68e97424cae0f3cc","bank_type":"OTHERS","cash_fee":"10600","fee_type":"CNY","is_subscribe":"Y","mch_id":"1316656601","nonce_str":"d31ca9429l8n6c1njmddv1wj7q8hphko","openid":"oWTCLwTtwyf04m7W_tYLDW6NYsB8","out_trade_no":"647","result_code":"SUCCESS","return_code":"SUCCESS","sign":"A4DDFA1BFBD02660A6FB89719180FE1357262B665C797B19470ADF61756454E8","time_end":"20210830133132","total_fee":"10600","trade_type":"JSAPI","transaction_id":"4200001125202108306323896682"}
[2021-08-30 13:31:33][debug] query:{"appid":"wx68e97424cae0f3cc","attach":[],"bank_type":"OTHERS","cash_fee":"10600","cash_fee_type":"CNY","fee_type":"CNY","is_subscribe":"Y","mch_id":"1316656601","nonce_str":"Lm5TRoIOBpOjqc18","openid":"oWTCLwTtwyf04m7W_tYLDW6NYsB8","out_trade_no":"647","result_code":"SUCCESS","return_code":"SUCCESS","return_msg":"OK","sign":"57D019CA4A9AF0BD9FA140BEB31BA8545F25F64896E45C07A597CFF1823EBCE9","time_end":"20210830133132","total_fee":"10600","trade_state":"SUCCESS","trade_state_desc":"\u652f\u4ed8\u6210\u529f","trade_type":"JSAPI","transaction_id":"4200001125202108306323896682"}
[2021-08-30 13:31:33][debug] 

call back， return xml:<xml><return_code><![CDATA[SUCCESS]]></return_code><return_msg><![CDATA[OK]]></return_msg></xml>
[2021-08-30 14:03:14][debug] 

call back:{"appid":"wx68e97424cae0f3cc","bank_type":"OTHERS","cash_fee":"8600","fee_type":"CNY","is_subscribe":"Y","mch_id":"1316656601","nonce_str":"297jjq2lyb9mcf2m0a6z4k8w0zsc0xbw","openid":"oWTCLwYZ5Mx96gqZWWrl4ZWqzvJk","out_trade_no":"650","result_code":"SUCCESS","return_code":"SUCCESS","sign":"98EE3B5A3B3275A5219BEFD23695D4F2D0E66A0574622581B3A1ADAC0331A923","time_end":"20210830140313","total_fee":"8600","trade_type":"JSAPI","transaction_id":"4200001219202108307242171399"}
[2021-08-30 14:03:14][debug] query:{"appid":"wx68e97424cae0f3cc","attach":[],"bank_type":"OTHERS","cash_fee":"8600","cash_fee_type":"CNY","fee_type":"CNY","is_subscribe":"Y","mch_id":"1316656601","nonce_str":"Q8SohSSauMtJVkwk","openid":"oWTCLwYZ5Mx96gqZWWrl4ZWqzvJk","out_trade_no":"650","result_code":"SUCCESS","return_code":"SUCCESS","return_msg":"OK","sign":"589BBDEA9EC1DFBED96C7563A14816406B033D51585B45A3F06B6465D010D0D1","time_end":"20210830140313","total_fee":"8600","trade_state":"SUCCESS","trade_state_desc":"\u652f\u4ed8\u6210\u529f","trade_type":"JSAPI","transaction_id":"4200001219202108307242171399"}
[2021-08-30 14:03:14][debug] 

call back， return xml:<xml><return_code><![CDATA[SUCCESS]]></return_code><return_msg><![CDATA[OK]]></return_msg></xml>
[2021-08-30 14:03:37][debug] 

call back:{"appid":"wx68e97424cae0f3cc","bank_type":"OTHERS","cash_fee":"1","fee_type":"CNY","is_subscribe":"Y","mch_id":"1316656601","nonce_str":"aeh6cr009kyimyqzvgy9ldjll892ev7v","openid":"oWTCLwdVF2xSPf5z-43EYeV-Ex6w","out_trade_no":"651","result_code":"SUCCESS","return_code":"SUCCESS","sign":"18873A08F2E12C6D61C9CCFF9FC5D6FA9BC448349694B73494F54C539D371AB8","time_end":"20210830140337","total_fee":"1","trade_type":"JSAPI","transaction_id":"4200001236202108306091764212"}
[2021-08-30 14:03:37][debug] query:{"appid":"wx68e97424cae0f3cc","attach":[],"bank_type":"OTHERS","cash_fee":"1","cash_fee_type":"CNY","fee_type":"CNY","is_subscribe":"Y","mch_id":"1316656601","nonce_str":"izvzKibIjjJDuKt3","openid":"oWTCLwdVF2xSPf5z-43EYeV-Ex6w","out_trade_no":"651","result_code":"SUCCESS","return_code":"SUCCESS","return_msg":"OK","sign":"4D68569C54F4494BB3A04ECF41CB01E439D97B17E00E910FB0D655AD4891418D","time_end":"20210830140337","total_fee":"1","trade_state":"SUCCESS","trade_state_desc":"\u652f\u4ed8\u6210\u529f","trade_type":"JSAPI","transaction_id":"4200001236202108306091764212"}
[2021-08-30 14:03:37][debug] 

call back， return xml:<xml><return_code><![CDATA[SUCCESS]]></return_code><return_msg><![CDATA[OK]]></return_msg></xml>
[2021-08-30 14:05:28][debug] 

call back:{"appid":"wx68e97424cae0f3cc","bank_type":"BOC_DEBIT","cash_fee":"9400","fee_type":"CNY","is_subscribe":"Y","mch_id":"1316656601","nonce_str":"trqcsydl4xbcbsd73epqe6ewwmsekc9r","openid":"oWTCLwYZxoMUxuWlfCNUwruFgKwc","out_trade_no":"652","result_code":"SUCCESS","return_code":"SUCCESS","sign":"E8A826FC8FBFD15CAA3DFB924E49802FC295C8A4BB566529969C3B71A21E0BED","time_end":"20210830140528","total_fee":"9400","trade_type":"JSAPI","transaction_id":"4200001134202108302112806152"}
[2021-08-30 14:05:28][debug] query:{"appid":"wx68e97424cae0f3cc","attach":[],"bank_type":"BOC_DEBIT","cash_fee":"9400","cash_fee_type":"CNY","fee_type":"CNY","is_subscribe":"Y","mch_id":"1316656601","nonce_str":"Cq0ssuckWGDEsoww","openid":"oWTCLwYZxoMUxuWlfCNUwruFgKwc","out_trade_no":"652","result_code":"SUCCESS","return_code":"SUCCESS","return_msg":"OK","sign":"DF6E0E21D4AA559DB74F970DB1C88BDC4F3C9005A74B417E09E83A3BD2868DCC","time_end":"20210830140528","total_fee":"9400","trade_state":"SUCCESS","trade_state_desc":"\u652f\u4ed8\u6210\u529f","trade_type":"JSAPI","transaction_id":"4200001134202108302112806152"}
[2021-08-30 14:05:28][debug] 

call back， return xml:<xml><return_code><![CDATA[SUCCESS]]></return_code><return_msg><![CDATA[OK]]></return_msg></xml>
[2021-08-30 14:56:44][debug] 

call back:{"appid":"wx68e97424cae0f3cc","bank_type":"OTHERS","cash_fee":"9650","fee_type":"CNY","is_subscribe":"Y","mch_id":"1316656601","nonce_str":"oq7slhfsxggt17hik16jjlo8jlk8xeil","openid":"oWTCLwZhxNvY4uJ8DwZbX7vjBLNA","out_trade_no":"654","result_code":"SUCCESS","return_code":"SUCCESS","sign":"26B259B463FC2956C1DBB16140DCB1352B0F8D552774B76306D05AAEA9C79D6D","time_end":"20210830145644","total_fee":"9650","trade_type":"JSAPI","transaction_id":"4200001208202108306239063790"}
[2021-08-30 14:56:45][debug] query:{"appid":"wx68e97424cae0f3cc","attach":[],"bank_type":"OTHERS","cash_fee":"9650","cash_fee_type":"CNY","fee_type":"CNY","is_subscribe":"Y","mch_id":"1316656601","nonce_str":"4onKin4MGBpifbUT","openid":"oWTCLwZhxNvY4uJ8DwZbX7vjBLNA","out_trade_no":"654","result_code":"SUCCESS","return_code":"SUCCESS","return_msg":"OK","sign":"C51319F6249C7C9B0E713B722777F90B4942E954F3A92A39B15EC54A2AF47FE7","time_end":"20210830145644","total_fee":"9650","trade_state":"SUCCESS","trade_state_desc":"\u652f\u4ed8\u6210\u529f","trade_type":"JSAPI","transaction_id":"4200001208202108306239063790"}
[2021-08-30 14:56:45][debug] 

call back， return xml:<xml><return_code><![CDATA[SUCCESS]]></return_code><return_msg><![CDATA[OK]]></return_msg></xml>
[2021-08-30 15:12:25][debug] 

call back:{"appid":"wx68e97424cae0f3cc","bank_type":"BOC_DEBIT","cash_fee":"19400","fee_type":"CNY","is_subscribe":"Y","mch_id":"1316656601","nonce_str":"osu267am29lorevhzbx8etfu1wfxxau9","openid":"oWTCLwaR9dwKnNrl-jUt9AeDFeaQ","out_trade_no":"656","result_code":"SUCCESS","return_code":"SUCCESS","sign":"CB75B2806E419E479677CB1CB913A3E959719B88297AC0AD21FFEB4B2962D431","time_end":"20210830151224","total_fee":"19400","trade_type":"JSAPI","transaction_id":"4200001208202108309630195395"}
[2021-08-30 15:12:25][debug] query:{"appid":"wx68e97424cae0f3cc","attach":[],"bank_type":"BOC_DEBIT","cash_fee":"19400","cash_fee_type":"CNY","fee_type":"CNY","is_subscribe":"Y","mch_id":"1316656601","nonce_str":"CQz0sMmWzPgoPEvp","openid":"oWTCLwaR9dwKnNrl-jUt9AeDFeaQ","out_trade_no":"656","result_code":"SUCCESS","return_code":"SUCCESS","return_msg":"OK","sign":"7197A6DB54CCF0B494B5A3406F995E45BF79B8B05CFE34C5283CEEC81FA3A486","time_end":"20210830151224","total_fee":"19400","trade_state":"SUCCESS","trade_state_desc":"\u652f\u4ed8\u6210\u529f","trade_type":"JSAPI","transaction_id":"4200001208202108309630195395"}
[2021-08-30 15:12:25][debug] 

call back， return xml:<xml><return_code><![CDATA[SUCCESS]]></return_code><return_msg><![CDATA[OK]]></return_msg></xml>
[2021-08-30 17:44:24][debug] 

call back:{"appid":"wx68e97424cae0f3cc","bank_type":"OTHERS","cash_fee":"7700","fee_type":"CNY","is_subscribe":"Y","mch_id":"1316656601","nonce_str":"yepb8xj9pslj2p2w9ifjjsxrkxbk28tk","openid":"oWTCLwT-jiTc5w9KCzQwpR3FDZAE","out_trade_no":"665","result_code":"SUCCESS","return_code":"SUCCESS","sign":"4D8B54E8A3CF197FFE5142CAF6B9CB922CF45681A972E4AB468BEF38ECDF6597","time_end":"20210830174424","total_fee":"7700","trade_type":"JSAPI","transaction_id":"4200001212202108302515525113"}
[2021-08-30 17:44:25][debug] query:{"appid":"wx68e97424cae0f3cc","attach":[],"bank_type":"OTHERS","cash_fee":"7700","cash_fee_type":"CNY","fee_type":"CNY","is_subscribe":"Y","mch_id":"1316656601","nonce_str":"VlktVVs3hCqcHksN","openid":"oWTCLwT-jiTc5w9KCzQwpR3FDZAE","out_trade_no":"665","result_code":"SUCCESS","return_code":"SUCCESS","return_msg":"OK","sign":"58DAEA614B4E071515892F8FE14AB0F6C4954A7332DD745BB3CD58B8E954358E","time_end":"20210830174424","total_fee":"7700","trade_state":"SUCCESS","trade_state_desc":"\u652f\u4ed8\u6210\u529f","trade_type":"JSAPI","transaction_id":"4200001212202108302515525113"}
[2021-08-30 17:44:25][debug] 

call back， return xml:<xml><return_code><![CDATA[SUCCESS]]></return_code><return_msg><![CDATA[OK]]></return_msg></xml>
[2021-08-30 17:44:27][debug] 

call back:{"appid":"wx68e97424cae0f3cc","bank_type":"OTHERS","cash_fee":"1","fee_type":"CNY","is_subscribe":"Y","mch_id":"1316656601","nonce_str":"ud4xa1js0hsjwhlxkwr5p84ohfhq56sn","openid":"oWTCLwdVF2xSPf5z-43EYeV-Ex6w","out_trade_no":"666","result_code":"SUCCESS","return_code":"SUCCESS","sign":"F3EF376472D3E5B9316A9AF89378392B83C40A93101C9469757B84FC5E9747CE","time_end":"20210830174426","total_fee":"1","trade_type":"JSAPI","transaction_id":"4200001217202108305758768261"}
[2021-08-30 17:44:27][debug] query:{"appid":"wx68e97424cae0f3cc","attach":[],"bank_type":"OTHERS","cash_fee":"1","cash_fee_type":"CNY","fee_type":"CNY","is_subscribe":"Y","mch_id":"1316656601","nonce_str":"Fs6yNzPxiGHseOzR","openid":"oWTCLwdVF2xSPf5z-43EYeV-Ex6w","out_trade_no":"666","result_code":"SUCCESS","return_code":"SUCCESS","return_msg":"OK","sign":"A79ECB7C34F72D3DEF7C74B6776ED31BE0E65D7F817CB00281D7E8690965EA0B","time_end":"20210830174426","total_fee":"1","trade_state":"SUCCESS","trade_state_desc":"\u652f\u4ed8\u6210\u529f","trade_type":"JSAPI","transaction_id":"4200001217202108305758768261"}
[2021-08-30 17:44:27][debug] 

call back， return xml:<xml><return_code><![CDATA[SUCCESS]]></return_code><return_msg><![CDATA[OK]]></return_msg></xml>
[2021-08-30 17:46:25][debug] 

call back:{"appid":"wx68e97424cae0f3cc","bank_type":"ICBC_DEBIT","cash_fee":"27400","fee_type":"CNY","is_subscribe":"Y","mch_id":"1316656601","nonce_str":"jko884es01zmug66rvr3suxaux18ueaw","openid":"oWTCLwY5T-bPbLZkSh8PGEXr8-08","out_trade_no":"667","result_code":"SUCCESS","return_code":"SUCCESS","sign":"24DE2F3C998E8A9F404C036FC4EF3E38E6680BE950E947AA42A98B35BECD92C5","time_end":"20210830174625","total_fee":"27400","trade_type":"JSAPI","transaction_id":"4200001145202108303506701093"}
[2021-08-30 17:46:26][debug] query:{"appid":"wx68e97424cae0f3cc","attach":[],"bank_type":"ICBC_DEBIT","cash_fee":"27400","cash_fee_type":"CNY","fee_type":"CNY","is_subscribe":"Y","mch_id":"1316656601","nonce_str":"hkPdPUDXrEvU9Ewu","openid":"oWTCLwY5T-bPbLZkSh8PGEXr8-08","out_trade_no":"667","result_code":"SUCCESS","return_code":"SUCCESS","return_msg":"OK","sign":"E817963F79A9BF3D96B18EC639A87E3911DECF64068DE5228E98848B473766FE","time_end":"20210830174625","total_fee":"27400","trade_state":"SUCCESS","trade_state_desc":"\u652f\u4ed8\u6210\u529f","trade_type":"JSAPI","transaction_id":"4200001145202108303506701093"}
[2021-08-30 17:46:26][debug] 

call back， return xml:<xml><return_code><![CDATA[SUCCESS]]></return_code><return_msg><![CDATA[OK]]></return_msg></xml>
[2021-08-30 18:09:39][debug] 

call back:{"appid":"wx68e97424cae0f3cc","bank_type":"OTHERS","cash_fee":"1","fee_type":"CNY","is_subscribe":"Y","mch_id":"1316656601","nonce_str":"7bpio2usw2kho0j6tqj92pglyny2dkm6","openid":"oWTCLwdVF2xSPf5z-43EYeV-Ex6w","out_trade_no":"668","result_code":"SUCCESS","return_code":"SUCCESS","sign":"0B730E31E34023676004F41CBB0B0B191FE7AF40CAC8F99B3E5C1755EE40F20E","time_end":"20210830180939","total_fee":"1","trade_type":"JSAPI","transaction_id":"4200001126202108305612064853"}
[2021-08-30 18:09:40][debug] query:{"appid":"wx68e97424cae0f3cc","attach":[],"bank_type":"OTHERS","cash_fee":"1","cash_fee_type":"CNY","fee_type":"CNY","is_subscribe":"Y","mch_id":"1316656601","nonce_str":"gT6VaWX7aIL3MGzY","openid":"oWTCLwdVF2xSPf5z-43EYeV-Ex6w","out_trade_no":"668","result_code":"SUCCESS","return_code":"SUCCESS","return_msg":"OK","sign":"AB8DA3E92974534A39AABAA159C7785D7A301CF5DC1274ECBEABDFFFE895A81A","time_end":"20210830180939","total_fee":"1","trade_state":"SUCCESS","trade_state_desc":"\u652f\u4ed8\u6210\u529f","trade_type":"JSAPI","transaction_id":"4200001126202108305612064853"}
[2021-08-30 18:09:40][debug] 

call back， return xml:<xml><return_code><![CDATA[SUCCESS]]></return_code><return_msg><![CDATA[OK]]></return_msg></xml>
[2021-08-30 18:12:11][debug] 

call back:{"appid":"wx68e97424cae0f3cc","bank_type":"OTHERS","cash_fee":"8100","fee_type":"CNY","is_subscribe":"Y","mch_id":"1316656601","nonce_str":"mlf99fiqt3eu4g3hb26kcqe695se45lm","openid":"oWTCLwW6FUJ-cLnAjo8CcOYrcsMg","out_trade_no":"669","result_code":"SUCCESS","return_code":"SUCCESS","sign":"9091E2DC18C3389962703B375608D57D19E9D1DBDCB26A5AF328DB35FF30994E","time_end":"20210830181211","total_fee":"8100","trade_type":"JSAPI","transaction_id":"4200001126202108304483482036"}
[2021-08-30 18:12:11][debug] query:{"appid":"wx68e97424cae0f3cc","attach":[],"bank_type":"OTHERS","cash_fee":"8100","cash_fee_type":"CNY","fee_type":"CNY","is_subscribe":"Y","mch_id":"1316656601","nonce_str":"G9GSVAq8EtxIrlFm","openid":"oWTCLwW6FUJ-cLnAjo8CcOYrcsMg","out_trade_no":"669","result_code":"SUCCESS","return_code":"SUCCESS","return_msg":"OK","sign":"CC7F49F93650AC9075ED8270974B1AC4C6587B9FECCE63726F850D49829A2D48","time_end":"20210830181211","total_fee":"8100","trade_state":"SUCCESS","trade_state_desc":"\u652f\u4ed8\u6210\u529f","trade_type":"JSAPI","transaction_id":"4200001126202108304483482036"}
[2021-08-30 18:12:11][debug] 

call back， return xml:<xml><return_code><![CDATA[SUCCESS]]></return_code><return_msg><![CDATA[OK]]></return_msg></xml>
[2021-08-30 18:13:37][debug] 

call back:{"appid":"wx68e97424cae0f3cc","bank_type":"CCB_DEBIT","cash_fee":"35200","fee_type":"CNY","is_subscribe":"Y","mch_id":"1316656601","nonce_str":"uhku8yk47ualafazgiz3t5fek9dqkemz","openid":"oWTCLwc6ecJtqKkVnN7IXlbxyNgs","out_trade_no":"670","result_code":"SUCCESS","return_code":"SUCCESS","sign":"E6098D87120B2E0AD617F6FEE8A04F48CCBC1631A24618B9587333E7054E829C","time_end":"20210830181337","total_fee":"35200","trade_type":"JSAPI","transaction_id":"4200001211202108301107067766"}
[2021-08-30 18:13:38][debug] query:{"appid":"wx68e97424cae0f3cc","attach":[],"bank_type":"CCB_DEBIT","cash_fee":"35200","cash_fee_type":"CNY","fee_type":"CNY","is_subscribe":"Y","mch_id":"1316656601","nonce_str":"Oqf0dSNYibgJkR4v","openid":"oWTCLwc6ecJtqKkVnN7IXlbxyNgs","out_trade_no":"670","result_code":"SUCCESS","return_code":"SUCCESS","return_msg":"OK","sign":"41AD68E3BBD2EB556C1D37E7DE95441ECBD71A76B080EA74FF77780CD951297B","time_end":"20210830181337","total_fee":"35200","trade_state":"SUCCESS","trade_state_desc":"\u652f\u4ed8\u6210\u529f","trade_type":"JSAPI","transaction_id":"4200001211202108301107067766"}
[2021-08-30 18:13:38][debug] 

call back， return xml:<xml><return_code><![CDATA[SUCCESS]]></return_code><return_msg><![CDATA[OK]]></return_msg></xml>
[2021-08-30 18:31:16][debug] 

call back:{"appid":"wx68e97424cae0f3cc","bank_type":"OTHERS","cash_fee":"13400","fee_type":"CNY","is_subscribe":"Y","mch_id":"1316656601","nonce_str":"g6w0oz5p212qmz1zcyyw810bro3pc70b","openid":"oWTCLwavQokNU3lHfAHyDG8D03Wo","out_trade_no":"672","result_code":"SUCCESS","return_code":"SUCCESS","sign":"0002B7289AFD0F05B3DA904242F2A125243D754E031C4EF58A160DFD7731B32D","time_end":"20210830183116","total_fee":"13400","trade_type":"JSAPI","transaction_id":"4200001212202108305553815115"}
[2021-08-30 18:31:16][debug] query:{"appid":"wx68e97424cae0f3cc","attach":[],"bank_type":"OTHERS","cash_fee":"13400","cash_fee_type":"CNY","fee_type":"CNY","is_subscribe":"Y","mch_id":"1316656601","nonce_str":"Zl2pGYI8G04bNm89","openid":"oWTCLwavQokNU3lHfAHyDG8D03Wo","out_trade_no":"672","result_code":"SUCCESS","return_code":"SUCCESS","return_msg":"OK","sign":"A2EDA1931FCD083BF6A4C29019D209514AABFD78062A7EDC1B05A2F121AFEF17","time_end":"20210830183116","total_fee":"13400","trade_state":"SUCCESS","trade_state_desc":"\u652f\u4ed8\u6210\u529f","trade_type":"JSAPI","transaction_id":"4200001212202108305553815115"}
[2021-08-30 18:31:16][debug] 

call back， return xml:<xml><return_code><![CDATA[SUCCESS]]></return_code><return_msg><![CDATA[OK]]></return_msg></xml>
[2021-08-30 18:31:32][debug] 

call back:{"appid":"wx68e97424cae0f3cc","bank_type":"OTHERS","cash_fee":"1","fee_type":"CNY","is_subscribe":"Y","mch_id":"1316656601","nonce_str":"xm85isb33bndqn99xayl1v9tq9jytc1u","openid":"oWTCLwdVF2xSPf5z-43EYeV-Ex6w","out_trade_no":"673","result_code":"SUCCESS","return_code":"SUCCESS","sign":"3280184554A5AC35F53302DF01F5BB8130ECEEF79757493C3A5DFE7A9009BB55","time_end":"20210830183132","total_fee":"1","trade_type":"JSAPI","transaction_id":"4200001117202108309423477306"}
[2021-08-30 18:31:33][debug] query:{"appid":"wx68e97424cae0f3cc","attach":[],"bank_type":"OTHERS","cash_fee":"1","cash_fee_type":"CNY","fee_type":"CNY","is_subscribe":"Y","mch_id":"1316656601","nonce_str":"U4jjYz7PDeGVVwt2","openid":"oWTCLwdVF2xSPf5z-43EYeV-Ex6w","out_trade_no":"673","result_code":"SUCCESS","return_code":"SUCCESS","return_msg":"OK","sign":"568A134F10E1118FD41603EC6006F7AB617F9CF2F23FF08DB086D515BFECD737","time_end":"20210830183132","total_fee":"1","trade_state":"SUCCESS","trade_state_desc":"\u652f\u4ed8\u6210\u529f","trade_type":"JSAPI","transaction_id":"4200001117202108309423477306"}
[2021-08-30 18:31:33][debug] 

call back， return xml:<xml><return_code><![CDATA[SUCCESS]]></return_code><return_msg><![CDATA[OK]]></return_msg></xml>
[2021-08-30 18:40:52][debug] 

call back:{"appid":"wx68e97424cae0f3cc","bank_type":"OTHERS","cash_fee":"21400","fee_type":"CNY","is_subscribe":"N","mch_id":"1316656601","nonce_str":"z19tgsgiz9032veir5rt5yln73ac4tcg","openid":"oWTCLwfYjA-aA7xRUgOEIJf7J5j0","out_trade_no":"674","result_code":"SUCCESS","return_code":"SUCCESS","sign":"52A00671D77FB5480665D882C536324EAB35DD6290BF98ED3B1B9FDFA99413FE","time_end":"20210830184051","total_fee":"21400","trade_type":"JSAPI","transaction_id":"4200001138202108302872282095"}
[2021-08-30 18:40:52][debug] query:{"appid":"wx68e97424cae0f3cc","attach":[],"bank_type":"OTHERS","cash_fee":"21400","cash_fee_type":"CNY","fee_type":"CNY","is_subscribe":"N","mch_id":"1316656601","nonce_str":"XXgPmyQFV8sNAE8h","openid":"oWTCLwfYjA-aA7xRUgOEIJf7J5j0","out_trade_no":"674","result_code":"SUCCESS","return_code":"SUCCESS","return_msg":"OK","sign":"5EEEC1C41B036C36ED1A49E71A9432A853848DF8A86931BD8288360BEBED9F5B","time_end":"20210830184051","total_fee":"21400","trade_state":"SUCCESS","trade_state_desc":"\u652f\u4ed8\u6210\u529f","trade_type":"JSAPI","transaction_id":"4200001138202108302872282095"}
[2021-08-30 18:40:52][debug] 

call back， return xml:<xml><return_code><![CDATA[SUCCESS]]></return_code><return_msg><![CDATA[OK]]></return_msg></xml>
[2021-08-30 18:45:12][debug] 

call back:{"appid":"wx68e97424cae0f3cc","bank_type":"OTHERS","cash_fee":"11000","fee_type":"CNY","is_subscribe":"Y","mch_id":"1316656601","nonce_str":"tc3xduvc4929bx800ajv92zbawpj7c1n","openid":"oWTCLwU11faRUH_l20C-_xZypzFc","out_trade_no":"675","result_code":"SUCCESS","return_code":"SUCCESS","sign":"38A6F5954891CB35FFC086E9F0EA538535D5A322029D798B944FF820FF154F7F","time_end":"20210830184511","total_fee":"11000","trade_type":"JSAPI","transaction_id":"4200001215202108309589981842"}
[2021-08-30 18:45:12][debug] query:{"appid":"wx68e97424cae0f3cc","attach":[],"bank_type":"OTHERS","cash_fee":"11000","cash_fee_type":"CNY","fee_type":"CNY","is_subscribe":"Y","mch_id":"1316656601","nonce_str":"yCcCMhQaC2Zv11yP","openid":"oWTCLwU11faRUH_l20C-_xZypzFc","out_trade_no":"675","result_code":"SUCCESS","return_code":"SUCCESS","return_msg":"OK","sign":"C91D9AE55C237A10975D7482FA493BEE78843563B74CEA8E2B748B98687CB022","time_end":"20210830184511","total_fee":"11000","trade_state":"SUCCESS","trade_state_desc":"\u652f\u4ed8\u6210\u529f","trade_type":"JSAPI","transaction_id":"4200001215202108309589981842"}
[2021-08-30 18:45:12][debug] 

call back， return xml:<xml><return_code><![CDATA[SUCCESS]]></return_code><return_msg><![CDATA[OK]]></return_msg></xml>
[2021-08-30 18:50:18][debug] 

call back:{"appid":"wx68e97424cae0f3cc","bank_type":"OTHERS","cash_fee":"9300","fee_type":"CNY","is_subscribe":"Y","mch_id":"1316656601","nonce_str":"xjronis9r2rnjvp72pfm7haojyxn97hj","openid":"oWTCLwVwTqlq0b6LDNrPwsQ_tAgc","out_trade_no":"676","result_code":"SUCCESS","return_code":"SUCCESS","sign":"11176C18500AF6466FD2C17138FE87B591D1200835164A72654354610E8A15B6","time_end":"20210830185017","total_fee":"9300","trade_type":"JSAPI","transaction_id":"4200001232202108307778033066"}
[2021-08-30 18:50:18][debug] query:{"appid":"wx68e97424cae0f3cc","attach":[],"bank_type":"OTHERS","cash_fee":"9300","cash_fee_type":"CNY","fee_type":"CNY","is_subscribe":"Y","mch_id":"1316656601","nonce_str":"WNGHsZwtySkqev3B","openid":"oWTCLwVwTqlq0b6LDNrPwsQ_tAgc","out_trade_no":"676","result_code":"SUCCESS","return_code":"SUCCESS","return_msg":"OK","sign":"369F5FFC77D0AB538E94C5D74247782F4CC15E40E4541229B145F86632527F7B","time_end":"20210830185017","total_fee":"9300","trade_state":"SUCCESS","trade_state_desc":"\u652f\u4ed8\u6210\u529f","trade_type":"JSAPI","transaction_id":"4200001232202108307778033066"}
[2021-08-30 18:50:18][debug] 

call back， return xml:<xml><return_code><![CDATA[SUCCESS]]></return_code><return_msg><![CDATA[OK]]></return_msg></xml>
[2021-08-30 18:54:05][debug] 

call back:{"appid":"wx68e97424cae0f3cc","bank_type":"ICBC_DEBIT","cash_fee":"9100","fee_type":"CNY","is_subscribe":"Y","mch_id":"1316656601","nonce_str":"cih74nyq93jkcebxluq759p2s8b2fsq0","openid":"oWTCLwRGZZ1x-jLsPWbvx5tkIoVI","out_trade_no":"677","result_code":"SUCCESS","return_code":"SUCCESS","sign":"B18FBF09DD7C0DCDD7AD421570BBAE7C6DF0230C935030CD5FC9FD77856A933A","time_end":"20210830185405","total_fee":"9100","trade_type":"JSAPI","transaction_id":"4200001227202108304288023646"}
[2021-08-30 18:54:05][debug] query:{"appid":"wx68e97424cae0f3cc","attach":[],"bank_type":"ICBC_DEBIT","cash_fee":"9100","cash_fee_type":"CNY","fee_type":"CNY","is_subscribe":"Y","mch_id":"1316656601","nonce_str":"uZ2K2St0e1KmlzLy","openid":"oWTCLwRGZZ1x-jLsPWbvx5tkIoVI","out_trade_no":"677","result_code":"SUCCESS","return_code":"SUCCESS","return_msg":"OK","sign":"F5BE4F1C698F5E008E96494C3D3530BDC4D89FEA79CE2E943350CF5791AFFD71","time_end":"20210830185405","total_fee":"9100","trade_state":"SUCCESS","trade_state_desc":"\u652f\u4ed8\u6210\u529f","trade_type":"JSAPI","transaction_id":"4200001227202108304288023646"}
[2021-08-30 18:54:05][debug] 

call back， return xml:<xml><return_code><![CDATA[SUCCESS]]></return_code><return_msg><![CDATA[OK]]></return_msg></xml>
[2021-08-30 19:04:23][debug] 

call back:{"appid":"wx68e97424cae0f3cc","bank_type":"ICBC_DEBIT","cash_fee":"17000","fee_type":"CNY","is_subscribe":"Y","mch_id":"1316656601","nonce_str":"yro0jpr5rrqkhoh15kpyy3sensthyyv3","openid":"oWTCLwTRbI3I4u0xzTRZNM6QG5m4","out_trade_no":"678","result_code":"SUCCESS","return_code":"SUCCESS","sign":"297197F491A2009CCC14C7A4F29001AD70439E3538E0CADA0BB67EDA1456490D","time_end":"20210830190422","total_fee":"17000","trade_type":"JSAPI","transaction_id":"4200001124202108308121735159"}
[2021-08-30 19:04:23][debug] query:{"appid":"wx68e97424cae0f3cc","attach":[],"bank_type":"ICBC_DEBIT","cash_fee":"17000","cash_fee_type":"CNY","fee_type":"CNY","is_subscribe":"Y","mch_id":"1316656601","nonce_str":"CvVAXbYOUUKczYLO","openid":"oWTCLwTRbI3I4u0xzTRZNM6QG5m4","out_trade_no":"678","result_code":"SUCCESS","return_code":"SUCCESS","return_msg":"OK","sign":"AA942B30308DBF58A952B8836A30D48FBD201848553748BA77553ED3ABF43F8A","time_end":"20210830190422","total_fee":"17000","trade_state":"SUCCESS","trade_state_desc":"\u652f\u4ed8\u6210\u529f","trade_type":"JSAPI","transaction_id":"4200001124202108308121735159"}
[2021-08-30 19:04:23][debug] 

call back， return xml:<xml><return_code><![CDATA[SUCCESS]]></return_code><return_msg><![CDATA[OK]]></return_msg></xml>
[2021-08-30 19:28:42][debug] 

call back:{"appid":"wx68e97424cae0f3cc","bank_type":"ICBC_DEBIT","cash_fee":"8100","fee_type":"CNY","is_subscribe":"Y","mch_id":"1316656601","nonce_str":"uaerfp5fekb07j9kshg9ic2nete0na13","openid":"oWTCLwYVL9OXoresyo5w92Y-NEf8","out_trade_no":"680","result_code":"SUCCESS","return_code":"SUCCESS","sign":"BEEFC1F807DB510D90E8C04C3B9AE5AB5558E2A37D969EC84E3C27BA6348DC8B","time_end":"20210830192842","total_fee":"8100","trade_type":"JSAPI","transaction_id":"4200001235202108309988678382"}
[2021-08-30 19:28:43][debug] query:{"appid":"wx68e97424cae0f3cc","attach":[],"bank_type":"ICBC_DEBIT","cash_fee":"8100","cash_fee_type":"CNY","fee_type":"CNY","is_subscribe":"Y","mch_id":"1316656601","nonce_str":"b2u8DhFiBl7FwcLr","openid":"oWTCLwYVL9OXoresyo5w92Y-NEf8","out_trade_no":"680","result_code":"SUCCESS","return_code":"SUCCESS","return_msg":"OK","sign":"AAF4C7E403C0835293C8B573F229E8230277AE4DE5D03395A0C4240C13F182E2","time_end":"20210830192842","total_fee":"8100","trade_state":"SUCCESS","trade_state_desc":"\u652f\u4ed8\u6210\u529f","trade_type":"JSAPI","transaction_id":"4200001235202108309988678382"}
[2021-08-30 19:28:43][debug] 

call back， return xml:<xml><return_code><![CDATA[SUCCESS]]></return_code><return_msg><![CDATA[OK]]></return_msg></xml>
[2021-08-30 19:36:37][debug] 

call back:{"appid":"wx68e97424cae0f3cc","bank_type":"OTHERS","cash_fee":"1","fee_type":"CNY","is_subscribe":"Y","mch_id":"1316656601","nonce_str":"w3zlyna0golmsk1sa00v3z586kwkie4x","openid":"oWTCLwdVF2xSPf5z-43EYeV-Ex6w","out_trade_no":"682","result_code":"SUCCESS","return_code":"SUCCESS","sign":"00A05D90F079AFC4D944FFB426BA231915E7DCF7BF672EEF6D638892DAF576D7","time_end":"20210830193636","total_fee":"1","trade_type":"JSAPI","transaction_id":"4200001142202108308939196877"}
[2021-08-30 19:36:37][debug] query:{"appid":"wx68e97424cae0f3cc","attach":[],"bank_type":"OTHERS","cash_fee":"1","cash_fee_type":"CNY","fee_type":"CNY","is_subscribe":"Y","mch_id":"1316656601","nonce_str":"8hJKBO3eibc6xGGi","openid":"oWTCLwdVF2xSPf5z-43EYeV-Ex6w","out_trade_no":"682","result_code":"SUCCESS","return_code":"SUCCESS","return_msg":"OK","sign":"F871EEF67D3DC9620C77DB90F97B778CAC45051330E64486878EA53F09047D72","time_end":"20210830193636","total_fee":"1","trade_state":"SUCCESS","trade_state_desc":"\u652f\u4ed8\u6210\u529f","trade_type":"JSAPI","transaction_id":"4200001142202108308939196877"}
[2021-08-30 19:36:37][debug] 

call back， return xml:<xml><return_code><![CDATA[SUCCESS]]></return_code><return_msg><![CDATA[OK]]></return_msg></xml>
[2021-08-30 19:42:07][debug] 

call back:{"appid":"wx68e97424cae0f3cc","bank_type":"OTHERS","cash_fee":"9200","fee_type":"CNY","is_subscribe":"Y","mch_id":"1316656601","nonce_str":"bdg5p4fgex7b59zzvqf5pjsydgnc9qut","openid":"oWTCLwdQ-VcdDX6IVs7nNeirIkRo","out_trade_no":"683","result_code":"SUCCESS","return_code":"SUCCESS","sign":"AEC78683DF6298D854B1E49F9ED9531EF71116B73046C45E645D112F3825D000","time_end":"20210830194206","total_fee":"9200","trade_type":"JSAPI","transaction_id":"4200001235202108303097185633"}
[2021-08-30 19:42:07][debug] query:{"appid":"wx68e97424cae0f3cc","attach":[],"bank_type":"OTHERS","cash_fee":"9200","cash_fee_type":"CNY","fee_type":"CNY","is_subscribe":"Y","mch_id":"1316656601","nonce_str":"BCkSK3pk7fLMRT1Y","openid":"oWTCLwdQ-VcdDX6IVs7nNeirIkRo","out_trade_no":"683","result_code":"SUCCESS","return_code":"SUCCESS","return_msg":"OK","sign":"397AFC23131E79FC119A18A7D3E5A2A6C6D54CA41707C062105C5F6E3A61797F","time_end":"20210830194206","total_fee":"9200","trade_state":"SUCCESS","trade_state_desc":"\u652f\u4ed8\u6210\u529f","trade_type":"JSAPI","transaction_id":"4200001235202108303097185633"}
[2021-08-30 19:42:07][debug] 

call back， return xml:<xml><return_code><![CDATA[SUCCESS]]></return_code><return_msg><![CDATA[OK]]></return_msg></xml>
[2021-08-30 19:56:18][debug] 

call back:{"appid":"wx68e97424cae0f3cc","bank_type":"ICBC_DEBIT","cash_fee":"23200","fee_type":"CNY","is_subscribe":"Y","mch_id":"1316656601","nonce_str":"607xusm6dfwpymmk4vjbw2fg50nbb657","openid":"oWTCLwW11yDQNbsuWwRvSqyd37ec","out_trade_no":"686","result_code":"SUCCESS","return_code":"SUCCESS","sign":"FEDC93A83A762D939D5EA1DD7BB4A4568AF4A59377530592A5A6A651B7F82B11","time_end":"20210830195617","total_fee":"23200","trade_type":"JSAPI","transaction_id":"4200001236202108303192310995"}
[2021-08-30 19:56:18][debug] query:{"appid":"wx68e97424cae0f3cc","attach":[],"bank_type":"ICBC_DEBIT","cash_fee":"23200","cash_fee_type":"CNY","fee_type":"CNY","is_subscribe":"Y","mch_id":"1316656601","nonce_str":"10ROtA9nGLRTqh2N","openid":"oWTCLwW11yDQNbsuWwRvSqyd37ec","out_trade_no":"686","result_code":"SUCCESS","return_code":"SUCCESS","return_msg":"OK","sign":"BABB18D8362058DDFCFAB7256AFE6084FEDEE160ABF895C8F1C055C9481C9697","time_end":"20210830195617","total_fee":"23200","trade_state":"SUCCESS","trade_state_desc":"\u652f\u4ed8\u6210\u529f","trade_type":"JSAPI","transaction_id":"4200001236202108303192310995"}
[2021-08-30 19:56:18][debug] 

call back， return xml:<xml><return_code><![CDATA[SUCCESS]]></return_code><return_msg><![CDATA[OK]]></return_msg></xml>
[2021-08-30 20:02:02][debug] 

call back:{"appid":"wx68e97424cae0f3cc","bank_type":"OTHERS","cash_fee":"15300","fee_type":"CNY","is_subscribe":"Y","mch_id":"1316656601","nonce_str":"am9vhys0scucbj4t4ymedgej5pp86yya","openid":"oWTCLwUu5ZrKxpy9hNWQHAbUb0cg","out_trade_no":"687","result_code":"SUCCESS","return_code":"SUCCESS","sign":"101EDA3AC3AA035A15C4EE369E0AA170CAF7F92E5211F74ABD39155358A1E0F1","time_end":"20210830200201","total_fee":"15300","trade_type":"JSAPI","transaction_id":"4200001145202108304152106247"}
[2021-08-30 20:02:02][debug] query:{"appid":"wx68e97424cae0f3cc","attach":[],"bank_type":"OTHERS","cash_fee":"15300","cash_fee_type":"CNY","fee_type":"CNY","is_subscribe":"Y","mch_id":"1316656601","nonce_str":"b9XDHzcl3lGAsSLU","openid":"oWTCLwUu5ZrKxpy9hNWQHAbUb0cg","out_trade_no":"687","result_code":"SUCCESS","return_code":"SUCCESS","return_msg":"OK","sign":"D6DF8CF925CA435262474AB1AFE438B3E5CBD095277BE40E75EF17E9B5427DC6","time_end":"20210830200201","total_fee":"15300","trade_state":"SUCCESS","trade_state_desc":"\u652f\u4ed8\u6210\u529f","trade_type":"JSAPI","transaction_id":"4200001145202108304152106247"}
[2021-08-30 20:02:02][debug] 

call back， return xml:<xml><return_code><![CDATA[SUCCESS]]></return_code><return_msg><![CDATA[OK]]></return_msg></xml>
[2021-08-30 20:03:44][debug] 

call back:{"appid":"wx68e97424cae0f3cc","bank_type":"ICBC_DEBIT","cash_fee":"16000","fee_type":"CNY","is_subscribe":"Y","mch_id":"1316656601","nonce_str":"hegqr6scpdecp5r6n2m36aojh7c18i42","openid":"oWTCLwZOUtFbdL81eF82rdQqAUb0","out_trade_no":"688","result_code":"SUCCESS","return_code":"SUCCESS","sign":"0786A48ED42161494300A93DF8A1DB7D0408D55C3E4F746BB20BEC4B0E11D81C","time_end":"20210830200344","total_fee":"16000","trade_type":"JSAPI","transaction_id":"4200001204202108303624359549"}
[2021-08-30 20:03:45][debug] query:{"appid":"wx68e97424cae0f3cc","attach":[],"bank_type":"ICBC_DEBIT","cash_fee":"16000","cash_fee_type":"CNY","fee_type":"CNY","is_subscribe":"Y","mch_id":"1316656601","nonce_str":"ZUYDwqe11THYX4vQ","openid":"oWTCLwZOUtFbdL81eF82rdQqAUb0","out_trade_no":"688","result_code":"SUCCESS","return_code":"SUCCESS","return_msg":"OK","sign":"60E33471F89D4737BBFA8295A0BBF9C3B9FF27D03D66349C13E7F56830FC8D7D","time_end":"20210830200344","total_fee":"16000","trade_state":"SUCCESS","trade_state_desc":"\u652f\u4ed8\u6210\u529f","trade_type":"JSAPI","transaction_id":"4200001204202108303624359549"}
[2021-08-30 20:03:45][debug] 

call back， return xml:<xml><return_code><![CDATA[SUCCESS]]></return_code><return_msg><![CDATA[OK]]></return_msg></xml>
[2021-08-30 20:22:06][debug] 

call back:{"appid":"wx68e97424cae0f3cc","bank_type":"SCB_DEBIT","cash_fee":"8950","fee_type":"CNY","is_subscribe":"Y","mch_id":"1316656601","nonce_str":"tp1tuksilklvo159recm9kng1qh0d5zu","openid":"oWTCLwdAPMCutkMes-rLSzdwk-4g","out_trade_no":"690","result_code":"SUCCESS","return_code":"SUCCESS","sign":"F771075E049FD517CF88713D636C0690508AEE706A1D21AD2167FA46CB31AC72","time_end":"20210830202205","total_fee":"8950","trade_type":"JSAPI","transaction_id":"4200001215202108306196200400"}
[2021-08-30 20:22:06][debug] query:{"appid":"wx68e97424cae0f3cc","attach":[],"bank_type":"SCB_DEBIT","cash_fee":"8950","cash_fee_type":"CNY","fee_type":"CNY","is_subscribe":"Y","mch_id":"1316656601","nonce_str":"fN3lRlA3T4l7Vgeo","openid":"oWTCLwdAPMCutkMes-rLSzdwk-4g","out_trade_no":"690","result_code":"SUCCESS","return_code":"SUCCESS","return_msg":"OK","sign":"FEE557C5009A3BE65C4A1E197D72428EC4C475CEF34C48F835486748B4385838","time_end":"20210830202205","total_fee":"8950","trade_state":"SUCCESS","trade_state_desc":"\u652f\u4ed8\u6210\u529f","trade_type":"JSAPI","transaction_id":"4200001215202108306196200400"}
[2021-08-30 20:22:06][debug] 

call back， return xml:<xml><return_code><![CDATA[SUCCESS]]></return_code><return_msg><![CDATA[OK]]></return_msg></xml>
[2021-08-30 20:37:17][debug] 

call back:{"appid":"wx68e97424cae0f3cc","bank_type":"OTHERS","cash_fee":"13400","fee_type":"CNY","is_subscribe":"Y","mch_id":"1316656601","nonce_str":"vauv10fpgr14x1ppb736ldd75dqpuc04","openid":"oWTCLwRyFbw1uYBHYMq_BqeXRwug","out_trade_no":"691","result_code":"SUCCESS","return_code":"SUCCESS","sign":"A86BF8F4CEC84A1507F0121508A8D505F3EEFA624E3252715AF34124B55E07D7","time_end":"20210830203716","total_fee":"13400","trade_type":"JSAPI","transaction_id":"4200001205202108302156303271"}
[2021-08-30 20:37:17][debug] query:{"appid":"wx68e97424cae0f3cc","attach":[],"bank_type":"OTHERS","cash_fee":"13400","cash_fee_type":"CNY","fee_type":"CNY","is_subscribe":"Y","mch_id":"1316656601","nonce_str":"UGVZFqnL2I8TQxWf","openid":"oWTCLwRyFbw1uYBHYMq_BqeXRwug","out_trade_no":"691","result_code":"SUCCESS","return_code":"SUCCESS","return_msg":"OK","sign":"265C72C783B44B54125CE1A760A771258CFB945C89CB9EC466BBCF2A662DCD21","time_end":"20210830203716","total_fee":"13400","trade_state":"SUCCESS","trade_state_desc":"\u652f\u4ed8\u6210\u529f","trade_type":"JSAPI","transaction_id":"4200001205202108302156303271"}
[2021-08-30 20:37:17][debug] 

call back， return xml:<xml><return_code><![CDATA[SUCCESS]]></return_code><return_msg><![CDATA[OK]]></return_msg></xml>
